 --- OK.
 Match tree built with 216 nodes.

PDDL problem description loaded: 
	Domain: SOKOBAN
	Problem: SOKOBAN01
	#Actions: 216
	#Fluents: 138
Landmarks found: 6
Starting search with IW (time budget is 60 secs)...
rel_plan size: 34
#RP_fluents 54
Caption
{#goals, #UNnachieved,  #Achieved} -> IW(max_w)

{6/5/0}:IW(1) -> [2][3][4][5][6][7][8][9][10][11][12][13][14][15][16][17][18][19][20][21][22][23][24][25][26][27][28][29][30][31]rel_plan size: 36
#RP_fluents 54
{6/5/1}:IW(1) -> [2][3][4][5][6][7][8][9][10][11][12][13][14][15][16][17][18][19][20][21][22][23][24][25][26][27][28][29][30][31][32]rel_plan size: 10
#RP_fluents 14
{6/4/2}:IW(1) -> [2][3][4][5][6][7][8][9][10][11][12][13][14][15][16][17][18][19][20][21][22][23][24][25][26];; NOT I-REACHABLE ;;
Total time: 0.015625
Nodes generated during search: 2572
Nodes expanded during search: 2483
IW search completed
Starting search with BFS(novel,land,h_add)...
--[4294967295 / 388]--
--[4 / 388]--
--[4 / 315]--
--[4 / 304]--
--[4 / 289]--
--[4 / 234]--
--[4 / 185]--
--[4 / 142]--
--[4 / 105]--
--[4 / 74]--
--[4 / 49]--
--[4 / 30]--
--[4 / 17]--
--[4 / 14]--
--[4 / 10]--
--[4 / 9]--
--[3 / 9]--
--[3 / 6]--
--[3 / 4]--
--[2 / 4]--
--[2 / 3]--
--[1 / 3]--
--[1 / 2]--
--[1 / 1]--
--[1 / 0]--
--[0 / 0]--
Total time: 1498.14
Nodes generated during search: 78563957
Nodes expanded during search: 31354516
Plan found with cost: 346
BFS search completed
