 --- OK.
 Match tree built with 274 nodes.

PDDL problem description loaded: 
	Domain: SOKOBAN
	Problem: SOKOBAN03
	#Actions: 274
	#Fluents: 166
Landmarks found: 11
Starting search with IW (time budget is 60 secs)...
rel_plan size: 38
#RP_fluents 51
Caption
{#goals, #UNnachieved,  #Achieved} -> IW(max_w)

{11/7/0}:IW(1) -> [2][3][4][5][6][7][8][9][10][11][12][13][14][15][16][17][18]rel_plan size: 33
#RP_fluents 48
{11/7/1}:IW(1) -> [2][3][4][5][6][7][8][9][10][11][12][13][14][15][16][17][18][19][20]rel_plan size: 15
#RP_fluents 23
{11/7/2}:IW(1) -> [2][3][4][5][6][7][8][9][10][11][12][13][14][15][16][17][18][19][20][21][22][23][24][25][26][27][28][29][30][31][32][33][34][35][36][37][38][39][40][41][42];; NOT I-REACHABLE ;;
Total time: 0
Nodes generated during search: 2057
Nodes expanded during search: 1946
IW search completed
Starting search with BFS(novel,land,h_add)...
--[4294967295 / 1120]--
--[12 / 1120]--
--[12 / 1042]--
--[12 / 964]--
--[12 / 886]--
--[12 / 808]--
--[12 / 730]--
--[12 / 652]--
--[12 / 574]--
--[12 / 496]--
--[12 / 418]--
--[12 / 340]--
--[12 / 262]--
--[12 / 195]--
--[12 / 139]--
--[12 / 94]--
--[12 / 60]--
--[12 / 46]--
--[12 / 44]--
--[12 / 33]--
--[12 / 32]--
--[10 / 32]--
--[10 / 26]--
--[10 / 25]--
--[10 / 24]--
--[10 / 20]--
--[9 / 20]--
--[9 / 18]--
--[8 / 18]--
--[7 / 18]--
--[7 / 15]--
--[6 / 15]--
--[6 / 13]--
--[6 / 12]--
--[6 / 10]--
--[5 / 10]--
--[3 / 10]--
--[3 / 9]--
--[3 / 7]--
--[3 / 6]--
--[3 / 5]--
--[3 / 3]--
--[2 / 3]--
