 --- OK.
 Match tree built with 192 nodes.

PDDL problem description loaded: 
	Domain: N8PUZZLE01-TYPING-GEN
	Problem: N8PUZZLE01-TYPING-GEN
	#Actions: 192
	#Fluents: 81
Landmarks found: 9
Starting search with IW (time budget is 60 secs)...
rel_plan size: 23
#RP_fluents 32
Caption
{#goals, #UNnachieved,  #Achieved} -> IW(max_w)

{9/9/0}:IW(1) -> rel_plan size: 23
#RP_fluents 32
{9/8/1}:IW(1) -> [2][3][4][5][6][7][8][9][10]rel_plan size: 21
#RP_fluents 30
{9/7/2}:IW(1) -> [2][3][4][5][6][7][8][9][10][11][12][13][14][15][16][17][18][19]rel_plan size: 12
#RP_fluents 18
{9/6/3}:IW(1) -> [2][3][4][5][6][7][8][9][10][11][12][13][14][15]rel_plan size: 5
#RP_fluents 9
{9/4/5}:IW(1) -> [2][3][4][5][6][7][8][9][10]rel_plan size: 0
#RP_fluents 0Plan found with cost: 50
Total time: 0.005423
Nodes generated during search: 1162
Nodes expanded during search: 1058
IW search completed
