INFO     Running translator.
INFO     translator stdin: None
INFO     translator time limit: None
INFO     translator memory limit: None
INFO     translator command line string: /usr/bin/python3 /home/bo198214/workspace/planner/downward/builds/release/bin/translate/translate.py /home/bo198214/workspace/slide_puzzle_gen/sokoban-domain.pddl /home/bo198214/workspace/slide_puzzle_gen/sokoban/sokoban05-problem.pddl --sas-file /home/bo198214/workspace/slide_puzzle_gen/solve-downward/sokoban/sokoban05.sas
Parsing...
Parsing: [0.000s CPU, 0.004s wall-clock]
Normalizing task... [0.000s CPU, 0.000s wall-clock]
Instantiating...
Generating Datalog program... [0.000s CPU, 0.001s wall-clock]
Normalizing Datalog program...
Normalizing Datalog program: [0.000s CPU, 0.004s wall-clock]
Preparing model... [0.010s CPU, 0.003s wall-clock]
Generated 57 rules.
Computing model... [0.050s CPU, 0.058s wall-clock]
2190 relevant atoms
3696 auxiliary atoms
5886 final queue length
7809 total queue pushes
Completing instantiation... [0.080s CPU, 0.066s wall-clock]
Instantiating: [0.140s CPU, 0.133s wall-clock]
Computing fact groups...
Finding invariants...
6 initial candidates
Finding invariants: [0.000s CPU, 0.004s wall-clock]
Checking invariant weight... [0.000s CPU, 0.000s wall-clock]
Instantiating groups... [0.000s CPU, 0.000s wall-clock]
Collecting mutex groups... [0.000s CPU, 0.000s wall-clock]
Choosing groups...
442 uncovered facts
Choosing groups: [0.000s CPU, 0.000s wall-clock]
Building translation key... [0.000s CPU, 0.002s wall-clock]
Computing fact groups: [0.000s CPU, 0.010s wall-clock]
Building STRIPS to SAS dictionary... [0.000s CPU, 0.001s wall-clock]
Building dictionary for full mutex groups... [0.000s CPU, 0.001s wall-clock]
Building mutex information...
Building mutex information: [0.000s CPU, 0.000s wall-clock]
Translating task...
Processing axioms...
Simplifying axioms... [0.000s CPU, 0.000s wall-clock]
Translator axioms removed by simplifying: 0
Computing negative axioms... [0.000s CPU, 0.000s wall-clock]
Processing axioms: [0.010s CPU, 0.003s wall-clock]
Translating task: [0.060s CPU, 0.052s wall-clock]
1601 effect conditions simplified
0 implied preconditions added
Detecting unreachable propositions...
129 operators removed
0 axioms removed
168 propositions removed
Detecting unreachable propositions: [0.030s CPU, 0.024s wall-clock]
Reordering and filtering variables...
358 of 358 variables necessary.
0 of 0 mutex groups necessary.
952 of 952 operators necessary.
0 of 0 axiom rules necessary.
Reordering and filtering variables: [0.020s CPU, 0.021s wall-clock]
Translator variables: 358
Translator derived variables: 0
Translator facts: 716
Translator goal facts: 12
Translator mutex groups: 0
Translator total mutex groups size: 0
Translator operators: 952
Translator axioms: 0
Translator task size: 7058
Translator peak memory: 0 KB
Writing output... [0.010s CPU, 0.023s wall-clock]
Done! [0.260s CPU, 0.272s wall-clock]
translate exit code: 0

INFO     Running search (release).
INFO     search stdin: /home/bo198214/workspace/slide_puzzle_gen/solve-downward/sokoban/sokoban05.sas
INFO     search time limit: None
INFO     search memory limit: None
INFO     search command line string: /home/bo198214/workspace/planner/downward/builds/release/bin/downward --if-unit-cost --evaluator 'hlm=lmcount(lm_reasonable_orders_hps(lm_rhw()),pref=true)' --evaluator 'hff=ff()' --search 'iterated([lazy_greedy([hff,hlm],preferred=[hff,hlm]),lazy_wastar([hff,hlm],preferred=[hff,hlm],w=5),lazy_wastar([hff,hlm],preferred=[hff,hlm],w=3),lazy_wastar([hff,hlm],preferred=[hff,hlm],w=2),lazy_wastar([hff,hlm],preferred=[hff,hlm],w=1)],repeat_last=true,continue_on_fail=true)' --if-non-unit-cost --evaluator 'hlm1=lmcount(lm_reasonable_orders_hps(lm_rhw()),transform=adapt_costs(one),pref=true)' --evaluator 'hff1=ff(transform=adapt_costs(one))' --evaluator 'hlm2=lmcount(lm_reasonable_orders_hps(lm_rhw()),transform=adapt_costs(plusone),pref=true)' --evaluator 'hff2=ff(transform=adapt_costs(plusone))' --search 'iterated([lazy_greedy([hff1,hlm1],preferred=[hff1,hlm1],cost_type=one,reopen_closed=false),lazy_greedy([hff2,hlm2],preferred=[hff2,hlm2],reopen_closed=false),lazy_wastar([hff2,hlm2],preferred=[hff2,hlm2],w=5),lazy_wastar([hff2,hlm2],preferred=[hff2,hlm2],w=3),lazy_wastar([hff2,hlm2],preferred=[hff2,hlm2],w=2),lazy_wastar([hff2,hlm2],preferred=[hff2,hlm2],w=1)],repeat_last=true,continue_on_fail=true)' --always --internal-plan-file /home/bo198214/workspace/slide_puzzle_gen/solve-downward/sokoban/sokoban05.txt < /home/bo198214/workspace/slide_puzzle_gen/solve-downward/sokoban/sokoban05.sas
[t=0s, 0 KB] reading input...
[t=0.015625s, 0 KB] done reading input!
[t=0.015625s, 0 KB] Initializing landmark count heuristic...
[t=0.015625s, 0 KB] Generating landmark graph...
[t=0.015625s, 0 KB] Building a landmark graph with reasonable orders.
[t=0.015625s, 0 KB] Initializing Exploration...
[t=0.015625s, 0 KB] Generating landmarks using the RPG/SAS+ approach
Removed 0 reasonable or obedient reasonable orders
[t=0.03125s, 0 KB] Landmarks generation time: 0.015625s
[t=0.03125s, 0 KB] Discovered 54 landmarks, of which 5 are disjunctive and 0 are conjunctive.
[t=0.03125s, 0 KB] 229 edges
[t=0.03125s, 0 KB] approx. reasonable orders
[t=0.03125s, 0 KB] approx. obedient reasonable orders
[t=0.03125s, 0 KB] Removed 0 reasonable or obedient reasonable orders
[t=0.03125s, 0 KB] Landmarks generation time: 0.015625s
[t=0.03125s, 0 KB] Discovered 54 landmarks, of which 5 are disjunctive and 0 are conjunctive.
[t=0.03125s, 0 KB] 229 edges
[t=0.03125s, 0 KB] Landmark graph generation time: 0.015625s
[t=0.03125s, 0 KB] Landmark graph contains 54 landmarks, of which 5 are disjunctive and 0 are conjunctive.
[t=0.03125s, 0 KB] Landmark graph contains 229 orderings.
[t=0.03125s, 0 KB] Simplifying 2712 unary operators... done! [2712 unary operators]
[t=0.03125s, 0 KB] time to simplify: 0s
[t=0.03125s, 0 KB] Initializing additive heuristic...
[t=0.03125s, 0 KB] Initializing FF heuristic...
[t=0.03125s, 0 KB] Building successor generator...done!
[t=0.03125s, 0 KB] peak memory difference for successor generator creation: 0 KB
[t=0.03125s, 0 KB] time for successor generation creation: 0s
[t=0.03125s, 0 KB] Variables: 358
[t=0.03125s, 0 KB] FactPairs: 716
[t=0.03125s, 0 KB] Bytes per state: 48
[t=0.03125s, 0 KB] Building successor generator...done!
[t=0.03125s, 0 KB] peak memory difference for successor generator creation: 0 KB
[t=0.03125s, 0 KB] time for successor generation creation: 0s
[t=0.03125s, 0 KB] Variables: 358
[t=0.03125s, 0 KB] FactPairs: 716
[t=0.03125s, 0 KB] Bytes per state: 48
[t=0.03125s, 0 KB] Starting search: lazy_greedy(list(hff, hlm), preferred = list(hff, hlm))
[t=0.03125s, 0 KB] Conducting lazy best first search, (real) bound = 2147483647
[t=0.03125s, 0 KB] 25 initial landmarks, 12 goal landmarks
[t=0.03125s, 0 KB] New best heuristic value for lmcount(lm_reasonable_orders_hps(lm_rhw), pref = true): 29
[t=0.03125s, 0 KB] New best heuristic value for ff: 37
[t=0.03125s, 0 KB] g=0, 1 evaluated, 0 expanded
[t=0.03125s, 0 KB] Initial heuristic value for lmcount(lm_reasonable_orders_hps(lm_rhw), pref = true): 29
[t=0.03125s, 0 KB] Initial heuristic value for ff: 37
[t=0.03125s, 0 KB] New best heuristic value for ff: 36
[t=0.03125s, 0 KB] g=1, 2 evaluated, 1 expanded
[t=0.03125s, 0 KB] New best heuristic value for ff: 35
[t=0.03125s, 0 KB] g=2, 3 evaluated, 2 expanded
[t=0.03125s, 0 KB] New best heuristic value for ff: 34
[t=0.03125s, 0 KB] g=3, 4 evaluated, 3 expanded
[t=0.03125s, 0 KB] New best heuristic value for lmcount(lm_reasonable_orders_hps(lm_rhw), pref = true): 28
[t=0.03125s, 0 KB] New best heuristic value for ff: 33
[t=0.03125s, 0 KB] g=4, 5 evaluated, 4 expanded
[t=0.03125s, 0 KB] New best heuristic value for lmcount(lm_reasonable_orders_hps(lm_rhw), pref = true): 27
[t=0.03125s, 0 KB] New best heuristic value for ff: 32
[t=0.03125s, 0 KB] g=5, 6 evaluated, 5 expanded
[t=0.03125s, 0 KB] New best heuristic value for lmcount(lm_reasonable_orders_hps(lm_rhw), pref = true): 25
[t=0.03125s, 0 KB] New best heuristic value for ff: 30
[t=0.03125s, 0 KB] g=6, 7 evaluated, 6 expanded
[t=0.03125s, 0 KB] New best heuristic value for lmcount(lm_reasonable_orders_hps(lm_rhw), pref = true): 23
[t=0.03125s, 0 KB] New best heuristic value for ff: 28
[t=0.03125s, 0 KB] g=7, 8 evaluated, 7 expanded
[t=0.03125s, 0 KB] New best heuristic value for lmcount(lm_reasonable_orders_hps(lm_rhw), pref = true): 21
[t=0.03125s, 0 KB] New best heuristic value for ff: 26
[t=0.03125s, 0 KB] g=8, 9 evaluated, 8 expanded
[t=0.03125s, 0 KB] New best heuristic value for lmcount(lm_reasonable_orders_hps(lm_rhw), pref = true): 19
[t=0.03125s, 0 KB] g=9, 10 evaluated, 9 expanded
[t=0.03125s, 0 KB] New best heuristic value for ff: 24
[t=0.03125s, 0 KB] g=10, 11 evaluated, 10 expanded
[t=0.03125s, 0 KB] New best heuristic value for ff: 23
[t=0.03125s, 0 KB] g=11, 12 evaluated, 11 expanded
[t=0.03125s, 0 KB] New best heuristic value for ff: 22
[t=0.03125s, 0 KB] g=10, 13 evaluated, 12 expanded
[t=0.03125s, 0 KB] New best heuristic value for lmcount(lm_reasonable_orders_hps(lm_rhw), pref = true): 17
[t=0.03125s, 0 KB] g=10, 14 evaluated, 13 expanded
[t=0.03125s, 0 KB] New best heuristic value for ff: 18
[t=0.03125s, 0 KB] g=11, 16 evaluated, 15 expanded
[t=0.03125s, 0 KB] New best heuristic value for lmcount(lm_reasonable_orders_hps(lm_rhw), pref = true): 16
[t=0.03125s, 0 KB] g=11, 19 evaluated, 18 expanded
[t=0.03125s, 0 KB] New best heuristic value for ff: 17
[t=0.03125s, 0 KB] g=12, 20 evaluated, 19 expanded
[t=0.03125s, 0 KB] New best heuristic value for lmcount(lm_reasonable_orders_hps(lm_rhw), pref = true): 15
[t=0.03125s, 0 KB] New best heuristic value for ff: 16
[t=0.03125s, 0 KB] g=12, 23 evaluated, 22 expanded
[t=0.03125s, 0 KB] New best heuristic value for lmcount(lm_reasonable_orders_hps(lm_rhw), pref = true): 14
[t=0.03125s, 0 KB] g=14, 28 evaluated, 27 expanded
[t=0.046875s, 0 KB] New best heuristic value for lmcount(lm_reasonable_orders_hps(lm_rhw), pref = true): 13
[t=0.046875s, 0 KB] g=18, 48 evaluated, 47 expanded
[t=0.046875s, 0 KB] New best heuristic value for lmcount(lm_reasonable_orders_hps(lm_rhw), pref = true): 12
[t=0.046875s, 0 KB] g=40, 245 evaluated, 244 expanded
[t=0.046875s, 0 KB] New best heuristic value for ff: 15
[t=0.046875s, 0 KB] g=39, 252 evaluated, 251 expanded
[t=0.0625s, 0 KB] New best heuristic value for lmcount(lm_reasonable_orders_hps(lm_rhw), pref = true): 11
[t=0.0625s, 0 KB] g=45, 276 evaluated, 275 expanded
[t=0.0625s, 0 KB] New best heuristic value for lmcount(lm_reasonable_orders_hps(lm_rhw), pref = true): 10
[t=0.0625s, 0 KB] g=46, 283 evaluated, 282 expanded
[t=0.140625s, 0 KB] New best heuristic value for ff: 14
[t=0.140625s, 0 KB] g=81, 1686 evaluated, 1685 expanded
[t=0.140625s, 0 KB] New best heuristic value for lmcount(lm_reasonable_orders_hps(lm_rhw), pref = true): 9
[t=0.140625s, 0 KB] g=82, 1688 evaluated, 1687 expanded
[t=1.6875s, 0 KB] New best heuristic value for lmcount(lm_reasonable_orders_hps(lm_rhw), pref = true): 8
[t=1.6875s, 0 KB] New best heuristic value for ff: 13
[t=1.6875s, 0 KB] g=128, 26235 evaluated, 26113 expanded
[t=2s, 0 KB] New best heuristic value for lmcount(lm_reasonable_orders_hps(lm_rhw), pref = true): 7
[t=2s, 0 KB] New best heuristic value for ff: 11
[t=2s, 0 KB] g=194, 31657 evaluated, 31468 expanded
[t=2.125s, 0 KB] New best heuristic value for ff: 10
[t=2.125s, 0 KB] g=194, 33899 evaluated, 33669 expanded
[t=54.3281s, 0 KB] New best heuristic value for lmcount(lm_reasonable_orders_hps(lm_rhw), pref = true): 6
[t=54.3281s, 0 KB] g=240, 913467 evaluated, 909500 expanded
[t=54.3281s, 0 KB] New best heuristic value for ff: 9
[t=54.3281s, 0 KB] g=241, 913470 evaluated, 909503 expanded
[t=54.375s, 0 KB] New best heuristic value for ff: 8
[t=54.375s, 0 KB] g=242, 914027 evaluated, 910019 expanded
[t=56.6094s, 0 KB] New best heuristic value for ff: 7
[t=56.6094s, 0 KB] g=254, 954958 evaluated, 950520 expanded
[t=88.5312s, 0 KB] New best heuristic value for lmcount(lm_reasonable_orders_hps(lm_rhw), pref = true): 5
[t=88.5312s, 0 KB] g=300, 1511970 evaluated, 1503605 expanded
[t=90.5469s, 0 KB] New best heuristic value for ff: 6
[t=90.5469s, 0 KB] g=309, 1544564 evaluated, 1535909 expanded
[t=99.7344s, 0 KB] New best heuristic value for ff: 5
[t=99.7344s, 0 KB] g=323, 1685936 evaluated, 1676225 expanded
[t=2411.69s, 0 KB] New best heuristic value for lmcount(lm_reasonable_orders_hps(lm_rhw), pref = true): 4
[t=2411.69s, 0 KB] g=416, 38756289 evaluated, 38586789 expanded
[t=2415.98s, 0 KB] New best heuristic value for ff: 4
[t=2415.98s, 0 KB] g=449, 38822779 evaluated, 38652672 expanded
Peak memory: 0 KB
caught signal 6 -- exiting
search exit code: -6

Driver aborting after search
