INFO     Running translator.
INFO     translator stdin: None
INFO     translator time limit: None
INFO     translator memory limit: None
INFO     translator command line string: /usr/bin/python3 /home/bo198214/workspace/planner/downward/builds/release/bin/translate/translate.py /home/bo198214/workspace/slide_puzzle_gen/sokoban-domain.pddl /home/bo198214/workspace/slide_puzzle_gen/sokoban/sokoban02-problem.pddl --sas-file /home/bo198214/workspace/slide_puzzle_gen/solve-downward/sokoban/sokoban02.sas
Parsing...
Parsing: [0.020s CPU, 0.005s wall-clock]
Normalizing task... [0.000s CPU, 0.000s wall-clock]
Instantiating...
Generating Datalog program... [0.000s CPU, 0.000s wall-clock]
Normalizing Datalog program...
Normalizing Datalog program: [0.000s CPU, 0.004s wall-clock]
Preparing model... [0.000s CPU, 0.001s wall-clock]
Generated 57 rules.
Computing model... [0.030s CPU, 0.030s wall-clock]
1389 relevant atoms
2364 auxiliary atoms
3753 final queue length
4924 total queue pushes
Completing instantiation... [0.030s CPU, 0.023s wall-clock]
Instantiating: [0.060s CPU, 0.059s wall-clock]
Computing fact groups...
Finding invariants...
6 initial candidates
Finding invariants: [0.000s CPU, 0.003s wall-clock]
Checking invariant weight... [0.000s CPU, 0.000s wall-clock]
Instantiating groups... [0.000s CPU, 0.000s wall-clock]
Collecting mutex groups... [0.000s CPU, 0.000s wall-clock]
Choosing groups...
280 uncovered facts
Choosing groups: [0.000s CPU, 0.000s wall-clock]
Building translation key... [0.000s CPU, 0.001s wall-clock]
Computing fact groups: [0.000s CPU, 0.006s wall-clock]
Building STRIPS to SAS dictionary... [0.000s CPU, 0.000s wall-clock]
Building dictionary for full mutex groups... [0.000s CPU, 0.000s wall-clock]
Building mutex information...
Building mutex information: [0.000s CPU, 0.000s wall-clock]
Translating task...
Processing axioms...
Simplifying axioms... [0.000s CPU, 0.000s wall-clock]
Translator axioms removed by simplifying: 0
Computing negative axioms... [0.000s CPU, 0.000s wall-clock]
Processing axioms: [0.000s CPU, 0.001s wall-clock]
Translating task: [0.040s CPU, 0.025s wall-clock]
842 effect conditions simplified
0 implied preconditions added
Detecting unreachable propositions...
115 operators removed
0 axioms removed
192 propositions removed
Detecting unreachable propositions: [0.000s CPU, 0.010s wall-clock]
Reordering and filtering variables...
181 of 184 variables necessary.
0 of 0 mutex groups necessary.
455 of 458 operators necessary.
0 of 0 axiom rules necessary.
Reordering and filtering variables: [0.010s CPU, 0.007s wall-clock]
Translator variables: 181
Translator derived variables: 0
Translator facts: 362
Translator goal facts: 10
Translator mutex groups: 0
Translator total mutex groups size: 0
Translator operators: 455
Translator axioms: 0
Translator task size: 3374
Translator peak memory: 0 KB
Writing output... [0.000s CPU, 0.008s wall-clock]
Done! [0.130s CPU, 0.122s wall-clock]
translate exit code: 0

INFO     Running search (release).
INFO     search stdin: /home/bo198214/workspace/slide_puzzle_gen/solve-downward/sokoban/sokoban02.sas
INFO     search time limit: None
INFO     search memory limit: None
INFO     search command line string: /home/bo198214/workspace/planner/downward/builds/release/bin/downward --if-unit-cost --evaluator 'hlm=lmcount(lm_reasonable_orders_hps(lm_rhw()),pref=true)' --evaluator 'hff=ff()' --search 'iterated([lazy_greedy([hff,hlm],preferred=[hff,hlm]),lazy_wastar([hff,hlm],preferred=[hff,hlm],w=5),lazy_wastar([hff,hlm],preferred=[hff,hlm],w=3),lazy_wastar([hff,hlm],preferred=[hff,hlm],w=2),lazy_wastar([hff,hlm],preferred=[hff,hlm],w=1)],repeat_last=true,continue_on_fail=true)' --if-non-unit-cost --evaluator 'hlm1=lmcount(lm_reasonable_orders_hps(lm_rhw()),transform=adapt_costs(one),pref=true)' --evaluator 'hff1=ff(transform=adapt_costs(one))' --evaluator 'hlm2=lmcount(lm_reasonable_orders_hps(lm_rhw()),transform=adapt_costs(plusone),pref=true)' --evaluator 'hff2=ff(transform=adapt_costs(plusone))' --search 'iterated([lazy_greedy([hff1,hlm1],preferred=[hff1,hlm1],cost_type=one,reopen_closed=false),lazy_greedy([hff2,hlm2],preferred=[hff2,hlm2],reopen_closed=false),lazy_wastar([hff2,hlm2],preferred=[hff2,hlm2],w=5),lazy_wastar([hff2,hlm2],preferred=[hff2,hlm2],w=3),lazy_wastar([hff2,hlm2],preferred=[hff2,hlm2],w=2),lazy_wastar([hff2,hlm2],preferred=[hff2,hlm2],w=1)],repeat_last=true,continue_on_fail=true)' --always --internal-plan-file /home/bo198214/workspace/slide_puzzle_gen/solve-downward/sokoban/sokoban02.txt < /home/bo198214/workspace/slide_puzzle_gen/solve-downward/sokoban/sokoban02.sas
[t=0s, 0 KB] reading input...
[t=0s, 0 KB] done reading input!
[t=0s, 0 KB] Initializing landmark count heuristic...
[t=0s, 0 KB] Generating landmark graph...
[t=0s, 0 KB] Building a landmark graph with reasonable orders.
[t=0s, 0 KB] Initializing Exploration...
[t=0s, 0 KB] Generating landmarks using the RPG/SAS+ approach
Removed 0 reasonable or obedient reasonable orders
[t=0s, 0 KB] Landmarks generation time: 0s
[t=0s, 0 KB] Discovered 33 landmarks, of which 8 are disjunctive and 0 are conjunctive.
[t=0s, 0 KB] 55 edges
[t=0s, 0 KB] approx. reasonable orders
[t=0s, 0 KB] approx. obedient reasonable orders
[t=0s, 0 KB] Removed 0 reasonable or obedient reasonable orders
[t=0s, 0 KB] Landmarks generation time: 0s
[t=0s, 0 KB] Discovered 33 landmarks, of which 8 are disjunctive and 0 are conjunctive.
[t=0s, 0 KB] 55 edges
[t=0s, 0 KB] Landmark graph generation time: 0s
[t=0s, 0 KB] Landmark graph contains 33 landmarks, of which 8 are disjunctive and 0 are conjunctive.
[t=0s, 0 KB] Landmark graph contains 55 orderings.
[t=0s, 0 KB] Simplifying 1273 unary operators... done! [1273 unary operators]
[t=0s, 0 KB] time to simplify: 0s
[t=0s, 0 KB] Initializing additive heuristic...
[t=0s, 0 KB] Initializing FF heuristic...
[t=0s, 0 KB] Building successor generator...done!
[t=0s, 0 KB] peak memory difference for successor generator creation: 0 KB
[t=0s, 0 KB] time for successor generation creation: 0s
[t=0s, 0 KB] Variables: 181
[t=0s, 0 KB] FactPairs: 362
[t=0s, 0 KB] Bytes per state: 24
[t=0s, 0 KB] Building successor generator...done!
[t=0s, 0 KB] peak memory difference for successor generator creation: 0 KB
[t=0s, 0 KB] time for successor generation creation: 0s
[t=0s, 0 KB] Variables: 181
[t=0s, 0 KB] FactPairs: 362
[t=0s, 0 KB] Bytes per state: 24
[t=0s, 0 KB] Starting search: lazy_greedy(list(hff, hlm), preferred = list(hff, hlm))
[t=0s, 0 KB] Conducting lazy best first search, (real) bound = 2147483647
[t=0s, 0 KB] 13 initial landmarks, 10 goal landmarks
[t=0s, 0 KB] New best heuristic value for lmcount(lm_reasonable_orders_hps(lm_rhw), pref = true): 20
[t=0s, 0 KB] New best heuristic value for ff: 32
[t=0s, 0 KB] g=0, 1 evaluated, 0 expanded
[t=0s, 0 KB] Initial heuristic value for lmcount(lm_reasonable_orders_hps(lm_rhw), pref = true): 20
[t=0s, 0 KB] Initial heuristic value for ff: 32
[t=0s, 0 KB] New best heuristic value for lmcount(lm_reasonable_orders_hps(lm_rhw), pref = true): 19
[t=0s, 0 KB] g=1, 3 evaluated, 2 expanded
[t=0s, 0 KB] New best heuristic value for lmcount(lm_reasonable_orders_hps(lm_rhw), pref = true): 18
[t=0s, 0 KB] g=2, 5 evaluated, 4 expanded
[t=0s, 0 KB] New best heuristic value for lmcount(lm_reasonable_orders_hps(lm_rhw), pref = true): 17
[t=0s, 0 KB] g=3, 6 evaluated, 5 expanded
[t=0s, 0 KB] New best heuristic value for ff: 30
[t=0s, 0 KB] g=5, 18 evaluated, 17 expanded
[t=0s, 0 KB] New best heuristic value for ff: 29
[t=0s, 0 KB] g=6, 19 evaluated, 18 expanded
[t=0s, 0 KB] New best heuristic value for ff: 27
[t=0s, 0 KB] g=7, 20 evaluated, 19 expanded
[t=0s, 0 KB] New best heuristic value for ff: 26
[t=0s, 0 KB] g=8, 21 evaluated, 20 expanded
[t=1.73438s, 0 KB] New best heuristic value for ff: 24
[t=1.73438s, 0 KB] g=50, 54587 evaluated, 54068 expanded
[t=1.73438s, 0 KB] New best heuristic value for ff: 23
[t=1.73438s, 0 KB] g=53, 54591 evaluated, 54072 expanded
[t=1.73438s, 0 KB] New best heuristic value for lmcount(lm_reasonable_orders_hps(lm_rhw), pref = true): 15
[t=1.73438s, 0 KB] New best heuristic value for ff: 16
[t=1.73438s, 0 KB] g=52, 54592 evaluated, 54073 expanded
[t=1.73438s, 0 KB] New best heuristic value for lmcount(lm_reasonable_orders_hps(lm_rhw), pref = true): 14
[t=1.73438s, 0 KB] g=53, 54595 evaluated, 54076 expanded
[t=1.73438s, 0 KB] New best heuristic value for lmcount(lm_reasonable_orders_hps(lm_rhw), pref = true): 13
[t=1.73438s, 0 KB] g=56, 54610 evaluated, 54091 expanded
[t=1.73438s, 0 KB] New best heuristic value for lmcount(lm_reasonable_orders_hps(lm_rhw), pref = true): 12
[t=1.73438s, 0 KB] g=57, 54613 evaluated, 54094 expanded
[t=1.73438s, 0 KB] New best heuristic value for ff: 15
[t=1.73438s, 0 KB] g=56, 54625 evaluated, 54106 expanded
[t=1.73438s, 0 KB] New best heuristic value for lmcount(lm_reasonable_orders_hps(lm_rhw), pref = true): 11
[t=1.73438s, 0 KB] g=60, 54630 evaluated, 54111 expanded
[t=1.73438s, 0 KB] New best heuristic value for ff: 14
[t=1.73438s, 0 KB] g=56, 54637 evaluated, 54118 expanded
[t=2.21875s, 0 KB] New best heuristic value for lmcount(lm_reasonable_orders_hps(lm_rhw), pref = true): 10
[t=2.21875s, 0 KB] g=94, 69717 evaluated, 69038 expanded
[t=10.7812s, 0 KB] New best heuristic value for ff: 13
[t=10.7812s, 0 KB] g=155, 336559 evaluated, 334179 expanded
[t=10.7812s, 0 KB] New best heuristic value for lmcount(lm_reasonable_orders_hps(lm_rhw), pref = true): 9
[t=10.7812s, 0 KB] g=156, 336562 evaluated, 334182 expanded
[t=10.7812s, 0 KB] New best heuristic value for lmcount(lm_reasonable_orders_hps(lm_rhw), pref = true): 8
[t=10.7812s, 0 KB] g=158, 336572 evaluated, 334192 expanded
[t=22.8594s, 0 KB] New best heuristic value for ff: 10
[t=22.8594s, 0 KB] g=202, 717836 evaluated, 712171 expanded
[t=22.8594s, 0 KB] New best heuristic value for lmcount(lm_reasonable_orders_hps(lm_rhw), pref = true): 7
[t=22.8594s, 0 KB] g=208, 717853 evaluated, 712188 expanded
[t=30.1094s, 0 KB] New best heuristic value for lmcount(lm_reasonable_orders_hps(lm_rhw), pref = true): 6
[t=30.1094s, 0 KB] g=256, 945350 evaluated, 938275 expanded
[t=30.1094s, 0 KB] New best heuristic value for ff: 9
[t=30.1094s, 0 KB] g=259, 945355 evaluated, 938280 expanded
[t=35.6406s, 0 KB] New best heuristic value for lmcount(lm_reasonable_orders_hps(lm_rhw), pref = true): 5
[t=35.6406s, 0 KB] New best heuristic value for ff: 8
[t=35.6406s, 0 KB] g=317, 1127335 evaluated, 1118262 expanded
[t=35.6406s, 0 KB] New best heuristic value for ff: 7
[t=35.6406s, 0 KB] g=318, 1127336 evaluated, 1118263 expanded
[t=35.6562s, 0 KB] New best heuristic value for ff: 6
[t=35.6562s, 0 KB] g=318, 1127500 evaluated, 1118408 expanded
[t=3860.75s, 0 KB] New best heuristic value for lmcount(lm_reasonable_orders_hps(lm_rhw), pref = true): 4
[t=3860.75s, 0 KB] g=332, 107513083 evaluated, 106864179 expanded
[t=3860.89s, 0 KB] New best heuristic value for ff: 5
[t=3860.89s, 0 KB] g=350, 107517062 evaluated, 106868123 expanded
[t=4553.2s, 0 KB] New best heuristic value for ff: 4
[t=4553.22s, 0 KB] g=490, 126442158 evaluated, 125715014 expanded
Peak memory: 0 KB
caught signal 11 -- exiting
search exit code: -11

Driver aborting after search
