INFO     Running translator.
INFO     translator stdin: None
INFO     translator time limit: None
INFO     translator memory limit: None
INFO     translator command line string: /usr/bin/python3 /home/bo198214/workspace/planner/downward/builds/release/bin/translate/translate.py /home/bo198214/workspace/slide_puzzle_gen/sokoban-domain.pddl /home/bo198214/workspace/slide_puzzle_gen/sokoban/sokoban04-problem.pddl --sas-file /home/bo198214/workspace/slide_puzzle_gen/solve-downward/sokoban/sokoban04.sas
Parsing...
Parsing: [0.000s CPU, 0.004s wall-clock]
Normalizing task... [0.000s CPU, 0.000s wall-clock]
Instantiating...
Generating Datalog program... [0.000s CPU, 0.001s wall-clock]
Normalizing Datalog program...
Normalizing Datalog program: [0.010s CPU, 0.004s wall-clock]
Preparing model... [0.000s CPU, 0.002s wall-clock]
Generated 57 rules.
Computing model... [0.050s CPU, 0.057s wall-clock]
2642 relevant atoms
4434 auxiliary atoms
7076 final queue length
9427 total queue pushes
Completing instantiation... [0.050s CPU, 0.050s wall-clock]
Instantiating: [0.120s CPU, 0.115s wall-clock]
Computing fact groups...
Finding invariants...
6 initial candidates
Finding invariants: [0.000s CPU, 0.003s wall-clock]
Checking invariant weight... [0.000s CPU, 0.000s wall-clock]
Instantiating groups... [0.000s CPU, 0.000s wall-clock]
Collecting mutex groups... [0.000s CPU, 0.000s wall-clock]
Choosing groups...
532 uncovered facts
Choosing groups: [0.000s CPU, 0.000s wall-clock]
Building translation key... [0.000s CPU, 0.002s wall-clock]
Computing fact groups: [0.000s CPU, 0.008s wall-clock]
Building STRIPS to SAS dictionary... [0.000s CPU, 0.001s wall-clock]
Building dictionary for full mutex groups... [0.000s CPU, 0.000s wall-clock]
Building mutex information...
Building mutex information: [0.000s CPU, 0.000s wall-clock]
Translating task...
Processing axioms...
Simplifying axioms... [0.000s CPU, 0.000s wall-clock]
Translator axioms removed by simplifying: 0
Computing negative axioms... [0.000s CPU, 0.000s wall-clock]
Processing axioms: [0.020s CPU, 0.006s wall-clock]
Translating task: [0.110s CPU, 0.087s wall-clock]
2014 effect conditions simplified
0 implied preconditions added
Detecting unreachable propositions...
150 operators removed
0 axioms removed
230 propositions removed
Detecting unreachable propositions: [0.010s CPU, 0.026s wall-clock]
Reordering and filtering variables...
417 of 417 variables necessary.
0 of 0 mutex groups necessary.
1211 of 1211 operators necessary.
0 of 0 axiom rules necessary.
Reordering and filtering variables: [0.030s CPU, 0.024s wall-clock]
Translator variables: 417
Translator derived variables: 0
Translator facts: 834
Translator goal facts: 20
Translator mutex groups: 0
Translator total mutex groups size: 0
Translator operators: 1211
Translator axioms: 0
Translator task size: 8919
Translator peak memory: 0 KB
Writing output... [0.020s CPU, 0.019s wall-clock]
Done! [0.290s CPU, 0.288s wall-clock]
translate exit code: 0

INFO     Running search (release).
INFO     search stdin: /home/bo198214/workspace/slide_puzzle_gen/solve-downward/sokoban/sokoban04.sas
INFO     search time limit: None
INFO     search memory limit: None
INFO     search command line string: /home/bo198214/workspace/planner/downward/builds/release/bin/downward --if-unit-cost --evaluator 'hlm=lmcount(lm_reasonable_orders_hps(lm_rhw()),pref=true)' --evaluator 'hff=ff()' --search 'iterated([lazy_greedy([hff,hlm],preferred=[hff,hlm]),lazy_wastar([hff,hlm],preferred=[hff,hlm],w=5),lazy_wastar([hff,hlm],preferred=[hff,hlm],w=3),lazy_wastar([hff,hlm],preferred=[hff,hlm],w=2),lazy_wastar([hff,hlm],preferred=[hff,hlm],w=1)],repeat_last=true,continue_on_fail=true)' --if-non-unit-cost --evaluator 'hlm1=lmcount(lm_reasonable_orders_hps(lm_rhw()),transform=adapt_costs(one),pref=true)' --evaluator 'hff1=ff(transform=adapt_costs(one))' --evaluator 'hlm2=lmcount(lm_reasonable_orders_hps(lm_rhw()),transform=adapt_costs(plusone),pref=true)' --evaluator 'hff2=ff(transform=adapt_costs(plusone))' --search 'iterated([lazy_greedy([hff1,hlm1],preferred=[hff1,hlm1],cost_type=one,reopen_closed=false),lazy_greedy([hff2,hlm2],preferred=[hff2,hlm2],reopen_closed=false),lazy_wastar([hff2,hlm2],preferred=[hff2,hlm2],w=5),lazy_wastar([hff2,hlm2],preferred=[hff2,hlm2],w=3),lazy_wastar([hff2,hlm2],preferred=[hff2,hlm2],w=2),lazy_wastar([hff2,hlm2],preferred=[hff2,hlm2],w=1)],repeat_last=true,continue_on_fail=true)' --always --internal-plan-file /home/bo198214/workspace/slide_puzzle_gen/solve-downward/sokoban/sokoban04.txt < /home/bo198214/workspace/slide_puzzle_gen/solve-downward/sokoban/sokoban04.sas
[t=0s, 0 KB] reading input...
[t=0s, 0 KB] done reading input!
[t=0s, 0 KB] Initializing landmark count heuristic...
[t=0s, 0 KB] Generating landmark graph...
[t=0s, 0 KB] Building a landmark graph with reasonable orders.
[t=0s, 0 KB] Initializing Exploration...
[t=0.015625s, 0 KB] Generating landmarks using the RPG/SAS+ approach
Removed 0 reasonable or obedient reasonable orders
[t=0.03125s, 0 KB] Landmarks generation time: 0.03125s
[t=0.03125s, 0 KB] Discovered 48 landmarks, of which 8 are disjunctive and 0 are conjunctive.
[t=0.03125s, 0 KB] 29 edges
[t=0.03125s, 0 KB] approx. reasonable orders
[t=0.03125s, 0 KB] approx. obedient reasonable orders
[t=0.03125s, 0 KB] Removed 0 reasonable or obedient reasonable orders
[t=0.03125s, 0 KB] Landmarks generation time: 0.03125s
[t=0.03125s, 0 KB] Discovered 48 landmarks, of which 8 are disjunctive and 0 are conjunctive.
[t=0.03125s, 0 KB] 29 edges
[t=0.03125s, 0 KB] Landmark graph generation time: 0.03125s
[t=0.03125s, 0 KB] Landmark graph contains 48 landmarks, of which 8 are disjunctive and 0 are conjunctive.
[t=0.03125s, 0 KB] Landmark graph contains 29 orderings.
[t=0.03125s, 0 KB] Simplifying 3484 unary operators... done! [3484 unary operators]
[t=0.03125s, 0 KB] time to simplify: 0s
[t=0.03125s, 0 KB] Initializing additive heuristic...
[t=0.03125s, 0 KB] Initializing FF heuristic...
[t=0.03125s, 0 KB] Building successor generator...done!
[t=0.03125s, 0 KB] peak memory difference for successor generator creation: 0 KB
[t=0.03125s, 0 KB] time for successor generation creation: 0s
[t=0.03125s, 0 KB] Variables: 417
[t=0.03125s, 0 KB] FactPairs: 834
[t=0.03125s, 0 KB] Bytes per state: 56
[t=0.03125s, 0 KB] Building successor generator...done!
[t=0.03125s, 0 KB] peak memory difference for successor generator creation: 0 KB
[t=0.03125s, 0 KB] time for successor generation creation: 0s
[t=0.03125s, 0 KB] Variables: 417
[t=0.03125s, 0 KB] FactPairs: 834
[t=0.03125s, 0 KB] Bytes per state: 56
[t=0.03125s, 0 KB] Starting search: lazy_greedy(list(hff, hlm), preferred = list(hff, hlm))
[t=0.03125s, 0 KB] Conducting lazy best first search, (real) bound = 2147483647
[t=0.03125s, 0 KB] 20 initial landmarks, 20 goal landmarks
[t=0.03125s, 0 KB] New best heuristic value for lmcount(lm_reasonable_orders_hps(lm_rhw), pref = true): 28
[t=0.03125s, 0 KB] New best heuristic value for ff: 76
[t=0.03125s, 0 KB] g=0, 1 evaluated, 0 expanded
[t=0.03125s, 0 KB] Initial heuristic value for lmcount(lm_reasonable_orders_hps(lm_rhw), pref = true): 28
[t=0.03125s, 0 KB] Initial heuristic value for ff: 76
[t=0.03125s, 0 KB] New best heuristic value for ff: 75
[t=0.03125s, 0 KB] g=1, 2 evaluated, 1 expanded
[t=0.03125s, 0 KB] New best heuristic value for ff: 74
[t=0.03125s, 0 KB] g=2, 3 evaluated, 2 expanded
[t=0.03125s, 0 KB] New best heuristic value for ff: 73
[t=0.03125s, 0 KB] g=3, 4 evaluated, 3 expanded
[t=0.03125s, 0 KB] New best heuristic value for ff: 72
[t=0.03125s, 0 KB] g=4, 5 evaluated, 4 expanded
[t=0.03125s, 0 KB] New best heuristic value for ff: 71
[t=0.03125s, 0 KB] g=5, 6 evaluated, 5 expanded
[t=0.03125s, 0 KB] New best heuristic value for ff: 70
[t=0.03125s, 0 KB] g=6, 7 evaluated, 6 expanded
[t=0.03125s, 0 KB] New best heuristic value for ff: 69
[t=0.03125s, 0 KB] g=7, 8 evaluated, 7 expanded
[t=0.03125s, 0 KB] New best heuristic value for ff: 68
[t=0.03125s, 0 KB] g=8, 9 evaluated, 8 expanded
[t=0.03125s, 0 KB] New best heuristic value for ff: 67
[t=0.03125s, 0 KB] g=9, 10 evaluated, 9 expanded
[t=0.03125s, 0 KB] New best heuristic value for ff: 66
[t=0.03125s, 0 KB] g=10, 11 evaluated, 10 expanded
[t=0.03125s, 0 KB] New best heuristic value for ff: 65
[t=0.03125s, 0 KB] g=11, 12 evaluated, 11 expanded
[t=0.03125s, 0 KB] New best heuristic value for ff: 64
[t=0.03125s, 0 KB] g=12, 13 evaluated, 12 expanded
[t=0.03125s, 0 KB] New best heuristic value for ff: 63
[t=0.03125s, 0 KB] g=13, 14 evaluated, 13 expanded
[t=0.03125s, 0 KB] New best heuristic value for ff: 62
[t=0.03125s, 0 KB] g=26, 27 evaluated, 26 expanded
[t=0.046875s, 0 KB] New best heuristic value for ff: 61
[t=0.046875s, 0 KB] g=17, 252 evaluated, 243 expanded
[t=0.046875s, 0 KB] New best heuristic value for ff: 60
[t=0.046875s, 0 KB] g=18, 253 evaluated, 244 expanded
[t=0.046875s, 0 KB] New best heuristic value for ff: 59
[t=0.046875s, 0 KB] g=19, 254 evaluated, 245 expanded
[t=0.046875s, 0 KB] New best heuristic value for ff: 58
[t=0.046875s, 0 KB] g=20, 255 evaluated, 246 expanded
[t=0.046875s, 0 KB] New best heuristic value for ff: 57
[t=0.046875s, 0 KB] g=21, 256 evaluated, 247 expanded
[t=0.046875s, 0 KB] New best heuristic value for ff: 56
[t=0.046875s, 0 KB] g=22, 257 evaluated, 248 expanded
[t=0.046875s, 0 KB] New best heuristic value for ff: 55
[t=0.046875s, 0 KB] g=23, 258 evaluated, 249 expanded
[t=0.046875s, 0 KB] New best heuristic value for ff: 54
[t=0.046875s, 0 KB] g=24, 259 evaluated, 250 expanded
[t=0.046875s, 0 KB] New best heuristic value for ff: 53
[t=0.046875s, 0 KB] g=25, 260 evaluated, 251 expanded
[t=0.046875s, 0 KB] New best heuristic value for ff: 51
[t=0.046875s, 0 KB] g=26, 261 evaluated, 252 expanded
[t=0.046875s, 0 KB] New best heuristic value for ff: 49
[t=0.046875s, 0 KB] g=27, 262 evaluated, 253 expanded
[t=0.046875s, 0 KB] New best heuristic value for ff: 47
[t=0.046875s, 0 KB] g=28, 263 evaluated, 254 expanded
[t=0.046875s, 0 KB] New best heuristic value for lmcount(lm_reasonable_orders_hps(lm_rhw), pref = true): 27
[t=0.046875s, 0 KB] New best heuristic value for ff: 37
[t=0.046875s, 0 KB] g=29, 264 evaluated, 255 expanded
[t=0.0625s, 0 KB] New best heuristic value for ff: 36
[t=0.0625s, 0 KB] g=34, 272 evaluated, 263 expanded
[t=0.0625s, 0 KB] New best heuristic value for ff: 35
[t=0.0625s, 0 KB] g=35, 274 evaluated, 265 expanded
[t=0.0625s, 0 KB] New best heuristic value for ff: 34
[t=0.0625s, 0 KB] g=36, 276 evaluated, 267 expanded
[t=0.0625s, 0 KB] New best heuristic value for ff: 33
[t=0.0625s, 0 KB] g=37, 277 evaluated, 268 expanded
[t=0.0625s, 0 KB] New best heuristic value for lmcount(lm_reasonable_orders_hps(lm_rhw), pref = true): 26
[t=0.0625s, 0 KB] g=31, 290 evaluated, 281 expanded
[t=0.0625s, 0 KB] New best heuristic value for ff: 30
[t=0.0625s, 0 KB] g=32, 294 evaluated, 285 expanded
[t=0.0625s, 0 KB] New best heuristic value for lmcount(lm_reasonable_orders_hps(lm_rhw), pref = true): 25
[t=0.0625s, 0 KB] g=33, 302 evaluated, 293 expanded
[t=0.0625s, 0 KB] New best heuristic value for lmcount(lm_reasonable_orders_hps(lm_rhw), pref = true): 24
[t=0.0625s, 0 KB] g=36, 347 evaluated, 338 expanded
[t=0.0625s, 0 KB] New best heuristic value for lmcount(lm_reasonable_orders_hps(lm_rhw), pref = true): 23
[t=0.0625s, 0 KB] g=37, 349 evaluated, 340 expanded
[t=0.0625s, 0 KB] New best heuristic value for lmcount(lm_reasonable_orders_hps(lm_rhw), pref = true): 22
[t=0.0625s, 0 KB] g=39, 357 evaluated, 348 expanded
[t=0.0625s, 0 KB] New best heuristic value for ff: 29
[t=0.0625s, 0 KB] g=36, 412 evaluated, 403 expanded
[t=0.0625s, 0 KB] New best heuristic value for ff: 28
[t=0.0625s, 0 KB] g=41, 426 evaluated, 417 expanded
[t=0.0625s, 0 KB] New best heuristic value for ff: 27
[t=0.0625s, 0 KB] g=39, 487 evaluated, 478 expanded
[t=0.078125s, 0 KB] New best heuristic value for lmcount(lm_reasonable_orders_hps(lm_rhw), pref = true): 21
[t=0.078125s, 0 KB] g=59, 722 evaluated, 712 expanded
[t=0.078125s, 0 KB] New best heuristic value for ff: 26
[t=0.078125s, 0 KB] g=59, 733 evaluated, 723 expanded
[t=0.078125s, 0 KB] New best heuristic value for ff: 25
[t=0.078125s, 0 KB] g=61, 735 evaluated, 725 expanded
[t=0.09375s, 0 KB] New best heuristic value for lmcount(lm_reasonable_orders_hps(lm_rhw), pref = true): 20
[t=0.09375s, 0 KB] g=66, 779 evaluated, 769 expanded
[t=0.09375s, 0 KB] New best heuristic value for lmcount(lm_reasonable_orders_hps(lm_rhw), pref = true): 19
[t=0.09375s, 0 KB] g=67, 780 evaluated, 770 expanded
[t=0.09375s, 0 KB] New best heuristic value for lmcount(lm_reasonable_orders_hps(lm_rhw), pref = true): 18
[t=0.09375s, 0 KB] g=73, 812 evaluated, 802 expanded
[t=0.203125s, 0 KB] New best heuristic value for lmcount(lm_reasonable_orders_hps(lm_rhw), pref = true): 17
[t=0.203125s, 0 KB] g=103, 2282 evaluated, 2272 expanded
[t=0.203125s, 0 KB] New best heuristic value for ff: 24
[t=0.203125s, 0 KB] g=103, 2285 evaluated, 2275 expanded
[t=0.265625s, 0 KB] New best heuristic value for lmcount(lm_reasonable_orders_hps(lm_rhw), pref = true): 16
[t=0.265625s, 0 KB] g=135, 3316 evaluated, 3305 expanded
[t=0.265625s, 0 KB] New best heuristic value for ff: 23
[t=0.265625s, 0 KB] g=136, 3320 evaluated, 3309 expanded
[t=0.265625s, 0 KB] New best heuristic value for ff: 22
[t=0.265625s, 0 KB] g=139, 3345 evaluated, 3334 expanded
[t=1.04688s, 0 KB] New best heuristic value for lmcount(lm_reasonable_orders_hps(lm_rhw), pref = true): 15
[t=1.04688s, 0 KB] g=188, 14167 evaluated, 14149 expanded
[t=1.04688s, 0 KB] New best heuristic value for ff: 21
[t=1.04688s, 0 KB] g=197, 14240 evaluated, 14222 expanded
[t=1.78125s, 0 KB] New best heuristic value for ff: 20
[t=1.78125s, 0 KB] g=184, 24457 evaluated, 24428 expanded
[t=4.34375s, 0 KB] New best heuristic value for lmcount(lm_reasonable_orders_hps(lm_rhw), pref = true): 14
[t=4.34375s, 0 KB] g=233, 59449 evaluated, 59410 expanded
[t=4.34375s, 0 KB] New best heuristic value for ff: 19
[t=4.34375s, 0 KB] g=241, 59512 evaluated, 59473 expanded
[t=67.5469s, 0 KB] New best heuristic value for lmcount(lm_reasonable_orders_hps(lm_rhw), pref = true): 13
[t=67.5469s, 0 KB] g=292, 920874 evaluated, 916908 expanded
[t=67.5469s, 0 KB] New best heuristic value for ff: 18
[t=67.5469s, 0 KB] g=299, 920939 evaluated, 916973 expanded
[t=85.7031s, 0 KB] New best heuristic value for lmcount(lm_reasonable_orders_hps(lm_rhw), pref = true): 12
[t=85.7031s, 0 KB] g=370, 1151489 evaluated, 1145296 expanded
[t=89.7344s, 0 KB] New best heuristic value for lmcount(lm_reasonable_orders_hps(lm_rhw), pref = true): 11
[t=89.7344s, 0 KB] g=449, 1201296 evaluated, 1194334 expanded
[t=89.7344s, 0 KB] New best heuristic value for ff: 17
[t=89.7344s, 0 KB] g=450, 1201299 evaluated, 1194337 expanded
[t=89.7344s, 0 KB] New best heuristic value for ff: 16
[t=89.7344s, 0 KB] g=452, 1201307 evaluated, 1194344 expanded
[t=104.219s, 0 KB] New best heuristic value for lmcount(lm_reasonable_orders_hps(lm_rhw), pref = true): 10
[t=104.219s, 0 KB] g=513, 1388933 evaluated, 1380225 expanded
[t=104.234s, 0 KB] New best heuristic value for ff: 15
[t=104.234s, 0 KB] g=526, 1389011 evaluated, 1380299 expanded
[t=107.625s, 0 KB] New best heuristic value for lmcount(lm_reasonable_orders_hps(lm_rhw), pref = true): 9
[t=107.625s, 0 KB] g=581, 1432308 evaluated, 1423165 expanded
[t=107.625s, 0 KB] New best heuristic value for ff: 14
[t=107.625s, 0 KB] g=588, 1432414 evaluated, 1423268 expanded
[t=110.625s, 0 KB] New best heuristic value for ff: 13
[t=110.625s, 0 KB] g=612, 1471473 evaluated, 1461890 expanded
[t=119.766s, 0 KB] New best heuristic value for ff: 12
[t=119.766s, 0 KB] g=627, 1583585 evaluated, 1573093 expanded
[t=776.906s, 0 KB] New best heuristic value for ff: 11
[t=776.906s, 0 KB] g=621, 9811152 evaluated, 9744642 expanded
[t=3566.44s, 0 KB] New best heuristic value for ff: 10
[t=3566.44s, 0 KB] g=651, 43028312 evaluated, 42769901 expanded
Peak memory: 0 KB
caught signal 11 -- exiting
search exit code: -11

Driver aborting after search
