INFO     Running translator.
INFO     translator stdin: None
INFO     translator time limit: None
INFO     translator memory limit: None
INFO     translator command line string: /usr/bin/python3 /home/bo198214/workspace/planner/downward/builds/release/bin/translate/translate.py /home/bo198214/workspace/slide_puzzle_gen/sokoban-domain.pddl /home/bo198214/workspace/slide_puzzle_gen/sokoban/sokoban03-problem.pddl --sas-file /home/bo198214/workspace/slide_puzzle_gen/solve-downward/sokoban/sokoban03.sas
Parsing...
Parsing: [0.000s CPU, 0.006s wall-clock]
Normalizing task... [0.000s CPU, 0.000s wall-clock]
Instantiating...
Generating Datalog program... [0.000s CPU, 0.001s wall-clock]
Normalizing Datalog program...
Normalizing Datalog program: [0.010s CPU, 0.008s wall-clock]
Preparing model... [0.000s CPU, 0.003s wall-clock]
Generated 57 rules.
Computing model... [0.080s CPU, 0.081s wall-clock]
1676 relevant atoms
2862 auxiliary atoms
4538 final queue length
5980 total queue pushes
Completing instantiation... [0.080s CPU, 0.070s wall-clock]
Instantiating: [0.170s CPU, 0.166s wall-clock]
Computing fact groups...
Finding invariants...
6 initial candidates
Finding invariants: [0.000s CPU, 0.005s wall-clock]
Checking invariant weight... [0.000s CPU, 0.000s wall-clock]
Instantiating groups... [0.000s CPU, 0.000s wall-clock]
Collecting mutex groups... [0.000s CPU, 0.000s wall-clock]
Choosing groups...
340 uncovered facts
Choosing groups: [0.000s CPU, 0.000s wall-clock]
Building translation key... [0.000s CPU, 0.003s wall-clock]
Computing fact groups: [0.020s CPU, 0.012s wall-clock]
Building STRIPS to SAS dictionary... [0.000s CPU, 0.001s wall-clock]
Building dictionary for full mutex groups... [0.000s CPU, 0.001s wall-clock]
Building mutex information...
Building mutex information: [0.000s CPU, 0.001s wall-clock]
Translating task...
Processing axioms...
Simplifying axioms... [0.000s CPU, 0.000s wall-clock]
Translator axioms removed by simplifying: 0
Computing negative axioms... [0.000s CPU, 0.000s wall-clock]
Processing axioms: [0.000s CPU, 0.005s wall-clock]
Translating task: [0.080s CPU, 0.075s wall-clock]
1191 effect conditions simplified
0 implied preconditions added
Detecting unreachable propositions...
106 operators removed
0 axioms removed
152 propositions removed
Detecting unreachable propositions: [0.030s CPU, 0.041s wall-clock]
Reordering and filtering variables...
264 of 264 variables necessary.
0 of 0 mutex groups necessary.
699 of 699 operators necessary.
0 of 0 axiom rules necessary.
Reordering and filtering variables: [0.030s CPU, 0.027s wall-clock]
Translator variables: 264
Translator derived variables: 0
Translator facts: 528
Translator goal facts: 11
Translator mutex groups: 0
Translator total mutex groups size: 0
Translator operators: 699
Translator axioms: 0
Translator task size: 5186
Translator peak memory: 0 KB
Writing output... [0.030s CPU, 0.023s wall-clock]
Done! [0.360s CPU, 0.355s wall-clock]
translate exit code: 0

INFO     Running search (release).
INFO     search stdin: /home/bo198214/workspace/slide_puzzle_gen/solve-downward/sokoban/sokoban03.sas
INFO     search time limit: None
INFO     search memory limit: None
INFO     search command line string: /home/bo198214/workspace/planner/downward/builds/release/bin/downward --if-unit-cost --evaluator 'hlm=lmcount(lm_reasonable_orders_hps(lm_rhw()),pref=true)' --evaluator 'hff=ff()' --search 'iterated([lazy_greedy([hff,hlm],preferred=[hff,hlm]),lazy_wastar([hff,hlm],preferred=[hff,hlm],w=5),lazy_wastar([hff,hlm],preferred=[hff,hlm],w=3),lazy_wastar([hff,hlm],preferred=[hff,hlm],w=2),lazy_wastar([hff,hlm],preferred=[hff,hlm],w=1)],repeat_last=true,continue_on_fail=true)' --if-non-unit-cost --evaluator 'hlm1=lmcount(lm_reasonable_orders_hps(lm_rhw()),transform=adapt_costs(one),pref=true)' --evaluator 'hff1=ff(transform=adapt_costs(one))' --evaluator 'hlm2=lmcount(lm_reasonable_orders_hps(lm_rhw()),transform=adapt_costs(plusone),pref=true)' --evaluator 'hff2=ff(transform=adapt_costs(plusone))' --search 'iterated([lazy_greedy([hff1,hlm1],preferred=[hff1,hlm1],cost_type=one,reopen_closed=false),lazy_greedy([hff2,hlm2],preferred=[hff2,hlm2],reopen_closed=false),lazy_wastar([hff2,hlm2],preferred=[hff2,hlm2],w=5),lazy_wastar([hff2,hlm2],preferred=[hff2,hlm2],w=3),lazy_wastar([hff2,hlm2],preferred=[hff2,hlm2],w=2),lazy_wastar([hff2,hlm2],preferred=[hff2,hlm2],w=1)],repeat_last=true,continue_on_fail=true)' --always --internal-plan-file /home/bo198214/workspace/slide_puzzle_gen/solve-downward/sokoban/sokoban03.txt < /home/bo198214/workspace/slide_puzzle_gen/solve-downward/sokoban/sokoban03.sas
[t=0s, 0 KB] reading input...
[t=0.015625s, 0 KB] done reading input!
[t=0.015625s, 0 KB] Initializing landmark count heuristic...
[t=0.015625s, 0 KB] Generating landmark graph...
[t=0.015625s, 0 KB] Building a landmark graph with reasonable orders.
[t=0.015625s, 0 KB] Initializing Exploration...
[t=0.015625s, 0 KB] Generating landmarks using the RPG/SAS+ approach
Removed 0 reasonable or obedient reasonable orders
[t=0.03125s, 0 KB] Landmarks generation time: 0.015625s
[t=0.03125s, 0 KB] Discovered 53 landmarks, of which 3 are disjunctive and 0 are conjunctive.
[t=0.03125s, 0 KB] 226 edges
[t=0.03125s, 0 KB] approx. reasonable orders
[t=0.03125s, 0 KB] approx. obedient reasonable orders
[t=0.03125s, 0 KB] Removed 0 reasonable or obedient reasonable orders
[t=0.03125s, 0 KB] Landmarks generation time: 0.015625s
[t=0.03125s, 0 KB] Discovered 53 landmarks, of which 3 are disjunctive and 0 are conjunctive.
[t=0.03125s, 0 KB] 226 edges
[t=0.03125s, 0 KB] Landmark graph generation time: 0.015625s
[t=0.03125s, 0 KB] Landmark graph contains 53 landmarks, of which 3 are disjunctive and 0 are conjunctive.
[t=0.03125s, 0 KB] Landmark graph contains 226 orderings.
[t=0.03125s, 0 KB] Simplifying 1990 unary operators... done! [1990 unary operators]
[t=0.03125s, 0 KB] time to simplify: 0s
[t=0.03125s, 0 KB] Initializing additive heuristic...
[t=0.03125s, 0 KB] Initializing FF heuristic...
[t=0.03125s, 0 KB] Building successor generator...done!
[t=0.03125s, 0 KB] peak memory difference for successor generator creation: 0 KB
[t=0.03125s, 0 KB] time for successor generation creation: 0s
[t=0.03125s, 0 KB] Variables: 264
[t=0.03125s, 0 KB] FactPairs: 528
[t=0.03125s, 0 KB] Bytes per state: 36
[t=0.03125s, 0 KB] Building successor generator...done!
[t=0.03125s, 0 KB] peak memory difference for successor generator creation: 0 KB
[t=0.03125s, 0 KB] time for successor generation creation: 0s
[t=0.03125s, 0 KB] Variables: 264
[t=0.03125s, 0 KB] FactPairs: 528
[t=0.03125s, 0 KB] Bytes per state: 36
[t=0.03125s, 0 KB] Starting search: lazy_greedy(list(hff, hlm), preferred = list(hff, hlm))
[t=0.03125s, 0 KB] Conducting lazy best first search, (real) bound = 2147483647
[t=0.03125s, 0 KB] 26 initial landmarks, 11 goal landmarks
[t=0.03125s, 0 KB] New best heuristic value for lmcount(lm_reasonable_orders_hps(lm_rhw), pref = true): 27
[t=0.03125s, 0 KB] New best heuristic value for ff: 38
[t=0.03125s, 0 KB] g=0, 1 evaluated, 0 expanded
[t=0.03125s, 0 KB] Initial heuristic value for lmcount(lm_reasonable_orders_hps(lm_rhw), pref = true): 27
[t=0.03125s, 0 KB] Initial heuristic value for ff: 38
[t=0.03125s, 0 KB] New best heuristic value for ff: 37
[t=0.03125s, 0 KB] g=1, 2 evaluated, 1 expanded
[t=0.03125s, 0 KB] New best heuristic value for ff: 36
[t=0.03125s, 0 KB] g=2, 3 evaluated, 2 expanded
[t=0.03125s, 0 KB] New best heuristic value for ff: 35
[t=0.03125s, 0 KB] g=3, 4 evaluated, 3 expanded
[t=0.03125s, 0 KB] New best heuristic value for ff: 34
[t=0.03125s, 0 KB] g=4, 5 evaluated, 4 expanded
[t=0.03125s, 0 KB] New best heuristic value for ff: 33
[t=0.03125s, 0 KB] g=5, 6 evaluated, 5 expanded
[t=0.03125s, 0 KB] New best heuristic value for ff: 32
[t=0.03125s, 0 KB] g=6, 7 evaluated, 6 expanded
[t=0.03125s, 0 KB] New best heuristic value for ff: 31
[t=0.03125s, 0 KB] g=7, 8 evaluated, 7 expanded
[t=0.046875s, 0 KB] New best heuristic value for ff: 30
[t=0.046875s, 0 KB] g=8, 9 evaluated, 8 expanded
[t=0.046875s, 0 KB] New best heuristic value for lmcount(lm_reasonable_orders_hps(lm_rhw), pref = true): 26
[t=0.046875s, 0 KB] New best heuristic value for ff: 29
[t=0.046875s, 0 KB] g=9, 10 evaluated, 9 expanded
[t=0.046875s, 0 KB] New best heuristic value for lmcount(lm_reasonable_orders_hps(lm_rhw), pref = true): 25
[t=0.046875s, 0 KB] New best heuristic value for ff: 28
[t=0.046875s, 0 KB] g=10, 11 evaluated, 10 expanded
[t=0.046875s, 0 KB] New best heuristic value for lmcount(lm_reasonable_orders_hps(lm_rhw), pref = true): 23
[t=0.046875s, 0 KB] New best heuristic value for ff: 26
[t=0.046875s, 0 KB] g=11, 12 evaluated, 11 expanded
[t=0.046875s, 0 KB] New best heuristic value for lmcount(lm_reasonable_orders_hps(lm_rhw), pref = true): 21
[t=0.046875s, 0 KB] New best heuristic value for ff: 24
[t=0.046875s, 0 KB] g=12, 13 evaluated, 12 expanded
[t=0.046875s, 0 KB] New best heuristic value for lmcount(lm_reasonable_orders_hps(lm_rhw), pref = true): 19
[t=0.046875s, 0 KB] New best heuristic value for ff: 22
[t=0.046875s, 0 KB] g=13, 14 evaluated, 13 expanded
[t=0.046875s, 0 KB] New best heuristic value for lmcount(lm_reasonable_orders_hps(lm_rhw), pref = true): 17
[t=0.046875s, 0 KB] g=14, 15 evaluated, 14 expanded
[t=0.046875s, 0 KB] New best heuristic value for ff: 21
[t=0.046875s, 0 KB] g=15, 18 evaluated, 17 expanded
[t=0.046875s, 0 KB] New best heuristic value for lmcount(lm_reasonable_orders_hps(lm_rhw), pref = true): 15
[t=0.046875s, 0 KB] New best heuristic value for ff: 20
[t=0.046875s, 0 KB] g=15, 19 evaluated, 18 expanded
[t=0.046875s, 0 KB] New best heuristic value for ff: 16
[t=0.046875s, 0 KB] g=16, 20 evaluated, 19 expanded
[t=0.046875s, 0 KB] New best heuristic value for lmcount(lm_reasonable_orders_hps(lm_rhw), pref = true): 14
[t=0.046875s, 0 KB] New best heuristic value for ff: 15
[t=0.046875s, 0 KB] g=16, 23 evaluated, 22 expanded
[t=0.046875s, 0 KB] New best heuristic value for lmcount(lm_reasonable_orders_hps(lm_rhw), pref = true): 13
[t=0.046875s, 0 KB] g=18, 30 evaluated, 29 expanded
[t=0.046875s, 0 KB] New best heuristic value for lmcount(lm_reasonable_orders_hps(lm_rhw), pref = true): 12
[t=0.046875s, 0 KB] g=22, 55 evaluated, 54 expanded
[t=0.046875s, 0 KB] New best heuristic value for lmcount(lm_reasonable_orders_hps(lm_rhw), pref = true): 11
[t=0.046875s, 0 KB] g=23, 63 evaluated, 62 expanded
[t=0.09375s, 0 KB] New best heuristic value for ff: 13
[t=0.09375s, 0 KB] g=38, 1054 evaluated, 1049 expanded
[t=0.125s, 0 KB] New best heuristic value for lmcount(lm_reasonable_orders_hps(lm_rhw), pref = true): 10
[t=0.125s, 0 KB] g=50, 1455 evaluated, 1446 expanded
[t=0.125s, 0 KB] New best heuristic value for lmcount(lm_reasonable_orders_hps(lm_rhw), pref = true): 9
[t=0.125s, 0 KB] g=51, 1457 evaluated, 1448 expanded
[t=0.15625s, 0 KB] New best heuristic value for lmcount(lm_reasonable_orders_hps(lm_rhw), pref = true): 8
[t=0.15625s, 0 KB] g=81, 2124 evaluated, 2112 expanded
[t=0.203125s, 0 KB] New best heuristic value for lmcount(lm_reasonable_orders_hps(lm_rhw), pref = true): 7
[t=0.203125s, 0 KB] New best heuristic value for ff: 12
[t=0.203125s, 0 KB] g=117, 2946 evaluated, 2925 expanded
[t=0.203125s, 0 KB] New best heuristic value for ff: 10
[t=0.203125s, 0 KB] g=118, 2947 evaluated, 2926 expanded
[t=2.15625s, 0 KB] New best heuristic value for lmcount(lm_reasonable_orders_hps(lm_rhw), pref = true): 6
[t=2.15625s, 0 KB] g=138, 33945 evaluated, 33509 expanded
[t=2.17188s, 0 KB] New best heuristic value for ff: 8
[t=2.17188s, 0 KB] g=138, 34096 evaluated, 33659 expanded
[t=2.34375s, 0 KB] New best heuristic value for lmcount(lm_reasonable_orders_hps(lm_rhw), pref = true): 5
[t=2.34375s, 0 KB] g=169, 37037 evaluated, 36576 expanded
[t=2.375s, 0 KB] New best heuristic value for lmcount(lm_reasonable_orders_hps(lm_rhw), pref = true): 4
[t=2.375s, 0 KB] g=215, 37474 evaluated, 37008 expanded
[t=2.92188s, 0 KB] New best heuristic value for ff: 7
[t=2.92188s, 0 KB] g=252, 46058 evaluated, 45457 expanded
[t=2.92188s, 0 KB] New best heuristic value for lmcount(lm_reasonable_orders_hps(lm_rhw), pref = true): 3
[t=2.92188s, 0 KB] New best heuristic value for ff: 4
[t=2.92188s, 0 KB] g=254, 46063 evaluated, 45462 expanded
[t=12.875s, 0 KB] New best heuristic value for ff: 3
[t=12.875s, 0 KB] g=260, 250804 evaluated, 248145 expanded
