INFO     Running translator.
INFO     translator stdin: None
INFO     translator time limit: None
INFO     translator memory limit: None
INFO     translator command line string: /usr/bin/python3 /home/bo198214/workspace/planner/downward/builds/release/bin/translate/translate.py /home/bo198214/workspace/slide_puzzle_gen/khunpan/khunpan-droid01-domain.pddl /home/bo198214/workspace/slide_puzzle_gen/khunpan/khunpan-droid01-problem.pddl --sas-file /home/bo198214/workspace/slide_puzzle_gen/solve-downward/khunpan/khunpan-droid01.sas
Parsing...
Parsing: [0.010s CPU, 0.005s wall-clock]
Normalizing task... [0.000s CPU, 0.000s wall-clock]
Instantiating...
Generating Datalog program... [0.000s CPU, 0.001s wall-clock]
Normalizing Datalog program...
Normalizing Datalog program: [0.000s CPU, 0.020s wall-clock]
Preparing model... [0.000s CPU, 0.004s wall-clock]
Generated 221 rules.
Computing model... [0.100s CPU, 0.090s wall-clock]
794 relevant atoms
9198 auxiliary atoms
9992 final queue length
11136 total queue pushes
Completing instantiation... [0.030s CPU, 0.023s wall-clock]
Instantiating: [0.130s CPU, 0.139s wall-clock]
Computing fact groups...
Finding invariants...
7 initial candidates
Finding invariants: [0.020s CPU, 0.019s wall-clock]
Checking invariant weight... [0.000s CPU, 0.000s wall-clock]
Instantiating groups... [0.000s CPU, 0.000s wall-clock]
Collecting mutex groups... [0.000s CPU, 0.000s wall-clock]
Choosing groups...
0 uncovered facts
Choosing groups: [0.000s CPU, 0.000s wall-clock]
Building translation key... [0.000s CPU, 0.000s wall-clock]
Computing fact groups: [0.020s CPU, 0.021s wall-clock]
Building STRIPS to SAS dictionary... [0.000s CPU, 0.000s wall-clock]
Building dictionary for full mutex groups... [0.000s CPU, 0.000s wall-clock]
Building mutex information...
Building mutex information: [0.000s CPU, 0.000s wall-clock]
Translating task...
Processing axioms...
Simplifying axioms... [0.000s CPU, 0.000s wall-clock]
Translator axioms removed by simplifying: 0
Computing negative axioms... [0.000s CPU, 0.000s wall-clock]
Processing axioms: [0.000s CPU, 0.001s wall-clock]
Translating task: [0.010s CPU, 0.016s wall-clock]
0 effect conditions simplified
0 implied preconditions added
Detecting unreachable propositions...
0 operators removed
0 axioms removed
20 propositions removed
Detecting unreachable propositions: [0.020s CPU, 0.009s wall-clock]
Reordering and filtering variables...
20 of 20 variables necessary.
0 of 20 mutex groups necessary.
518 of 518 operators necessary.
0 of 0 axiom rules necessary.
Reordering and filtering variables: [0.000s CPU, 0.003s wall-clock]
Translator variables: 20
Translator derived variables: 0
Translator facts: 220
Translator goal facts: 4
Translator mutex groups: 0
Translator total mutex groups size: 0
Translator operators: 518
Translator axioms: 0
Translator task size: 3634
Translator peak memory: 0 KB
Writing output... [0.000s CPU, 0.008s wall-clock]
Done! [0.190s CPU, 0.202s wall-clock]
translate exit code: 0

INFO     Running search (release).
INFO     search stdin: /home/bo198214/workspace/slide_puzzle_gen/solve-downward/khunpan/khunpan-droid01.sas
INFO     search time limit: None
INFO     search memory limit: None
INFO     search command line string: /home/bo198214/workspace/planner/downward/builds/release/bin/downward --if-unit-cost --evaluator 'hlm=lmcount(lm_reasonable_orders_hps(lm_rhw()),pref=true)' --evaluator 'hff=ff()' --search 'iterated([lazy_greedy([hff,hlm],preferred=[hff,hlm]),lazy_wastar([hff,hlm],preferred=[hff,hlm],w=5),lazy_wastar([hff,hlm],preferred=[hff,hlm],w=3),lazy_wastar([hff,hlm],preferred=[hff,hlm],w=2),lazy_wastar([hff,hlm],preferred=[hff,hlm],w=1)],repeat_last=true,continue_on_fail=true)' --if-non-unit-cost --evaluator 'hlm1=lmcount(lm_reasonable_orders_hps(lm_rhw()),transform=adapt_costs(one),pref=true)' --evaluator 'hff1=ff(transform=adapt_costs(one))' --evaluator 'hlm2=lmcount(lm_reasonable_orders_hps(lm_rhw()),transform=adapt_costs(plusone),pref=true)' --evaluator 'hff2=ff(transform=adapt_costs(plusone))' --search 'iterated([lazy_greedy([hff1,hlm1],preferred=[hff1,hlm1],cost_type=one,reopen_closed=false),lazy_greedy([hff2,hlm2],preferred=[hff2,hlm2],reopen_closed=false),lazy_wastar([hff2,hlm2],preferred=[hff2,hlm2],w=5),lazy_wastar([hff2,hlm2],preferred=[hff2,hlm2],w=3),lazy_wastar([hff2,hlm2],preferred=[hff2,hlm2],w=2),lazy_wastar([hff2,hlm2],preferred=[hff2,hlm2],w=1)],repeat_last=true,continue_on_fail=true)' --always --internal-plan-file /home/bo198214/workspace/slide_puzzle_gen/solve-downward/khunpan/khunpan-droid01.txt < /home/bo198214/workspace/slide_puzzle_gen/solve-downward/khunpan/khunpan-droid01.sas
[t=0s, 0 KB] reading input...
[t=0s, 0 KB] done reading input!
[t=0s, 0 KB] Initializing landmark count heuristic...
[t=0s, 0 KB] Generating landmark graph...
[t=0s, 0 KB] Building a landmark graph with reasonable orders.
[t=0s, 0 KB] Initializing Exploration...
[t=0s, 0 KB] Generating landmarks using the RPG/SAS+ approach
Removed 0 reasonable or obedient reasonable orders
[t=0s, 0 KB] Landmarks generation time: 0s
[t=0s, 0 KB] Discovered 12 landmarks, of which 0 are disjunctive and 0 are conjunctive.
[t=0s, 0 KB] 14 edges
[t=0s, 0 KB] approx. reasonable orders
[t=0s, 0 KB] approx. obedient reasonable orders
[t=0s, 0 KB] Removed 0 reasonable or obedient reasonable orders
[t=0s, 0 KB] Landmarks generation time: 0s
[t=0s, 0 KB] Discovered 12 landmarks, of which 0 are disjunctive and 0 are conjunctive.
[t=0s, 0 KB] 14 edges
[t=0s, 0 KB] Landmark graph generation time: 0s
[t=0s, 0 KB] Landmark graph contains 12 landmarks, of which 0 are disjunctive and 0 are conjunctive.
[t=0s, 0 KB] Landmark graph contains 14 orderings.
[t=0s, 0 KB] Simplifying 1344 unary operators... done! [1344 unary operators]
[t=0s, 0 KB] time to simplify: 0s
[t=0s, 0 KB] Initializing additive heuristic...
[t=0s, 0 KB] Initializing FF heuristic...
[t=0s, 0 KB] Building successor generator...done!
[t=0s, 0 KB] peak memory difference for successor generator creation: 0 KB
[t=0s, 0 KB] time for successor generation creation: 0s
[t=0s, 0 KB] Variables: 20
[t=0s, 0 KB] FactPairs: 220
[t=0s, 0 KB] Bytes per state: 12
[t=0s, 0 KB] Building successor generator...done!
[t=0s, 0 KB] peak memory difference for successor generator creation: 0 KB
[t=0s, 0 KB] time for successor generation creation: 0s
[t=0s, 0 KB] Variables: 20
[t=0s, 0 KB] FactPairs: 220
[t=0s, 0 KB] Bytes per state: 12
[t=0s, 0 KB] Starting search: lazy_greedy(list(hff, hlm), preferred = list(hff, hlm))
[t=0s, 0 KB] Conducting lazy best first search, (real) bound = 2147483647
[t=0s, 0 KB] 4 initial landmarks, 4 goal landmarks
[t=0s, 0 KB] New best heuristic value for lmcount(lm_reasonable_orders_hps(lm_rhw), pref = true): 8
[t=0s, 0 KB] New best heuristic value for ff: 11
[t=0s, 0 KB] g=0, 1 evaluated, 0 expanded
[t=0s, 0 KB] Initial heuristic value for lmcount(lm_reasonable_orders_hps(lm_rhw), pref = true): 8
[t=0s, 0 KB] Initial heuristic value for ff: 11
[t=0s, 0 KB] New best heuristic value for ff: 10
[t=0s, 0 KB] g=1, 2 evaluated, 1 expanded
[t=0s, 0 KB] New best heuristic value for lmcount(lm_reasonable_orders_hps(lm_rhw), pref = true): 7
[t=0s, 0 KB] g=2, 3 evaluated, 2 expanded
[t=0s, 0 KB] New best heuristic value for ff: 8
[t=0s, 0 KB] g=3, 6 evaluated, 5 expanded
[t=0.015625s, 0 KB] New best heuristic value for lmcount(lm_reasonable_orders_hps(lm_rhw), pref = true): 6
[t=0.015625s, 0 KB] g=4, 10 evaluated, 9 expanded
[t=0.015625s, 0 KB] New best heuristic value for ff: 6
[t=0.015625s, 0 KB] g=5, 67 evaluated, 66 expanded
[t=0.140625s, 0 KB] New best heuristic value for ff: 5
[t=0.140625s, 0 KB] g=18, 4831 evaluated, 4830 expanded
[t=1.5625s, 0 KB] New best heuristic value for ff: 4
[t=1.5625s, 0 KB] g=108, 51878 evaluated, 51877 expanded
[t=3.45312s, 0 KB] New best heuristic value for lmcount(lm_reasonable_orders_hps(lm_rhw), pref = true): 4
[t=3.45312s, 0 KB] g=103, 114304 evaluated, 114303 expanded
[t=3.45312s, 0 KB] New best heuristic value for lmcount(lm_reasonable_orders_hps(lm_rhw), pref = true): 3
[t=3.45312s, 0 KB] g=109, 114393 evaluated, 114392 expanded
[t=3.46875s, 0 KB] New best heuristic value for ff: 3
[t=3.46875s, 0 KB] g=131, 114697 evaluated, 114696 expanded
[t=3.48438s, 0 KB] New best heuristic value for ff: 2
[t=3.48438s, 0 KB] g=137, 115092 evaluated, 115091 expanded
[t=3.48438s, 0 KB] New best heuristic value for lmcount(lm_reasonable_orders_hps(lm_rhw), pref = true): 2
[t=3.48438s, 0 KB] g=138, 115094 evaluated, 115093 expanded
[t=6.5625s, 0 KB] New best heuristic value for ff: 1
[t=6.5625s, 0 KB] g=187, 270934 evaluated, 270933 expanded
[t=6.5625s, 0 KB] Solution found!
[t=6.5625s, 0 KB] Actual search time: 6.5625s
move-type3-n tv3 h1 v1 v2 v3 (1)
move-type2-e th h2 h3 h4 v3 (1)
move-type1-n to1 h2 v2 v3 (1)
move-type1-n to3 h2 v1 v2 (1)
move-type3-s tv3 h1 v1 v2 v3 (1)
move-type1-w to1 h1 h2 v3 (1)
move-type2-w th h2 h3 h4 v3 (1)
move-type1-s to3 h2 v1 v2 (1)
move-type3-n tv4 h4 v1 v2 v3 (1)
move-type1-e to4 h3 h4 v1 (1)
move-type1-e to3 h2 h3 v1 (1)
move-type3-e tv3 h1 h2 v1 v2 (1)
move-type1-s to1 h1 v2 v3 (1)
move-type2-w th h1 h2 h3 v3 (1)
move-type1-s to1 h1 v1 v2 (1)
move-type1-n to2 h3 v2 v3 (1)
move-type1-n to1 h1 v1 v2 (1)
move-type1-n to3 h3 v1 v2 (1)
move-type1-w to4 h3 h4 v1 (1)
move-type3-s tv4 h4 v1 v2 v3 (1)
move-type1-e to2 h3 h4 v3 (1)
move-type2-e th h1 h2 h3 v3 (1)
move-type1-n to1 h1 v2 v3 (1)
move-type3-w tv3 h1 h2 v1 v2 (1)
move-type1-w to4 h2 h3 v1 (1)
move-type1-s to3 h3 v1 v2 (1)
move-type2-s th h2 h3 v2 v3 (1)
move-type1-e to1 h1 h2 v3 (1)
move-type3-n tv3 h1 v1 v2 v3 (1)
move-type1-w to4 h1 h2 v1 (1)
move-type1-w to2 h3 h4 v3 (1)
move-type3-n tv4 h4 v1 v2 v3 (1)
move-type1-e to3 h3 h4 v1 (1)
move-type2-s th h2 h3 v1 v2 (1)
move-type1-s to1 h2 v2 v3 (1)
move-type1-e to1 h2 h3 v2 (1)
move-type3-e tv3 h1 h2 v2 v3 (1)
move-type1-n to4 h1 v1 v2 (1)
move-type2-w th h1 h2 h3 v1 (1)
move-type1-n to4 h1 v2 v3 (1)
move-type1-w to3 h3 h4 v1 (1)
move-type3-s tv4 h4 v1 v2 v3 (1)
move-type1-e to2 h3 h4 v3 (1)
move-type1-n to1 h3 v2 v3 (1)
move-type1-s to4 h1 v2 v3 (1)
move-type1-n to3 h3 v1 v2 (1)
move-type2-e th h1 h2 h3 v1 (1)
move-type1-s to4 h1 v1 v2 (1)
move-type3-w tv3 h1 h2 v2 v3 (1)
move-type1-w to1 h2 h3 v3 (1)
move-type1-w to2 h3 h4 v3 (1)
move-type3-n tv4 h4 v1 v2 v3 (1)
move-type2-e th h2 h3 h4 v1 (1)
move-type1-w to3 h2 h3 v2 (1)
move-type1-e to4 h1 h2 v1 (1)
move-type3-s tv3 h1 v1 v2 v3 (1)
move-type1-w to1 h1 h2 v3 (1)
move-type1-s to2 h3 v2 v3 (1)
move-type1-n to3 h2 v2 v3 (1)
move-type1-w to2 h2 h3 v2 (1)
move-type3-w tv4 h3 h4 v2 v3 (1)
move-type3-s tv2 h4 v3 v4 v5 (1)
move-type3-s tv2 h4 v2 v3 v4 (1)
move-type4-e tsq h2 h3 h4 v4 v5 (1)
move-type1-n to3 h2 v3 v4 (1)
move-type1-n to2 h2 v2 v3 (1)
move-type1-n to3 h2 v4 v5 (1)
move-type1-n to2 h2 v3 v4 (1)
move-type1-e to1 h1 h2 v3 (1)
move-type3-s tv1 h1 v3 v4 v5 (1)
move-type1-w to3 h1 h2 v5 (1)
move-type1-s to1 h2 v2 v3 (1)
move-type1-s to2 h2 v3 v4 (1)
move-type4-w tsq h2 h3 h4 v4 v5 (1)
move-type3-n tv2 h4 v2 v3 v4 (1)
move-type3-n tv2 h4 v3 v4 v5 (1)
move-type3-e tv4 h3 h4 v2 v3 (1)
move-type1-e to2 h2 h3 v3 (1)
move-type1-n to1 h2 v2 v3 (1)
move-type1-n to4 h2 v1 v2 (1)
move-type1-e to4 h2 h3 v2 (1)
move-type3-e tv3 h1 h2 v1 v2 (1)
move-type3-s tv1 h1 v2 v3 v4 (1)
move-type3-s tv1 h1 v1 v2 v3 (1)
move-type1-w to1 h1 h2 v3 (1)
move-type1-w to2 h2 h3 v3 (1)
move-type1-n to4 h3 v2 v3 (1)
move-type1-n to1 h1 v3 v4 (1)
move-type1-w to2 h1 h2 v3 (1)
move-type1-s to4 h3 v2 v3 (1)
move-type4-s tsq h2 h3 v3 v4 v5 (1)
move-type1-e to3 h1 h2 v5 (1)
move-type1-n to1 h1 v4 v5 (1)
move-type1-e to3 h2 h3 v5 (1)
move-type1-n to2 h1 v3 v4 (1)
move-type1-e to1 h1 h2 v5 (1)
move-type3-n tv1 h1 v1 v2 v3 (1)
move-type1-n to2 h1 v4 v5 (1)
move-type3-n tv1 h1 v2 v3 v4 (1)
move-type3-w tv3 h1 h2 v1 v2 (1)
move-type1-w to4 h2 h3 v2 (1)
move-type1-s to4 h2 v1 v2 (1)
move-type4-s tsq h2 h3 v2 v3 v4 (1)
move-type1-s to3 h3 v4 v5 (1)
move-type1-w to3 h2 h3 v4 (1)
move-type3-w tv2 h3 h4 v4 v5 (1)
move-type3-n tv4 h4 v2 v3 v4 (1)
move-type3-n tv4 h4 v3 v4 v5 (1)
move-type4-e tsq h2 h3 h4 v2 v3 (1)
move-type1-n to4 h2 v1 v2 (1)
move-type1-s to3 h2 v3 v4 (1)
move-type1-s to4 h2 v1 v2 (1)
move-type1-s to3 h2 v2 v3 (1)
move-type3-e tv1 h1 h2 v3 v4 (1)
move-type3-n tv3 h1 v1 v2 v3 (1)
move-type1-w to4 h1 h2 v1 (1)
move-type2-w th h2 h3 h4 v1 (1)
move-type1-s to2 h1 v4 v5 (1)
move-type1-w to1 h1 h2 v5 (1)
move-type3-n tv1 h2 v3 v4 v5 (1)
move-type1-n to3 h2 v2 v3 (1)
move-type2-e th h2 h3 h4 v1 (1)
move-type1-e to4 h1 h2 v1 (1)
move-type1-n to4 h2 v1 v2 (1)
move-type2-w th h2 h3 h4 v1 (1)
move-type2-w th h1 h2 h3 v1 (1)
move-type4-s tsq h3 h4 v1 v2 v3 (1)
move-type1-e to3 h2 h3 v3 (1)
move-type1-e to3 h3 h4 v3 (1)
move-type1-n to4 h2 v2 v3 (1)
move-type1-e to4 h2 h3 v3 (1)
move-type3-e tv3 h1 h2 v2 v3 (1)
move-type1-s to2 h1 v3 v4 (1)
move-type1-s to1 h1 v4 v5 (1)
move-type1-s to2 h1 v2 v3 (1)
move-type1-s to1 h1 v3 v4 (1)
move-type3-w tv1 h1 h2 v4 v5 (1)
move-type3-n tv3 h2 v2 v3 v4 (1)
move-type3-n tv3 h2 v3 v4 v5 (1)
move-type1-e to2 h1 h2 v2 (1)
move-type1-n to2 h2 v2 v3 (1)
move-type1-s to1 h1 v2 v3 (1)
move-type3-s tv1 h1 v3 v4 v5 (1)
move-type1-e to1 h1 h2 v2 (1)
move-type3-s tv1 h1 v2 v3 v4 (1)
move-type3-w tv3 h1 h2 v4 v5 (1)
move-type3-w tv2 h2 h3 v4 v5 (1)
move-type3-w tv4 h3 h4 v4 v5 (1)
move-type1-n to3 h4 v3 v4 (1)
move-type1-e to4 h3 h4 v3 (1)
move-type1-e to2 h2 h3 v3 (1)
move-type1-n to3 h4 v4 v5 (1)
move-type1-n to4 h4 v3 v4 (1)
move-type1-w to2 h2 h3 v3 (1)
move-type4-n tsq h3 h4 v1 v2 v3 (1)
move-type2-e th h1 h2 h3 v1 (1)
move-type2-e th h2 h3 h4 v1 (1)
move-type1-s to1 h2 v1 v2 (1)
move-type1-s to2 h2 v2 v3 (1)
move-type1-w to1 h1 h2 v1 (1)
move-type1-s to2 h2 v1 v2 (1)
move-type4-w tsq h2 h3 h4 v2 v3 (1)
move-type1-s to4 h4 v3 v4 (1)
move-type1-s to3 h4 v4 v5 (1)
move-type1-s to4 h4 v2 v3 (1)
move-type1-s to3 h4 v3 v4 (1)
move-type3-e tv4 h3 h4 v4 v5 (1)
move-type3-e tv2 h2 h3 v4 v5 (1)
move-type3-e tv3 h1 h2 v4 v5 (1)
move-type3-n tv1 h1 v2 v3 v4 (1)
move-type3-n tv1 h1 v3 v4 v5 (1)
move-type4-w tsq h1 h2 h3 v2 v3 (1)
move-type1-w to4 h3 h4 v2 (1)
move-type1-n to4 h3 v2 v3 (1)
move-type2-n th h3 h4 v1 v2 (1)
move-type1-e to2 h2 h3 v1 (1)
move-type1-e to1 h1 h2 v1 (1)
move-type1-e to2 h3 h4 v1 (1)
move-type1-e to1 h2 h3 v1 (1)
move-type4-s tsq h1 h2 v1 v2 v3 (1)
move-type1-w to4 h2 h3 v3 (1)
move-type1-w to4 h1 h2 v3 (1)
move-type1-w to3 h3 h4 v3 (1)
move-type1-w to3 h2 h3 v3 (1)
move-type2-n th h3 h4 v2 v3 (1)
move-type1-n to2 h4 v1 v2 (1)
move-type1-e to1 h3 h4 v1 (1)
move-type4-e tsq h1 h2 h3 v1 v2 (1)
[t=6.57812s, 0 KB] Plan length: 188 step(s).
[t=6.57812s, 0 KB] Plan cost: 188
[t=6.57812s, 0 KB] Expanded 270934 state(s).
[t=6.57812s, 0 KB] Reopened 0 state(s).
[t=6.57812s, 0 KB] Evaluated 270935 state(s).
[t=6.57812s, 0 KB] Evaluations: 541870
[t=6.57812s, 0 KB] Generated 911872 state(s).
[t=6.57812s, 0 KB] Dead ends: 0 state(s).
[t=6.57812s, 0 KB] Number of registered states: 270935
[t=6.57812s, 0 KB] Int hash set load factor: 270935/524288 = 0.516768
[t=6.57812s, 0 KB] Int hash set resizes: 19
[t=6.57812s, 0 KB] Best solution cost so far: 188
[t=6.57812s, 0 KB] Solution found - keep searching
[t=6.57812s, 0 KB] Building successor generator...done!
[t=6.57812s, 0 KB] peak memory difference for successor generator creation: 0 KB
[t=6.57812s, 0 KB] time for successor generation creation: 0s
[t=6.57812s, 0 KB] Variables: 20
[t=6.57812s, 0 KB] FactPairs: 220
[t=6.57812s, 0 KB] Bytes per state: 12
[t=6.57812s, 0 KB] Starting search: lazy_wastar(list(hff, hlm), preferred = list(hff, hlm), w = 5)
[t=6.57812s, 0 KB] Conducting lazy best first search, (real) bound = 188
[t=6.57812s, 0 KB] 4 initial landmarks, 4 goal landmarks
[t=6.57812s, 0 KB] New best heuristic value for ff: 11
[t=6.57812s, 0 KB] New best heuristic value for lmcount(lm_reasonable_orders_hps(lm_rhw), pref = true): 8
[t=6.57812s, 0 KB] g=0, 1 evaluated, 0 expanded
[t=6.57812s, 0 KB] Initial heuristic value for ff: 11
[t=6.57812s, 0 KB] Initial heuristic value for lmcount(lm_reasonable_orders_hps(lm_rhw), pref = true): 8
[t=6.57812s, 0 KB] New best heuristic value for ff: 10
[t=6.57812s, 0 KB] g=1, 2 evaluated, 1 expanded
[t=6.57812s, 0 KB] New best heuristic value for lmcount(lm_reasonable_orders_hps(lm_rhw), pref = true): 7
[t=6.57812s, 0 KB] g=2, 3 evaluated, 2 expanded
[t=6.57812s, 0 KB] New best heuristic value for ff: 8
[t=6.57812s, 0 KB] g=3, 6 evaluated, 5 expanded
[t=6.57812s, 0 KB] New best heuristic value for lmcount(lm_reasonable_orders_hps(lm_rhw), pref = true): 6
[t=6.57812s, 0 KB] g=4, 10 evaluated, 9 expanded
[t=6.57812s, 0 KB] New best heuristic value for ff: 6
[t=6.57812s, 0 KB] g=5, 43 evaluated, 42 expanded
[t=6.78125s, 0 KB] New best heuristic value for ff: 5
[t=6.78125s, 0 KB] g=16, 8438 evaluated, 8437 expanded, 2277 reopened
[t=11.8125s, 0 KB] New best heuristic value for ff: 4
[t=11.8125s, 0 KB] g=61, 178934 evaluated, 178933 expanded, 47956 reopened
[t=20.75s, 0 KB] New best heuristic value for lmcount(lm_reasonable_orders_hps(lm_rhw), pref = true): 4
[t=20.75s, 0 KB] g=71, 492763 evaluated, 492762 expanded, 139252 reopened
[t=31.1719s, 0 KB] New best heuristic value for lmcount(lm_reasonable_orders_hps(lm_rhw), pref = true): 3
[t=31.1719s, 0 KB] g=76, 863149 evaluated, 863148 expanded, 251343 reopened
[t=33.9219s, 0 KB] New best heuristic value for ff: 3
[t=33.9219s, 0 KB] g=92, 963500 evaluated, 963499 expanded, 286028 reopened
[t=33.9531s, 0 KB] New best heuristic value for ff: 2
[t=33.9531s, 0 KB] g=97, 964502 evaluated, 964501 expanded, 286076 reopened
[t=33.9531s, 0 KB] New best heuristic value for lmcount(lm_reasonable_orders_hps(lm_rhw), pref = true): 2
[t=33.9531s, 0 KB] g=98, 964504 evaluated, 964503 expanded, 286076 reopened
[t=154.484s, 0 KB] New best heuristic value for ff: 1
[t=154.484s, 0 KB] g=123, 5271277 evaluated, 5271276 expanded, 1608476 reopened
[t=154.484s, 0 KB] Solution found!
[t=154.484s, 0 KB] Actual search time: 147.906s
move-type2-e th h2 h3 h4 v3 (1)
move-type1-n to1 h2 v2 v3 (1)
move-type1-w to1 h1 h2 v3 (1)
move-type2-w th h2 h3 h4 v3 (1)
move-type3-n tv4 h4 v1 v2 v3 (1)
move-type1-e to4 h3 h4 v1 (1)
move-type1-e to3 h2 h3 v1 (1)
move-type3-e tv3 h1 h2 v1 v2 (1)
move-type1-s to1 h1 v2 v3 (1)
move-type2-w th h1 h2 h3 v3 (1)
move-type1-n to2 h3 v2 v3 (1)
move-type1-n to3 h3 v1 v2 (1)
move-type1-w to4 h3 h4 v1 (1)
move-type3-s tv4 h4 v1 v2 v3 (1)
move-type1-e to2 h3 h4 v3 (1)
move-type2-e th h1 h2 h3 v3 (1)
move-type3-s tv1 h1 v3 v4 v5 (1)
move-type1-s to1 h1 v1 v2 (1)
move-type3-s tv1 h1 v2 v3 v4 (1)
move-type4-w tsq h1 h2 h3 v4 v5 (1)
move-type3-w tv2 h3 h4 v4 v5 (1)
move-type1-n to2 h4 v3 v4 (1)
move-type3-n tv4 h4 v1 v2 v3 (1)
move-type1-e to4 h3 h4 v1 (1)
move-type1-n to2 h4 v4 v5 (1)
move-type3-n tv4 h4 v2 v3 v4 (1)
move-type1-e to3 h3 h4 v2 (1)
move-type3-e tv3 h2 h3 v1 v2 (1)
move-type1-e to1 h1 h2 v1 (1)
move-type3-s tv1 h1 v1 v2 v3 (1)
move-type2-w th h1 h2 h3 v3 (1)
move-type3-n tv3 h3 v1 v2 v3 (1)
move-type1-w to4 h3 h4 v1 (1)
move-type1-n to1 h2 v1 v2 (1)
move-type1-w to4 h2 h3 v1 (1)
move-type3-s tv3 h3 v1 v2 v3 (1)
move-type3-s tv2 h3 v3 v4 v5 (1)
move-type1-w to2 h3 h4 v5 (1)
move-type3-n tv4 h4 v3 v4 v5 (1)
move-type1-n to3 h4 v2 v3 (1)
move-type3-e tv3 h3 h4 v1 v2 (1)
move-type3-s tv2 h3 v2 v3 v4 (1)
move-type3-s tv2 h3 v1 v2 v3 (1)
move-type1-w to3 h3 h4 v3 (1)
move-type1-n to3 h3 v3 v4 (1)
move-type2-e th h1 h2 h3 v3 (1)
move-type3-n tv1 h1 v1 v2 v3 (1)
move-type1-w to4 h1 h2 v1 (1)
move-type2-e th h2 h3 h4 v3 (1)
move-type1-s to1 h2 v1 v2 (1)
move-type3-e tv1 h1 h2 v2 v3 (1)
move-type1-n to4 h1 v1 v2 (1)
move-type1-w to1 h1 h2 v1 (1)
move-type3-s tv1 h2 v1 v2 v3 (1)
move-type2-w th h2 h3 h4 v3 (1)
move-type2-w th h1 h2 h3 v3 (1)
move-type3-n tv2 h3 v1 v2 v3 (1)
move-type3-s tv4 h4 v3 v4 v5 (1)
move-type1-e to2 h3 h4 v5 (1)
move-type1-n to3 h3 v4 v5 (1)
move-type3-n tv2 h3 v2 v3 v4 (1)
move-type3-e tv1 h2 h3 v1 v2 (1)
move-type1-e to1 h1 h2 v1 (1)
move-type1-s to4 h1 v1 v2 (1)
move-type2-s th h1 h2 v2 v3 (1)
move-type4-s tsq h1 h2 v3 v4 v5 (1)
move-type1-w to3 h2 h3 v5 (1)
move-type1-w to2 h3 h4 v5 (1)
move-type1-w to3 h1 h2 v5 (1)
move-type1-w to2 h2 h3 v5 (1)
move-type3-n tv2 h3 v3 v4 v5 (1)
move-type3-n tv1 h3 v1 v2 v3 (1)
move-type1-e to1 h2 h3 v1 (1)
move-type1-e to4 h1 h2 v1 (1)
move-type3-n tv4 h4 v3 v4 v5 (1)
move-type3-n tv3 h4 v1 v2 v3 (1)
move-type1-e to1 h3 h4 v1 (1)
move-type1-e to4 h2 h3 v1 (1)
move-type2-s th h1 h2 v1 v2 (1)
move-type4-s tsq h1 h2 v2 v3 v4 (1)
move-type1-s to2 h2 v4 v5 (1)
move-type1-w to2 h1 h2 v4 (1)
move-type3-w tv2 h2 h3 v4 v5 (1)
move-type3-n tv1 h3 v2 v3 v4 (1)
move-type3-n tv1 h3 v3 v4 v5 (1)
move-type4-e tsq h1 h2 h3 v2 v3 (1)
move-type1-s to2 h1 v3 v4 (1)
move-type1-s to3 h1 v4 v5 (1)
move-type1-s to2 h1 v2 v3 (1)
move-type1-s to3 h1 v3 v4 (1)
move-type3-w tv2 h1 h2 v4 v5 (1)
move-type3-w tv1 h2 h3 v4 v5 (1)
move-type3-w tv4 h3 h4 v4 v5 (1)
move-type3-n tv3 h4 v2 v3 v4 (1)
move-type1-n to1 h4 v1 v2 (1)
move-type3-n tv3 h4 v3 v4 v5 (1)
move-type1-n to1 h4 v2 v3 (1)
move-type1-e to4 h3 h4 v1 (1)
move-type2-e th h1 h2 h3 v1 (1)
move-type1-n to4 h4 v1 v2 (1)
move-type1-s to2 h1 v1 v2 (1)
move-type1-s to3 h1 v2 v3 (1)
move-type2-e th h2 h3 h4 v1 (1)
move-type1-e to2 h1 h2 v1 (1)
move-type1-s to3 h1 v1 v2 (1)
move-type4-w tsq h1 h2 h3 v2 v3 (1)
move-type1-w to4 h3 h4 v2 (1)
move-type1-n to4 h3 v2 v3 (1)
move-type2-n th h3 h4 v1 v2 (1)
move-type1-e to2 h2 h3 v1 (1)
move-type1-e to3 h1 h2 v1 (1)
move-type1-e to2 h3 h4 v1 (1)
move-type1-e to3 h2 h3 v1 (1)
move-type4-s tsq h1 h2 v1 v2 v3 (1)
move-type1-w to4 h2 h3 v3 (1)
move-type1-w to1 h3 h4 v3 (1)
move-type1-w to4 h1 h2 v3 (1)
move-type1-w to1 h2 h3 v3 (1)
move-type2-n th h3 h4 v2 v3 (1)
move-type1-n to2 h4 v1 v2 (1)
move-type1-e to3 h3 h4 v1 (1)
move-type4-e tsq h1 h2 h3 v1 v2 (1)
[t=154.484s, 0 KB] Plan length: 122 step(s).
[t=154.484s, 0 KB] Plan cost: 122
[t=154.484s, 0 KB] Expanded 5271277 state(s).
[t=154.484s, 0 KB] Reopened 1608476 state(s).
[t=154.484s, 0 KB] Evaluated 5271278 state(s).
[t=154.484s, 0 KB] Evaluations: 8934080
[t=154.484s, 0 KB] Generated 17718072 state(s).
[t=154.484s, 0 KB] Dead ends: 0 state(s).
[t=154.484s, 0 KB] Number of registered states: 3662802
[t=154.484s, 0 KB] Int hash set load factor: 3662802/8388608 = 0.43664
[t=154.484s, 0 KB] Int hash set resizes: 23
[t=154.484s, 0 KB] Best solution cost so far: 122
[t=154.484s, 0 KB] Solution found - keep searching
[t=154.562s, 0 KB] Building successor generator...done!
[t=154.562s, 0 KB] peak memory difference for successor generator creation: 0 KB
[t=154.562s, 0 KB] time for successor generation creation: 0s
[t=154.562s, 0 KB] Variables: 20
[t=154.562s, 0 KB] FactPairs: 220
[t=154.562s, 0 KB] Bytes per state: 12
[t=154.562s, 0 KB] Starting search: lazy_wastar(list(hff, hlm), preferred = list(hff, hlm), w = 3)
[t=154.562s, 0 KB] Conducting lazy best first search, (real) bound = 122
[t=154.562s, 0 KB] 4 initial landmarks, 4 goal landmarks
[t=154.562s, 0 KB] New best heuristic value for lmcount(lm_reasonable_orders_hps(lm_rhw), pref = true): 8
[t=154.562s, 0 KB] New best heuristic value for ff: 11
[t=154.562s, 0 KB] g=0, 1 evaluated, 0 expanded
[t=154.562s, 0 KB] Initial heuristic value for lmcount(lm_reasonable_orders_hps(lm_rhw), pref = true): 8
[t=154.562s, 0 KB] Initial heuristic value for ff: 11
[t=154.562s, 0 KB] New best heuristic value for ff: 10
[t=154.562s, 0 KB] g=1, 2 evaluated, 1 expanded
[t=154.562s, 0 KB] New best heuristic value for lmcount(lm_reasonable_orders_hps(lm_rhw), pref = true): 7
[t=154.562s, 0 KB] g=2, 3 evaluated, 2 expanded
[t=154.562s, 0 KB] New best heuristic value for ff: 8
[t=154.562s, 0 KB] g=3, 6 evaluated, 5 expanded
[t=154.562s, 0 KB] New best heuristic value for lmcount(lm_reasonable_orders_hps(lm_rhw), pref = true): 6
[t=154.562s, 0 KB] g=4, 15 evaluated, 14 expanded
[t=154.625s, 0 KB] New best heuristic value for ff: 7
[t=154.625s, 0 KB] g=5, 1694 evaluated, 1693 expanded, 114 reopened
[t=154.625s, 0 KB] New best heuristic value for ff: 6
[t=154.625s, 0 KB] g=6, 1695 evaluated, 1694 expanded, 114 reopened
[t=154.719s, 0 KB] New best heuristic value for ff: 5
[t=154.719s, 0 KB] g=16, 5046 evaluated, 5045 expanded, 921 reopened
[t=159.484s, 0 KB] New best heuristic value for ff: 4
[t=159.484s, 0 KB] g=59, 157138 evaluated, 157137 expanded, 36850 reopened
[t=174s, 0 KB] New best heuristic value for lmcount(lm_reasonable_orders_hps(lm_rhw), pref = true): 4
[t=174s, 0 KB] g=71, 634022 evaluated, 634021 expanded, 153631 reopened
[t=196.234s, 0 KB] New best heuristic value for lmcount(lm_reasonable_orders_hps(lm_rhw), pref = true): 3
[t=196.234s, 0 KB] g=76, 1366841 evaluated, 1366840 expanded, 340052 reopened
[t=226.297s, 0 KB] New best heuristic value for ff: 3
[t=226.297s, 0 KB] g=90, 2311408 evaluated, 2311407 expanded, 560009 reopened
[t=233.828s, 0 KB] New best heuristic value for ff: 2
[t=233.828s, 0 KB] g=97, 2555274 evaluated, 2555273 expanded, 625958 reopened
[t=233.828s, 0 KB] New best heuristic value for lmcount(lm_reasonable_orders_hps(lm_rhw), pref = true): 2
[t=233.828s, 0 KB] g=98, 2555275 evaluated, 2555274 expanded, 625958 reopened
[t=338.516s, 0 KB] New best heuristic value for ff: 1
[t=338.516s, 0 KB] g=111, 5962030 evaluated, 5962029 expanded, 1544131 reopened
[t=338.516s, 0 KB] Solution found!
[t=338.516s, 0 KB] Actual search time: 183.953s
move-type2-w th h1 h2 h3 v3 (1)
move-type1-n to2 h3 v2 v3 (1)
move-type1-e to2 h3 h4 v3 (1)
move-type2-e th h1 h2 h3 v3 (1)
move-type3-n tv3 h1 v1 v2 v3 (1)
move-type1-w to3 h1 h2 v1 (1)
move-type1-w to4 h2 h3 v1 (1)
move-type3-w tv4 h3 h4 v1 v2 (1)
move-type1-s to2 h4 v2 v3 (1)
move-type2-e th h2 h3 h4 v3 (1)
move-type1-n to1 h2 v2 v3 (1)
move-type1-n to4 h2 v1 v2 (1)
move-type1-e to3 h1 h2 v1 (1)
move-type3-s tv3 h1 v1 v2 v3 (1)
move-type1-w to1 h1 h2 v3 (1)
move-type2-w th h2 h3 h4 v3 (1)
move-type3-s tv2 h4 v3 v4 v5 (1)
move-type1-s to2 h4 v1 v2 (1)
move-type3-s tv2 h4 v2 v3 v4 (1)
move-type4-e tsq h2 h3 h4 v4 v5 (1)
move-type3-e tv1 h1 h2 v4 v5 (1)
move-type1-n to1 h1 v3 v4 (1)
move-type3-n tv3 h1 v1 v2 v3 (1)
move-type1-n to1 h1 v4 v5 (1)
move-type3-n tv3 h1 v2 v3 v4 (1)
move-type1-w to3 h1 h2 v1 (1)
move-type1-w to4 h1 h2 v2 (1)
move-type3-w tv4 h2 h3 v1 v2 (1)
move-type1-w to2 h3 h4 v1 (1)
move-type3-s tv2 h4 v1 v2 v3 (1)
move-type2-e th h2 h3 h4 v3 (1)
move-type3-n tv4 h2 v1 v2 v3 (1)
move-type1-e to3 h1 h2 v1 (1)
move-type1-n to2 h3 v1 v2 (1)
move-type1-e to3 h2 h3 v1 (1)
move-type3-s tv4 h2 v1 v2 v3 (1)
move-type3-s tv1 h2 v3 v4 v5 (1)
move-type1-e to1 h1 h2 v5 (1)
move-type3-n tv3 h1 v3 v4 v5 (1)
move-type1-n to4 h1 v2 v3 (1)
move-type3-w tv4 h1 h2 v1 v2 (1)
move-type3-s tv1 h2 v2 v3 v4 (1)
move-type3-s tv1 h2 v1 v2 v3 (1)
move-type1-e to4 h1 h2 v3 (1)
move-type1-n to4 h2 v3 v4 (1)
move-type2-w th h2 h3 h4 v3 (1)
move-type3-n tv2 h4 v1 v2 v3 (1)
move-type1-e to3 h3 h4 v1 (1)
move-type2-w th h1 h2 h3 v3 (1)
move-type1-s to2 h3 v1 v2 (1)
move-type3-w tv2 h3 h4 v2 v3 (1)
move-type1-n to3 h4 v1 v2 (1)
move-type1-e to2 h3 h4 v1 (1)
move-type3-s tv2 h3 v1 v2 v3 (1)
move-type2-e th h1 h2 h3 v3 (1)
move-type2-e th h2 h3 h4 v3 (1)
move-type3-n tv1 h2 v1 v2 v3 (1)
move-type3-s tv3 h1 v3 v4 v5 (1)
move-type1-w to1 h1 h2 v5 (1)
move-type1-n to4 h2 v4 v5 (1)
move-type3-n tv1 h2 v2 v3 v4 (1)
move-type3-w tv2 h2 h3 v1 v2 (1)
move-type1-w to2 h3 h4 v1 (1)
move-type1-s to3 h4 v1 v2 (1)
move-type2-s th h3 h4 v2 v3 (1)
move-type4-s tsq h3 h4 v3 v4 v5 (1)
move-type1-e to4 h2 h3 v5 (1)
move-type1-e to1 h1 h2 v5 (1)
move-type1-e to4 h3 h4 v5 (1)
move-type1-e to1 h2 h3 v5 (1)
move-type3-n tv1 h2 v3 v4 v5 (1)
move-type3-n tv2 h2 v1 v2 v3 (1)
move-type1-w to2 h2 h3 v1 (1)
move-type1-w to3 h3 h4 v1 (1)
move-type3-n tv3 h1 v3 v4 v5 (1)
move-type3-n tv4 h1 v1 v2 v3 (1)
move-type1-w to2 h1 h2 v1 (1)
move-type1-w to3 h2 h3 v1 (1)
move-type2-s th h3 h4 v1 v2 (1)
move-type4-s tsq h3 h4 v2 v3 v4 (1)
move-type1-s to1 h3 v4 v5 (1)
move-type1-e to1 h3 h4 v4 (1)
move-type3-e tv1 h2 h3 v4 v5 (1)
move-type3-n tv2 h2 v2 v3 v4 (1)
move-type3-n tv2 h2 v3 v4 v5 (1)
move-type4-w tsq h2 h3 h4 v2 v3 (1)
move-type1-s to1 h4 v3 v4 (1)
move-type1-s to4 h4 v4 v5 (1)
move-type1-s to1 h4 v2 v3 (1)
move-type1-s to4 h4 v3 v4 (1)
move-type3-e tv1 h3 h4 v4 v5 (1)
move-type3-e tv2 h2 h3 v4 v5 (1)
move-type3-e tv3 h1 h2 v4 v5 (1)
move-type3-n tv4 h1 v2 v3 v4 (1)
move-type3-n tv4 h1 v3 v4 v5 (1)
move-type4-w tsq h1 h2 h3 v2 v3 (1)
move-type1-w to1 h3 h4 v2 (1)
move-type1-n to1 h3 v2 v3 (1)
move-type2-n th h3 h4 v1 v2 (1)
move-type1-e to3 h2 h3 v1 (1)
move-type1-e to2 h1 h2 v1 (1)
move-type1-e to3 h3 h4 v1 (1)
move-type1-e to2 h2 h3 v1 (1)
move-type4-s tsq h1 h2 v1 v2 v3 (1)
move-type1-w to1 h2 h3 v3 (1)
move-type1-w to4 h3 h4 v3 (1)
move-type1-w to1 h1 h2 v3 (1)
move-type1-w to4 h2 h3 v3 (1)
move-type2-n th h3 h4 v2 v3 (1)
move-type1-n to3 h4 v1 v2 (1)
move-type1-e to2 h3 h4 v1 (1)
move-type4-e tsq h1 h2 h3 v1 v2 (1)
[t=338.516s, 0 KB] Plan length: 112 step(s).
[t=338.516s, 0 KB] Plan cost: 112
[t=338.516s, 0 KB] Expanded 5962030 state(s).
[t=338.516s, 0 KB] Reopened 1544131 state(s).
[t=338.516s, 0 KB] Evaluated 5962031 state(s).
[t=338.516s, 0 KB] Evaluations: 10379931
[t=338.516s, 0 KB] Generated 19878779 state(s).
[t=338.516s, 0 KB] Dead ends: 0 state(s).
[t=338.516s, 0 KB] Number of registered states: 4417900
[t=338.516s, 0 KB] Int hash set load factor: 4417900/8388608 = 0.526655
[t=338.516s, 0 KB] Int hash set resizes: 23
[t=338.516s, 0 KB] Best solution cost so far: 112
[t=338.516s, 0 KB] Solution found - keep searching
[t=338.594s, 0 KB] Building successor generator...done!
[t=338.594s, 0 KB] peak memory difference for successor generator creation: 0 KB
[t=338.594s, 0 KB] time for successor generation creation: 0s
[t=338.594s, 0 KB] Variables: 20
[t=338.594s, 0 KB] FactPairs: 220
[t=338.594s, 0 KB] Bytes per state: 12
[t=338.594s, 0 KB] Starting search: lazy_wastar(list(hff, hlm), preferred = list(hff, hlm), w = 2)
[t=338.594s, 0 KB] Conducting lazy best first search, (real) bound = 112
[t=338.594s, 0 KB] 4 initial landmarks, 4 goal landmarks
[t=338.594s, 0 KB] New best heuristic value for lmcount(lm_reasonable_orders_hps(lm_rhw), pref = true): 8
[t=338.594s, 0 KB] New best heuristic value for ff: 11
[t=338.594s, 0 KB] g=0, 1 evaluated, 0 expanded
[t=338.594s, 0 KB] Initial heuristic value for lmcount(lm_reasonable_orders_hps(lm_rhw), pref = true): 8
[t=338.594s, 0 KB] Initial heuristic value for ff: 11
[t=338.594s, 0 KB] New best heuristic value for ff: 10
[t=338.594s, 0 KB] g=1, 2 evaluated, 1 expanded
[t=338.594s, 0 KB] New best heuristic value for lmcount(lm_reasonable_orders_hps(lm_rhw), pref = true): 7
[t=338.594s, 0 KB] g=2, 3 evaluated, 2 expanded
[t=338.594s, 0 KB] New best heuristic value for ff: 9
[t=338.594s, 0 KB] g=1, 6 evaluated, 5 expanded
[t=338.594s, 0 KB] New best heuristic value for ff: 8
[t=338.594s, 0 KB] g=3, 11 evaluated, 10 expanded
[t=338.594s, 0 KB] New best heuristic value for lmcount(lm_reasonable_orders_hps(lm_rhw), pref = true): 6
[t=338.594s, 0 KB] g=5, 18 evaluated, 17 expanded
[t=338.656s, 0 KB] New best heuristic value for ff: 7
[t=338.656s, 0 KB] g=4, 1876 evaluated, 1875 expanded, 28 reopened
[t=338.656s, 0 KB] New best heuristic value for ff: 6
[t=338.656s, 0 KB] g=5, 1877 evaluated, 1876 expanded, 28 reopened
[t=338.781s, 0 KB] New best heuristic value for ff: 5
[t=338.781s, 0 KB] g=16, 5735 evaluated, 5734 expanded, 873 reopened
[t=345.594s, 0 KB] New best heuristic value for ff: 4
[t=345.594s, 0 KB] g=59, 212990 evaluated, 212989 expanded, 42861 reopened
[t=364.172s, 0 KB] New best heuristic value for lmcount(lm_reasonable_orders_hps(lm_rhw), pref = true): 4
[t=364.172s, 0 KB] g=71, 763863 evaluated, 763862 expanded, 145261 reopened
[t=392.844s, 0 KB] New best heuristic value for lmcount(lm_reasonable_orders_hps(lm_rhw), pref = true): 3
[t=392.844s, 0 KB] g=76, 1591126 evaluated, 1591125 expanded, 289382 reopened
[t=443.688s, 0 KB] New best heuristic value for ff: 3
[t=443.688s, 0 KB] g=88, 3077817 evaluated, 3077816 expanded, 566734 reopened
[t=481.906s, 0 KB] New best heuristic value for ff: 2
[t=481.906s, 0 KB] g=95, 4145264 evaluated, 4145263 expanded, 780638 reopened
[t=481.906s, 0 KB] New best heuristic value for lmcount(lm_reasonable_orders_hps(lm_rhw), pref = true): 2
[t=481.906s, 0 KB] g=96, 4145265 evaluated, 4145264 expanded, 780638 reopened
[t=648.859s, 0 KB] New best heuristic value for ff: 1
[t=648.859s, 0 KB] g=111, 9079992 evaluated, 9079991 expanded, 1962047 reopened
[t=775.406s, 0 KB] Completely explored state space -- no solution!
[t=775.406s, 0 KB] Actual search time: 436.812s
[t=775.406s, 0 KB] Expanded 13841877 state(s).
[t=775.406s, 0 KB] Reopened 4026064 state(s).
[t=775.406s, 0 KB] Evaluated 13841877 state(s).
[t=775.406s, 0 KB] Evaluations: 23657690
[t=775.406s, 0 KB] Generated 45560716 state(s).
[t=775.406s, 0 KB] Dead ends: 0 state(s).
[t=775.406s, 0 KB] Number of registered states: 9815813
[t=775.406s, 0 KB] Int hash set load factor: 9815813/16777216 = 0.585068
[t=775.406s, 0 KB] Int hash set resizes: 24
[t=775.406s, 0 KB] Best solution cost so far: 112
[t=775.406s, 0 KB] No solution found - keep searching
[t=775.422s, 0 KB] Building successor generator...done!
[t=775.422s, 0 KB] peak memory difference for successor generator creation: 0 KB
[t=775.422s, 0 KB] time for successor generation creation: 0s
[t=775.422s, 0 KB] Variables: 20
[t=775.422s, 0 KB] FactPairs: 220
[t=775.422s, 0 KB] Bytes per state: 12
[t=775.422s, 0 KB] Starting search: lazy_wastar(list(hff, hlm), preferred = list(hff, hlm), w = 1)
[t=775.422s, 0 KB] Conducting lazy best first search, (real) bound = 112
[t=775.422s, 0 KB] 4 initial landmarks, 4 goal landmarks
[t=775.422s, 0 KB] New best heuristic value for lmcount(lm_reasonable_orders_hps(lm_rhw), pref = true): 8
[t=775.422s, 0 KB] New best heuristic value for ff: 11
[t=775.422s, 0 KB] g=0, 1 evaluated, 0 expanded
[t=775.422s, 0 KB] Initial heuristic value for lmcount(lm_reasonable_orders_hps(lm_rhw), pref = true): 8
[t=775.422s, 0 KB] Initial heuristic value for ff: 11
[t=775.422s, 0 KB] New best heuristic value for ff: 10
[t=775.422s, 0 KB] g=1, 2 evaluated, 1 expanded
[t=775.422s, 0 KB] New best heuristic value for ff: 9
[t=775.422s, 0 KB] g=1, 4 evaluated, 3 expanded
[t=775.422s, 0 KB] New best heuristic value for lmcount(lm_reasonable_orders_hps(lm_rhw), pref = true): 7
[t=775.422s, 0 KB] g=2, 6 evaluated, 5 expanded
[t=775.422s, 0 KB] New best heuristic value for ff: 8
[t=775.422s, 0 KB] g=3, 17 evaluated, 16 expanded
[t=775.422s, 0 KB] New best heuristic value for lmcount(lm_reasonable_orders_hps(lm_rhw), pref = true): 6
[t=775.422s, 0 KB] g=4, 38 evaluated, 37 expanded
[t=775.484s, 0 KB] New best heuristic value for ff: 7
[t=775.484s, 0 KB] g=4, 1826 evaluated, 1825 expanded, 2 reopened
[t=775.484s, 0 KB] New best heuristic value for ff: 6
[t=775.484s, 0 KB] g=4, 1829 evaluated, 1828 expanded, 2 reopened
[t=775.672s, 0 KB] New best heuristic value for ff: 5
[t=775.672s, 0 KB] g=16, 7748 evaluated, 7747 expanded, 1101 reopened
[t=786.281s, 0 KB] New best heuristic value for ff: 4
[t=786.281s, 0 KB] g=59, 306926 evaluated, 306925 expanded, 44650 reopened
[t=815.719s, 0 KB] New best heuristic value for lmcount(lm_reasonable_orders_hps(lm_rhw), pref = true): 4
[t=815.719s, 0 KB] g=71, 1104251 evaluated, 1104250 expanded, 128918 reopened
[t=845.734s, 0 KB] New best heuristic value for lmcount(lm_reasonable_orders_hps(lm_rhw), pref = true): 3
[t=845.734s, 0 KB] g=77, 1928779 evaluated, 1928778 expanded, 218252 reopened
[t=910.406s, 0 KB] New best heuristic value for ff: 3
[t=910.406s, 0 KB] g=82, 3716950 evaluated, 3716949 expanded, 458412 reopened
[t=1000.3s, 0 KB] New best heuristic value for ff: 2
[t=1000.3s, 0 KB] g=95, 6270868 evaluated, 6270867 expanded, 880259 reopened
[t=1000.3s, 0 KB] New best heuristic value for lmcount(lm_reasonable_orders_hps(lm_rhw), pref = true): 2
[t=1000.3s, 0 KB] g=96, 6270870 evaluated, 6270869 expanded, 880259 reopened
[t=1157.91s, 0 KB] New best heuristic value for ff: 1
[t=1157.91s, 0 KB] g=111, 10834666 evaluated, 10834665 expanded, 2125875 reopened
[t=1208.27s, 0 KB] Completely explored state space -- no solution!
[t=1208.27s, 0 KB] Actual search time: 432.844s
[t=1208.27s, 0 KB] Expanded 12688960 state(s).
[t=1208.27s, 0 KB] Reopened 2873147 state(s).
[t=1208.27s, 0 KB] Evaluated 12688960 state(s).
[t=1208.27s, 0 KB] Evaluations: 22504773
[t=1208.27s, 0 KB] Generated 41716651 state(s).
[t=1208.27s, 0 KB] Dead ends: 0 state(s).
[t=1208.27s, 0 KB] Number of registered states: 9815813
[t=1208.27s, 0 KB] Int hash set load factor: 9815813/16777216 = 0.585068
[t=1208.27s, 0 KB] Int hash set resizes: 24
[t=1208.27s, 0 KB] Best solution cost so far: 112
[t=1208.27s, 0 KB] No solution found - keep searching
[t=1208.3s, 0 KB] Actual search time: 1208.3s
[t=1208.3s, 0 KB] Cumulative statistics:
[t=1208.3s, 0 KB] Expanded 38035078 state(s).
[t=1208.3s, 0 KB] Reopened 10051818 state(s).
[t=1208.3s, 0 KB] Evaluated 38035081 state(s).
[t=1208.3s, 0 KB] Evaluations: 66018344
[t=1208.3s, 0 KB] Generated 125786090 state(s).
[t=1208.3s, 0 KB] Dead ends: 0 state(s).
[t=1208.3s, 0 KB] Search time: 1208.3s
[t=1208.3s, 0 KB] Total time: 1208.3s
Solution found.
Peak memory: 0 KB
search exit code: 0

