INFO     Running translator.
INFO     translator stdin: None
INFO     translator time limit: None
INFO     translator memory limit: None
INFO     translator command line string: /usr/bin/python3 /home/bo198214/workspace/planner/downward/builds/release/bin/translate/translate.py /home/bo198214/workspace/slide_puzzle_gen/khunpan00-gen-domain.pddl /home/bo198214/workspace/slide_puzzle_gen/khunpan00-gen-problem.pddl --sas-file /home/bo198214/workspace/slide_puzzle_gen/khunpan00-gen.sas
Parsing...
Parsing: [0.020s CPU, 0.015s wall-clock]
Normalizing task... [0.000s CPU, 0.000s wall-clock]
Instantiating...
Generating Datalog program... [0.000s CPU, 0.001s wall-clock]
Normalizing Datalog program...
Normalizing Datalog program: [0.000s CPU, 0.008s wall-clock]
Preparing model... [0.000s CPU, 0.003s wall-clock]
Generated 167 rules.
Computing model... [0.110s CPU, 0.088s wall-clock]
899 relevant atoms
8900 auxiliary atoms
9799 final queue length
11035 total queue pushes
Completing instantiation... [0.010s CPU, 0.025s wall-clock]
Instantiating: [0.120s CPU, 0.126s wall-clock]
Computing fact groups...
Finding invariants...
7 initial candidates
Finding invariants: [0.020s CPU, 0.016s wall-clock]
Checking invariant weight... [0.000s CPU, 0.000s wall-clock]
Instantiating groups... [0.000s CPU, 0.001s wall-clock]
Collecting mutex groups... [0.000s CPU, 0.000s wall-clock]
Choosing groups...
0 uncovered facts
Choosing groups: [0.000s CPU, 0.000s wall-clock]
Building translation key... [0.000s CPU, 0.000s wall-clock]
Computing fact groups: [0.020s CPU, 0.019s wall-clock]
Building STRIPS to SAS dictionary... [0.010s CPU, 0.000s wall-clock]
Building dictionary for full mutex groups... [0.000s CPU, 0.000s wall-clock]
Building mutex information...
Building mutex information: [0.000s CPU, 0.000s wall-clock]
Translating task...
Processing axioms...
Simplifying axioms... [0.000s CPU, 0.000s wall-clock]
Translator axioms removed by simplifying: 0
Computing negative axioms... [0.000s CPU, 0.000s wall-clock]
Processing axioms: [0.000s CPU, 0.001s wall-clock]
Translating task: [0.020s CPU, 0.019s wall-clock]
0 effect conditions simplified
0 implied preconditions added
Detecting unreachable propositions...
0 operators removed
0 axioms removed
20 propositions removed
Detecting unreachable propositions: [0.000s CPU, 0.010s wall-clock]
Reordering and filtering variables...
20 of 20 variables necessary.
0 of 20 mutex groups necessary.
598 of 598 operators necessary.
0 of 0 axiom rules necessary.
Reordering and filtering variables: [0.000s CPU, 0.003s wall-clock]
Translator variables: 20
Translator derived variables: 0
Translator facts: 240
Translator goal facts: 4
Translator mutex groups: 0
Translator total mutex groups size: 0
Translator operators: 598
Translator axioms: 0
Translator task size: 3938
Translator peak memory: 0 KB
Writing output... [0.000s CPU, 0.007s wall-clock]
Done! [0.190s CPU, 0.201s wall-clock]
translate exit code: 0

INFO     Running search (release).
INFO     search stdin: /home/bo198214/workspace/slide_puzzle_gen/khunpan00-gen.sas
INFO     search time limit: None
INFO     search memory limit: None
INFO     search command line string: /home/bo198214/workspace/planner/downward/builds/release/bin/downward --if-unit-cost --evaluator 'hlm=lmcount(lm_reasonable_orders_hps(lm_rhw()),pref=true)' --evaluator 'hff=ff()' --search 'iterated([lazy_greedy([hff,hlm],preferred=[hff,hlm]),lazy_wastar([hff,hlm],preferred=[hff,hlm],w=5),lazy_wastar([hff,hlm],preferred=[hff,hlm],w=3),lazy_wastar([hff,hlm],preferred=[hff,hlm],w=2),lazy_wastar([hff,hlm],preferred=[hff,hlm],w=1)],repeat_last=true,continue_on_fail=true)' --if-non-unit-cost --evaluator 'hlm1=lmcount(lm_reasonable_orders_hps(lm_rhw()),transform=adapt_costs(one),pref=true)' --evaluator 'hff1=ff(transform=adapt_costs(one))' --evaluator 'hlm2=lmcount(lm_reasonable_orders_hps(lm_rhw()),transform=adapt_costs(plusone),pref=true)' --evaluator 'hff2=ff(transform=adapt_costs(plusone))' --search 'iterated([lazy_greedy([hff1,hlm1],preferred=[hff1,hlm1],cost_type=one,reopen_closed=false),lazy_greedy([hff2,hlm2],preferred=[hff2,hlm2],reopen_closed=false),lazy_wastar([hff2,hlm2],preferred=[hff2,hlm2],w=5),lazy_wastar([hff2,hlm2],preferred=[hff2,hlm2],w=3),lazy_wastar([hff2,hlm2],preferred=[hff2,hlm2],w=2),lazy_wastar([hff2,hlm2],preferred=[hff2,hlm2],w=1)],repeat_last=true,continue_on_fail=true)' --always --internal-plan-file /home/bo198214/workspace/slide_puzzle_gen/khunpan00-gen_downward.txt < /home/bo198214/workspace/slide_puzzle_gen/khunpan00-gen.sas
[t=0s, 0 KB] reading input...
[t=0s, 0 KB] done reading input!
[t=0s, 0 KB] Initializing landmark count heuristic...
[t=0s, 0 KB] Generating landmark graph...
[t=0s, 0 KB] Building a landmark graph with reasonable orders.
[t=0s, 0 KB] Initializing Exploration...
[t=0s, 0 KB] Generating landmarks using the RPG/SAS+ approach
Removed 0 reasonable or obedient reasonable orders
[t=0s, 0 KB] Landmarks generation time: 0s
[t=0s, 0 KB] Discovered 12 landmarks, of which 0 are disjunctive and 0 are conjunctive.
[t=0s, 0 KB] 14 edges
[t=0s, 0 KB] approx. reasonable orders
[t=0s, 0 KB] approx. obedient reasonable orders
[t=0s, 0 KB] Removed 0 reasonable or obedient reasonable orders
[t=0s, 0 KB] Landmarks generation time: 0s
[t=0s, 0 KB] Discovered 12 landmarks, of which 0 are disjunctive and 0 are conjunctive.
[t=0s, 0 KB] 14 edges
[t=0s, 0 KB] Landmark graph generation time: 0s
[t=0s, 0 KB] Landmark graph contains 12 landmarks, of which 0 are disjunctive and 0 are conjunctive.
[t=0s, 0 KB] Landmark graph contains 14 orderings.
[t=0s, 0 KB] Simplifying 1456 unary operators... done! [1456 unary operators]
[t=0s, 0 KB] time to simplify: 0s
[t=0s, 0 KB] Initializing additive heuristic...
[t=0s, 0 KB] Initializing FF heuristic...
[t=0s, 0 KB] Building successor generator...done!
[t=0s, 0 KB] peak memory difference for successor generator creation: 0 KB
[t=0s, 0 KB] time for successor generation creation: 0s
[t=0s, 0 KB] Variables: 20
[t=0s, 0 KB] FactPairs: 240
[t=0s, 0 KB] Bytes per state: 12
[t=0s, 0 KB] Building successor generator...done!
[t=0s, 0 KB] peak memory difference for successor generator creation: 0 KB
[t=0s, 0 KB] time for successor generation creation: 0s
[t=0s, 0 KB] Variables: 20
[t=0s, 0 KB] FactPairs: 240
[t=0s, 0 KB] Bytes per state: 12
[t=0s, 0 KB] Starting search: lazy_greedy(list(hff, hlm), preferred = list(hff, hlm))
[t=0s, 0 KB] Conducting lazy best first search, (real) bound = 2147483647
[t=0s, 0 KB] 4 initial landmarks, 4 goal landmarks
[t=0s, 0 KB] New best heuristic value for lmcount(lm_reasonable_orders_hps(lm_rhw), pref = true): 8
[t=0s, 0 KB] New best heuristic value for ff: 7
[t=0s, 0 KB] g=0, 1 evaluated, 0 expanded
[t=0s, 0 KB] Initial heuristic value for lmcount(lm_reasonable_orders_hps(lm_rhw), pref = true): 8
[t=0s, 0 KB] Initial heuristic value for ff: 7
[t=0s, 0 KB] New best heuristic value for lmcount(lm_reasonable_orders_hps(lm_rhw), pref = true): 7
[t=0s, 0 KB] g=1, 4 evaluated, 3 expanded
[t=0s, 0 KB] New best heuristic value for lmcount(lm_reasonable_orders_hps(lm_rhw), pref = true): 6
[t=0s, 0 KB] g=2, 7 evaluated, 6 expanded
[t=3.625s, 0 KB] New best heuristic value for ff: 6
[t=3.625s, 0 KB] g=16, 114585 evaluated, 114584 expanded
[t=24.6562s, 0 KB] New best heuristic value for ff: 4
[t=24.6562s, 0 KB] g=41, 747276 evaluated, 747275 expanded
[t=30.4531s, 0 KB] New best heuristic value for ff: 3
[t=30.4531s, 0 KB] g=62, 926021 evaluated, 926020 expanded
[t=32.7188s, 0 KB] New best heuristic value for lmcount(lm_reasonable_orders_hps(lm_rhw), pref = true): 4
[t=32.7188s, 0 KB] g=67, 996419 evaluated, 996418 expanded
[t=32.7344s, 0 KB] New best heuristic value for lmcount(lm_reasonable_orders_hps(lm_rhw), pref = true): 3
[t=32.7344s, 0 KB] New best heuristic value for ff: 2
[t=32.7344s, 0 KB] g=73, 996789 evaluated, 996788 expanded
[t=32.7344s, 0 KB] New best heuristic value for lmcount(lm_reasonable_orders_hps(lm_rhw), pref = true): 2
[t=32.7344s, 0 KB] g=83, 996808 evaluated, 996807 expanded
[t=32.7656s, 0 KB] New best heuristic value for ff: 1
[t=32.7656s, 0 KB] g=86, 997707 evaluated, 997706 expanded
[t=32.7656s, 0 KB] Solution found!
[t=32.7656s, 0 KB] Actual search time: 32.7656s
move-type1-e to5 h1 h2 v3 (1)
move-type1-n to2 h3 v2 v3 (1)
move-type2-n tv3 h1 v1 v2 v3 (1)
move-type1-w to3 h1 h2 v1 (1)
move-type1-s to1 h2 v1 v2 (1)
move-type1-s to5 h2 v2 v3 (1)
move-type1-e to5 h2 h3 v2 (1)
move-type2-e tv3 h1 h2 v2 v3 (1)
move-type1-n to3 h1 v1 v2 (1)
move-type1-w to1 h1 h2 v1 (1)
move-type2-s tv1 h1 v3 v4 v5 (1)
move-type1-e to1 h1 h2 v1 (1)
move-type1-s to3 h1 v1 v2 (1)
move-type2-s tv1 h1 v2 v3 v4 (1)
move-type3-w tsq h1 h2 h3 v4 v5 (1)
move-type1-n to2 h3 v3 v4 (1)
move-type1-n to5 h3 v2 v3 (1)
move-type1-n to2 h3 v4 v5 (1)
move-type1-n to5 h3 v3 v4 (1)
move-type1-w to6 h3 h4 v3 (1)
move-type2-s tv2 h4 v3 v4 v5 (1)
move-type1-e to2 h3 h4 v5 (1)
move-type1-s to6 h3 v2 v3 (1)
move-type1-s to5 h3 v3 v4 (1)
move-type3-e tsq h1 h2 h3 v4 v5 (1)
move-type2-n tv1 h1 v2 v3 v4 (1)
move-type2-n tv1 h1 v3 v4 v5 (1)
move-type2-w tv3 h1 h2 v2 v3 (1)
move-type1-w to5 h2 h3 v3 (1)
move-type1-n to6 h3 v2 v3 (1)
move-type1-n to1 h2 v1 v2 (1)
move-type1-w to4 h2 h3 v1 (1)
move-type2-w tv4 h3 h4 v1 v2 (1)
move-type2-s tv2 h4 v2 v3 v4 (1)
move-type2-s tv2 h4 v1 v2 v3 (1)
move-type1-e to6 h3 h4 v3 (1)
move-type1-e to5 h2 h3 v3 (1)
move-type1-n to1 h2 v2 v3 (1)
move-type1-n to6 h4 v3 v4 (1)
move-type1-e to5 h3 h4 v3 (1)
move-type2-n tv4 h3 v1 v2 v3 (1)
move-type1-e to4 h2 h3 v1 (1)
move-type1-s to1 h2 v2 v3 (1)
move-type1-s to1 h2 v1 v2 (1)
move-type2-w tv4 h2 h3 v2 v3 (1)
move-type1-w to5 h3 h4 v3 (1)
move-type2-n tv2 h4 v1 v2 v3 (1)
move-type1-s to5 h3 v2 v3 (1)
move-type1-e to4 h3 h4 v1 (1)
move-type1-s to5 h3 v1 v2 (1)
move-type2-e tv4 h2 h3 v2 v3 (1)
move-type1-n to1 h2 v1 v2 (1)
move-type1-w to5 h2 h3 v1 (1)
move-type2-s tv4 h3 v1 v2 v3 (1)
move-type3-s tsq h2 h3 v3 v4 v5 (1)
move-type1-w to2 h3 h4 v5 (1)
move-type1-n to6 h4 v4 v5 (1)
move-type2-n tv2 h4 v2 v3 v4 (1)
move-type1-w to2 h2 h3 v5 (1)
move-type1-w to6 h3 h4 v5 (1)
move-type2-n tv2 h4 v3 v4 v5 (1)
move-type1-n to4 h4 v1 v2 (1)
move-type1-n to4 h4 v2 v3 (1)
move-type2-e tv4 h3 h4 v1 v2 (1)
move-type1-e to5 h2 h3 v1 (1)
move-type1-s to1 h2 v1 v2 (1)
move-type3-s tsq h2 h3 v2 v3 v4 (1)
move-type1-s to2 h2 v4 v5 (1)
move-type1-e to2 h2 h3 v4 (1)
move-type2-e tv1 h1 h2 v4 v5 (1)
move-type2-n tv3 h1 v2 v3 v4 (1)
move-type2-n tv3 h1 v3 v4 v5 (1)
move-type3-w tsq h1 h2 h3 v2 v3 (1)
move-type1-n to5 h3 v1 v2 (1)
move-type1-e to1 h2 h3 v1 (1)
move-type1-n to5 h3 v2 v3 (1)
move-type1-n to1 h3 v1 v2 (1)
move-type1-e to3 h1 h2 v1 (1)
move-type1-e to3 h2 h3 v1 (1)
move-type3-s tsq h1 h2 v1 v2 v3 (1)
move-type1-w to5 h2 h3 v3 (1)
move-type1-n to1 h3 v2 v3 (1)
move-type1-n to3 h3 v1 v2 (1)
move-type1-w to5 h1 h2 v3 (1)
move-type1-w to1 h2 h3 v3 (1)
move-type1-n to3 h3 v2 v3 (1)
move-type3-e tsq h1 h2 h3 v1 v2 (1)
[t=32.7656s, 0 KB] Plan length: 87 step(s).
[t=32.7656s, 0 KB] Plan cost: 87
[t=32.7656s, 0 KB] Expanded 997707 state(s).
[t=32.7656s, 0 KB] Reopened 0 state(s).
[t=32.7656s, 0 KB] Evaluated 997708 state(s).
[t=32.7656s, 0 KB] Evaluations: 1995416
[t=32.7656s, 0 KB] Generated 3856220 state(s).
[t=32.7656s, 0 KB] Dead ends: 0 state(s).
[t=32.7656s, 0 KB] Number of registered states: 997708
[t=32.7656s, 0 KB] Int hash set load factor: 997708/2097152 = 0.475744
[t=32.7656s, 0 KB] Int hash set resizes: 21
[t=32.7656s, 0 KB] Best solution cost so far: 87
[t=32.7656s, 0 KB] Solution found - keep searching
[t=32.7812s, 0 KB] Building successor generator...done!
[t=32.7812s, 0 KB] peak memory difference for successor generator creation: 0 KB
[t=32.7812s, 0 KB] time for successor generation creation: 0s
[t=32.7812s, 0 KB] Variables: 20
[t=32.7812s, 0 KB] FactPairs: 240
[t=32.7812s, 0 KB] Bytes per state: 12
[t=32.7812s, 0 KB] Starting search: lazy_wastar(list(hff, hlm), preferred = list(hff, hlm), w = 5)
[t=32.7812s, 0 KB] Conducting lazy best first search, (real) bound = 87
[t=32.7812s, 0 KB] 4 initial landmarks, 4 goal landmarks
[t=32.7812s, 0 KB] New best heuristic value for ff: 7
[t=32.7812s, 0 KB] New best heuristic value for lmcount(lm_reasonable_orders_hps(lm_rhw), pref = true): 8
[t=32.7812s, 0 KB] g=0, 1 evaluated, 0 expanded
[t=32.7812s, 0 KB] Initial heuristic value for ff: 7
[t=32.7812s, 0 KB] Initial heuristic value for lmcount(lm_reasonable_orders_hps(lm_rhw), pref = true): 8
[t=32.7812s, 0 KB] New best heuristic value for lmcount(lm_reasonable_orders_hps(lm_rhw), pref = true): 7
[t=32.7812s, 0 KB] g=1, 4 evaluated, 3 expanded
[t=32.7812s, 0 KB] New best heuristic value for lmcount(lm_reasonable_orders_hps(lm_rhw), pref = true): 6
[t=32.7812s, 0 KB] g=2, 7 evaluated, 6 expanded
[t=33.125s, 0 KB] New best heuristic value for ff: 6
[t=33.125s, 0 KB] g=12, 12470 evaluated, 12469 expanded, 1905 reopened
[t=57.9375s, 0 KB] New best heuristic value for ff: 5
[t=57.9375s, 0 KB] g=25, 863274 evaluated, 863273 expanded, 161347 reopened
[t=58.2344s, 0 KB] New best heuristic value for ff: 4
[t=58.2344s, 0 KB] g=27, 873904 evaluated, 873903 expanded, 164702 reopened
[t=76.2344s, 0 KB] New best heuristic value for ff: 3
[t=76.2344s, 0 KB] g=38, 1491197 evaluated, 1491196 expanded, 289101 reopened
[t=82.7812s, 0 KB] New best heuristic value for lmcount(lm_reasonable_orders_hps(lm_rhw), pref = true): 4
[t=82.7812s, 0 KB] g=37, 1719313 evaluated, 1719312 expanded, 338073 reopened
[t=82.7969s, 0 KB] New best heuristic value for ff: 2
[t=82.7969s, 0 KB] New best heuristic value for lmcount(lm_reasonable_orders_hps(lm_rhw), pref = true): 3
[t=82.7969s, 0 KB] g=43, 1720082 evaluated, 1720081 expanded, 338084 reopened
[t=82.9062s, 0 KB] New best heuristic value for ff: 1
[t=82.9062s, 0 KB] New best heuristic value for lmcount(lm_reasonable_orders_hps(lm_rhw), pref = true): 2
[t=82.9062s, 0 KB] g=48, 1724303 evaluated, 1724302 expanded, 338773 reopened
[t=82.9062s, 0 KB] Solution found!
[t=82.9062s, 0 KB] Actual search time: 50.125s
move-type1-e to5 h1 h2 v3 (1)
move-type2-n tv3 h1 v1 v2 v3 (1)
move-type1-w to3 h1 h2 v1 (1)
move-type1-e to5 h2 h3 v3 (1)
move-type1-s to1 h2 v1 v2 (1)
move-type2-e tv3 h1 h2 v2 v3 (1)
move-type2-s tv1 h1 v3 v4 v5 (1)
move-type2-s tv1 h1 v2 v3 v4 (1)
move-type3-w tsq h1 h2 h3 v4 v5 (1)
move-type1-n to5 h3 v3 v4 (1)
move-type1-n to2 h3 v2 v3 (1)
move-type1-n to5 h3 v4 v5 (1)
move-type1-n to4 h3 v1 v2 (1)
move-type1-n to2 h3 v3 v4 (1)
move-type1-e to1 h2 h3 v1 (1)
move-type1-n to4 h3 v2 v3 (1)
move-type1-n to1 h3 v1 v2 (1)
move-type1-e to3 h1 h2 v1 (1)
move-type2-s tv1 h1 v1 v2 v3 (1)
move-type1-e to3 h2 h3 v1 (1)
move-type2-s tv3 h2 v1 v2 v3 (1)
move-type3-s tsq h1 h2 v3 v4 v5 (1)
move-type1-w to5 h2 h3 v5 (1)
move-type1-n to2 h3 v4 v5 (1)
move-type1-n to4 h3 v3 v4 (1)
move-type1-n to1 h3 v2 v3 (1)
move-type1-w to5 h1 h2 v5 (1)
move-type1-w to2 h2 h3 v5 (1)
move-type1-n to4 h3 v4 v5 (1)
move-type1-s to1 h3 v2 v3 (1)
move-type3-e tsq h1 h2 h3 v3 v4 (1)
move-type2-n tv1 h1 v1 v2 v3 (1)
move-type2-n tv1 h1 v2 v3 v4 (1)
move-type2-w tv3 h1 h2 v1 v2 (1)
move-type1-w to3 h2 h3 v1 (1)
move-type1-s to1 h3 v1 v2 (1)
move-type3-s tsq h2 h3 v2 v3 v4 (1)
move-type1-s to4 h3 v4 v5 (1)
move-type1-w to4 h2 h3 v4 (1)
move-type2-w tv2 h3 h4 v4 v5 (1)
move-type1-n to6 h4 v3 v4 (1)
move-type2-n tv4 h4 v1 v2 v3 (1)
move-type1-e to1 h3 h4 v1 (1)
move-type1-n to6 h4 v4 v5 (1)
move-type2-n tv4 h4 v2 v3 v4 (1)
move-type1-n to1 h4 v1 v2 (1)
move-type1-e to3 h2 h3 v1 (1)
move-type1-e to3 h3 h4 v1 (1)
move-type3-s tsq h2 h3 v1 v2 v3 (1)
[t=82.9062s, 0 KB] Plan length: 49 step(s).
[t=82.9062s, 0 KB] Plan cost: 49
[t=82.9062s, 0 KB] Expanded 1724303 state(s).
[t=82.9062s, 0 KB] Reopened 338773 state(s).
[t=82.9062s, 0 KB] Evaluated 1724304 state(s).
[t=82.9062s, 0 KB] Evaluations: 3109835
[t=82.9062s, 0 KB] Generated 6911607 state(s).
[t=82.9062s, 0 KB] Dead ends: 0 state(s).
[t=82.9062s, 0 KB] Number of registered states: 1385531
[t=82.9062s, 0 KB] Int hash set load factor: 1385531/2097152 = 0.660673
[t=82.9062s, 0 KB] Int hash set resizes: 21
[t=82.9062s, 0 KB] Best solution cost so far: 49
[t=82.9062s, 0 KB] Solution found - keep searching
[t=82.9375s, 0 KB] Building successor generator...done!
[t=82.9375s, 0 KB] peak memory difference for successor generator creation: 0 KB
[t=82.9375s, 0 KB] time for successor generation creation: 0s
[t=82.9375s, 0 KB] Variables: 20
[t=82.9375s, 0 KB] FactPairs: 240
[t=82.9375s, 0 KB] Bytes per state: 12
[t=82.9375s, 0 KB] Starting search: lazy_wastar(list(hff, hlm), preferred = list(hff, hlm), w = 3)
[t=82.9375s, 0 KB] Conducting lazy best first search, (real) bound = 49
[t=82.9375s, 0 KB] 4 initial landmarks, 4 goal landmarks
[t=82.9375s, 0 KB] New best heuristic value for lmcount(lm_reasonable_orders_hps(lm_rhw), pref = true): 8
[t=82.9375s, 0 KB] New best heuristic value for ff: 7
[t=82.9375s, 0 KB] g=0, 1 evaluated, 0 expanded
[t=82.9375s, 0 KB] Initial heuristic value for lmcount(lm_reasonable_orders_hps(lm_rhw), pref = true): 8
[t=82.9375s, 0 KB] Initial heuristic value for ff: 7
[t=82.9375s, 0 KB] New best heuristic value for lmcount(lm_reasonable_orders_hps(lm_rhw), pref = true): 7
[t=82.9375s, 0 KB] g=1, 4 evaluated, 3 expanded
[t=82.9375s, 0 KB] New best heuristic value for lmcount(lm_reasonable_orders_hps(lm_rhw), pref = true): 6
[t=82.9375s, 0 KB] g=2, 7 evaluated, 6 expanded
[t=83.1562s, 0 KB] New best heuristic value for ff: 6
[t=83.1562s, 0 KB] g=12, 7077 evaluated, 7076 expanded, 525 reopened
[t=100.609s, 0 KB] New best heuristic value for ff: 5
[t=100.609s, 0 KB] g=25, 573013 evaluated, 573012 expanded, 59233 reopened
[t=105.531s, 0 KB] New best heuristic value for ff: 4
[t=105.531s, 0 KB] g=27, 733966 evaluated, 733965 expanded, 81558 reopened
[t=125.094s, 0 KB] New best heuristic value for ff: 3
[t=125.094s, 0 KB] g=38, 1376602 evaluated, 1376601 expanded, 174726 reopened
[t=127.594s, 0 KB] New best heuristic value for lmcount(lm_reasonable_orders_hps(lm_rhw), pref = true): 4
[t=127.609s, 0 KB] g=37, 1458824 evaluated, 1458823 expanded, 186501 reopened
[t=145.359s, 0 KB] New best heuristic value for lmcount(lm_reasonable_orders_hps(lm_rhw), pref = true): 3
[t=145.359s, 0 KB] New best heuristic value for ff: 2
[t=145.359s, 0 KB] g=43, 2051438 evaluated, 2051437 expanded, 282650 reopened
[t=145.375s, 0 KB] New best heuristic value for lmcount(lm_reasonable_orders_hps(lm_rhw), pref = true): 2
[t=145.375s, 0 KB] New best heuristic value for ff: 1
[t=145.375s, 0 KB] g=48, 2052012 evaluated, 2052011 expanded, 282717 reopened
[t=163.047s, 0 KB] Solution found!
[t=163.047s, 0 KB] Actual search time: 80.1094s
move-type1-e to5 h1 h2 v3 (1)
move-type2-n tv3 h1 v1 v2 v3 (1)
move-type1-w to3 h1 h2 v1 (1)
move-type1-e to5 h2 h3 v3 (1)
move-type1-s to1 h2 v1 v2 (1)
move-type2-e tv3 h1 h2 v2 v3 (1)
move-type2-s tv1 h1 v3 v4 v5 (1)
move-type2-s tv1 h1 v2 v3 v4 (1)
move-type3-w tsq h1 h2 h3 v4 v5 (1)
move-type1-n to5 h3 v3 v4 (1)
move-type1-n to2 h3 v2 v3 (1)
move-type1-n to5 h3 v4 v5 (1)
move-type1-n to4 h3 v1 v2 (1)
move-type1-n to2 h3 v3 v4 (1)
move-type1-e to1 h2 h3 v1 (1)
move-type1-n to4 h3 v2 v3 (1)
move-type1-n to1 h3 v1 v2 (1)
move-type1-e to3 h1 h2 v1 (1)
move-type2-s tv1 h1 v1 v2 v3 (1)
move-type1-e to3 h2 h3 v1 (1)
move-type2-s tv3 h2 v1 v2 v3 (1)
move-type3-s tsq h1 h2 v3 v4 v5 (1)
move-type1-w to5 h2 h3 v5 (1)
move-type1-n to2 h3 v4 v5 (1)
move-type1-n to4 h3 v3 v4 (1)
move-type1-w to5 h1 h2 v5 (1)
move-type1-w to2 h2 h3 v5 (1)
move-type1-n to4 h3 v4 v5 (1)
move-type3-e tsq h1 h2 h3 v3 v4 (1)
move-type2-n tv1 h1 v1 v2 v3 (1)
move-type2-n tv1 h1 v2 v3 v4 (1)
move-type2-w tv3 h1 h2 v1 v2 (1)
move-type1-w to3 h2 h3 v1 (1)
move-type1-s to1 h3 v1 v2 (1)
move-type3-s tsq h2 h3 v2 v3 v4 (1)
move-type1-s to2 h2 v4 v5 (1)
move-type1-w to4 h2 h3 v5 (1)
move-type2-w tv2 h3 h4 v4 v5 (1)
move-type1-n to6 h4 v3 v4 (1)
move-type2-n tv4 h4 v1 v2 v3 (1)
move-type1-e to1 h3 h4 v1 (1)
move-type1-n to6 h4 v4 v5 (1)
move-type2-n tv4 h4 v2 v3 v4 (1)
move-type1-n to1 h4 v1 v2 (1)
move-type1-e to3 h2 h3 v1 (1)
move-type1-e to3 h3 h4 v1 (1)
move-type3-s tsq h2 h3 v1 v2 v3 (1)
[t=163.047s, 0 KB] Plan length: 47 step(s).
[t=163.047s, 0 KB] Plan cost: 47
[t=163.047s, 0 KB] Expanded 2645893 state(s).
[t=163.047s, 0 KB] Reopened 375639 state(s).
[t=163.047s, 0 KB] Evaluated 2645894 state(s).
[t=163.047s, 0 KB] Evaluations: 4916149
[t=163.047s, 0 KB] Generated 10406033 state(s).
[t=163.047s, 0 KB] Dead ends: 0 state(s).
[t=163.047s, 0 KB] Number of registered states: 2270255
[t=163.047s, 0 KB] Int hash set load factor: 2270255/4194304 = 0.541271
[t=163.047s, 0 KB] Int hash set resizes: 22
[t=163.047s, 0 KB] Best solution cost so far: 47
[t=163.047s, 0 KB] Solution found - keep searching
[t=163.094s, 0 KB] Building successor generator...done!
[t=163.094s, 0 KB] peak memory difference for successor generator creation: 0 KB
[t=163.094s, 0 KB] time for successor generation creation: 0s
[t=163.094s, 0 KB] Variables: 20
[t=163.094s, 0 KB] FactPairs: 240
[t=163.094s, 0 KB] Bytes per state: 12
[t=163.094s, 0 KB] Starting search: lazy_wastar(list(hff, hlm), preferred = list(hff, hlm), w = 2)
[t=163.094s, 0 KB] Conducting lazy best first search, (real) bound = 47
[t=163.094s, 0 KB] 4 initial landmarks, 4 goal landmarks
[t=163.094s, 0 KB] New best heuristic value for ff: 7
[t=163.094s, 0 KB] New best heuristic value for lmcount(lm_reasonable_orders_hps(lm_rhw), pref = true): 8
[t=163.094s, 0 KB] g=0, 1 evaluated, 0 expanded
[t=163.094s, 0 KB] Initial heuristic value for ff: 7
[t=163.094s, 0 KB] Initial heuristic value for lmcount(lm_reasonable_orders_hps(lm_rhw), pref = true): 8
[t=163.094s, 0 KB] New best heuristic value for lmcount(lm_reasonable_orders_hps(lm_rhw), pref = true): 7
[t=163.094s, 0 KB] g=1, 4 evaluated, 3 expanded
[t=163.094s, 0 KB] New best heuristic value for lmcount(lm_reasonable_orders_hps(lm_rhw), pref = true): 6
[t=163.094s, 0 KB] g=2, 7 evaluated, 6 expanded
[t=163.281s, 0 KB] New best heuristic value for ff: 6
[t=163.281s, 0 KB] g=12, 5926 evaluated, 5925 expanded, 318 reopened
[t=178.016s, 0 KB] New best heuristic value for ff: 5
[t=178.016s, 0 KB] g=25, 460299 evaluated, 460298 expanded, 23925 reopened
[t=183.234s, 0 KB] New best heuristic value for ff: 4
[t=183.25s, 0 KB] g=27, 620359 evaluated, 620358 expanded, 35218 reopened
[t=205.031s, 0 KB] New best heuristic value for ff: 3
[t=205.031s, 0 KB] g=34, 1299104 evaluated, 1299103 expanded, 101995 reopened
[t=208.875s, 0 KB] New best heuristic value for lmcount(lm_reasonable_orders_hps(lm_rhw), pref = true): 4
[t=208.875s, 0 KB] g=37, 1419684 evaluated, 1419683 expanded, 114375 reopened
[t=231.5s, 0 KB] New best heuristic value for ff: 2
[t=231.516s, 0 KB] New best heuristic value for lmcount(lm_reasonable_orders_hps(lm_rhw), pref = true): 3
[t=231.516s, 0 KB] g=40, 2132903 evaluated, 2132902 expanded, 190827 reopened
[t=249.797s, 0 KB] New best heuristic value for ff: 1
[t=249.797s, 0 KB] New best heuristic value for lmcount(lm_reasonable_orders_hps(lm_rhw), pref = true): 2
[t=249.797s, 0 KB] g=46, 2720866 evaluated, 2720865 expanded, 264495 reopened
[t=1551.89s, 0 KB] Completely explored state space -- no solution!
[t=1551.89s, 0 KB] Actual search time: 1388.8s
[t=1551.89s, 0 KB] Expanded 39741286 state(s).
[t=1551.89s, 0 KB] Reopened 5248193 state(s).
[t=1551.89s, 0 KB] Evaluated 39741286 state(s).
[t=1551.89s, 0 KB] Evaluations: 74234379
[t=1551.89s, 0 KB] Generated 146863965 state(s).
[t=1551.89s, 0 KB] Dead ends: 0 state(s).
[t=1551.89s, 0 KB] Number of registered states: 34493093
[t=1551.89s, 0 KB] Int hash set load factor: 34493093/67108864 = 0.513987
[t=1551.89s, 0 KB] Int hash set resizes: 26
[t=1551.89s, 0 KB] Best solution cost so far: 47
[t=1551.89s, 0 KB] No solution found - keep searching
[t=1551.95s, 0 KB] Building successor generator...done!
[t=1551.95s, 0 KB] peak memory difference for successor generator creation: 0 KB
[t=1551.95s, 0 KB] time for successor generation creation: 0s
[t=1551.95s, 0 KB] Variables: 20
[t=1551.95s, 0 KB] FactPairs: 240
[t=1551.95s, 0 KB] Bytes per state: 12
[t=1551.95s, 0 KB] Starting search: lazy_wastar(list(hff, hlm), preferred = list(hff, hlm), w = 1)
[t=1551.95s, 0 KB] Conducting lazy best first search, (real) bound = 47
[t=1551.95s, 0 KB] 4 initial landmarks, 4 goal landmarks
[t=1551.95s, 0 KB] New best heuristic value for lmcount(lm_reasonable_orders_hps(lm_rhw), pref = true): 8
[t=1551.95s, 0 KB] New best heuristic value for ff: 7
[t=1551.95s, 0 KB] g=0, 1 evaluated, 0 expanded
[t=1551.95s, 0 KB] Initial heuristic value for lmcount(lm_reasonable_orders_hps(lm_rhw), pref = true): 8
[t=1551.95s, 0 KB] Initial heuristic value for ff: 7
[t=1551.95s, 0 KB] New best heuristic value for lmcount(lm_reasonable_orders_hps(lm_rhw), pref = true): 7
[t=1551.95s, 0 KB] g=1, 4 evaluated, 3 expanded
[t=1551.95s, 0 KB] New best heuristic value for lmcount(lm_reasonable_orders_hps(lm_rhw), pref = true): 6
[t=1551.95s, 0 KB] g=2, 7 evaluated, 6 expanded
[t=1552.2s, 0 KB] New best heuristic value for ff: 6
[t=1552.2s, 0 KB] g=12, 6349 evaluated, 6348 expanded, 219 reopened
[t=1566.44s, 0 KB] New best heuristic value for ff: 5
[t=1566.44s, 0 KB] g=25, 425540 evaluated, 425539 expanded, 9693 reopened
[t=1571.73s, 0 KB] New best heuristic value for ff: 4
[t=1571.73s, 0 KB] g=27, 582612 evaluated, 582611 expanded, 16107 reopened
[t=1602.78s, 0 KB] New best heuristic value for lmcount(lm_reasonable_orders_hps(lm_rhw), pref = true): 4
[t=1602.78s, 0 KB] g=36, 1497847 evaluated, 1497846 expanded, 62917 reopened
[t=1604s, 0 KB] New best heuristic value for ff: 3
[t=1604s, 0 KB] g=34, 1534335 evaluated, 1534334 expanded, 65407 reopened
[t=1664.98s, 0 KB] New best heuristic value for lmcount(lm_reasonable_orders_hps(lm_rhw), pref = true): 3
[t=1664.98s, 0 KB] New best heuristic value for ff: 2
[t=1664.98s, 0 KB] g=41, 3316470 evaluated, 3316469 expanded, 148423 reopened
[t=1897.88s, 0 KB] New best heuristic value for lmcount(lm_reasonable_orders_hps(lm_rhw), pref = true): 2
[t=1897.88s, 0 KB] New best heuristic value for ff: 1
[t=1897.88s, 0 KB] g=46, 10083875 evaluated, 10083874 expanded, 463951 reopened
[t=2863.27s, 0 KB] Completely explored state space -- no solution!
[t=2863.27s, 0 KB] Actual search time: 1311.31s
[t=2863.27s, 0 KB] Expanded 36514855 state(s).
[t=2863.27s, 0 KB] Reopened 2021762 state(s).
[t=2863.27s, 0 KB] Evaluated 36514855 state(s).
[t=2863.27s, 0 KB] Evaluations: 71007948
[t=2863.27s, 0 KB] Generated 134620356 state(s).
[t=2863.27s, 0 KB] Dead ends: 0 state(s).
[t=2863.27s, 0 KB] Number of registered states: 34493093
[t=2863.27s, 0 KB] Int hash set load factor: 34493093/67108864 = 0.513987
[t=2863.27s, 0 KB] Int hash set resizes: 26
[t=2863.27s, 0 KB] Best solution cost so far: 47
[t=2863.27s, 0 KB] No solution found - keep searching
[t=2863.34s, 0 KB] Actual search time: 2863.34s
[t=2863.34s, 0 KB] Cumulative statistics:
[t=2863.34s, 0 KB] Expanded 81624044 state(s).
[t=2863.34s, 0 KB] Reopened 7984367 state(s).
[t=2863.34s, 0 KB] Evaluated 81624047 state(s).
[t=2863.34s, 0 KB] Evaluations: 155263727
[t=2863.34s, 0 KB] Generated 302658181 state(s).
[t=2863.34s, 0 KB] Dead ends: 0 state(s).
[t=2863.34s, 0 KB] Search time: 2863.34s
[t=2863.34s, 0 KB] Total time: 2863.34s
Solution found.
Peak memory: 0 KB
search exit code: 0

