INFO     Running translator.
INFO     translator stdin: None
INFO     translator time limit: None
INFO     translator memory limit: None
INFO     translator command line string: /usr/local/opt/python@3.9/bin/python3.9 /Users/htrappmann/workspace/planner/downward/builds/release/bin/translate/translate.py /Users/htrappmann/workspace/slide_puzzle_gen/sokoban2-domain.pddl /Users/htrappmann/workspace/slide_puzzle_gen/sokoban2/sokoban2-02-problem.pddl --sas-file /Users/htrappmann/workspace/slide_puzzle_gen/solve-downward/sokoban2/sokoban2-02.sas
Parsing...
Parsing: [0.000s CPU, 0.003s wall-clock]
Normalizing task... [0.000s CPU, 0.000s wall-clock]
Instantiating...
Generating Datalog program... [0.000s CPU, 0.001s wall-clock]
Normalizing Datalog program...
Normalizing Datalog program: [0.000s CPU, 0.003s wall-clock]
Preparing model... [0.000s CPU, 0.002s wall-clock]
Generated 49 rules.
Computing model... [0.020s CPU, 0.019s wall-clock]
718 relevant atoms
1616 auxiliary atoms
2334 final queue length
2664 total queue pushes
Completing instantiation... [0.010s CPU, 0.008s wall-clock]
Instantiating: [0.030s CPU, 0.033s wall-clock]
Computing fact groups...
Finding invariants...
4 initial candidates
Finding invariants: [0.000s CPU, 0.002s wall-clock]
Checking invariant weight... [0.000s CPU, 0.000s wall-clock]
Instantiating groups... [0.000s CPU, 0.000s wall-clock]
Collecting mutex groups... [0.000s CPU, 0.000s wall-clock]
Choosing groups...
61 uncovered facts
Choosing groups: [0.000s CPU, 0.000s wall-clock]
Building translation key... [0.000s CPU, 0.000s wall-clock]
Computing fact groups: [0.000s CPU, 0.003s wall-clock]
Building STRIPS to SAS dictionary... [0.000s CPU, 0.000s wall-clock]
Building dictionary for full mutex groups... [0.000s CPU, 0.000s wall-clock]
Building mutex information...
Building mutex information: [0.000s CPU, 0.000s wall-clock]
Translating task...
Processing axioms...
Simplifying axioms... [0.000s CPU, 0.000s wall-clock]
Translator axioms removed by simplifying: 0
Computing negative axioms... [0.000s CPU, 0.000s wall-clock]
Processing axioms: [0.000s CPU, 0.001s wall-clock]
Translating task: [0.010s CPU, 0.012s wall-clock]
124 effect conditions simplified
0 implied preconditions added
Detecting unreachable propositions...
0 operators removed
0 axioms removed
1 propositions removed
Detecting unreachable propositions: [0.010s CPU, 0.005s wall-clock]
Reordering and filtering variables...
62 of 62 variables necessary.
0 of 1 mutex groups necessary.
326 of 326 operators necessary.
0 of 0 axiom rules necessary.
Reordering and filtering variables: [0.000s CPU, 0.002s wall-clock]
Translator variables: 62
Translator derived variables: 0
Translator facts: 192
Translator goal facts: 10
Translator mutex groups: 0
Translator total mutex groups size: 0
Translator operators: 326
Translator axioms: 0
Translator task size: 1916
warning: could not determine peak memory
Writing output... [0.010s CPU, 0.003s wall-clock]
Done! [0.060s CPU, 0.062s wall-clock]
translate exit code: 0

INFO     Running search (release).
INFO     search stdin: /Users/htrappmann/workspace/slide_puzzle_gen/solve-downward/sokoban2/sokoban2-02.sas
INFO     search time limit: None
INFO     search memory limit: None
INFO     search command line string: /Users/htrappmann/workspace/planner/downward/builds/release/bin/downward --if-unit-cost --evaluator 'hlm=lmcount(lm_reasonable_orders_hps(lm_rhw()),pref=true)' --evaluator 'hff=ff()' --search 'iterated([lazy_greedy([hff,hlm],preferred=[hff,hlm]),lazy_wastar([hff,hlm],preferred=[hff,hlm],w=5),lazy_wastar([hff,hlm],preferred=[hff,hlm],w=3),lazy_wastar([hff,hlm],preferred=[hff,hlm],w=2),lazy_wastar([hff,hlm],preferred=[hff,hlm],w=1)],repeat_last=true,continue_on_fail=true)' --if-non-unit-cost --evaluator 'hlm1=lmcount(lm_reasonable_orders_hps(lm_rhw()),transform=adapt_costs(one),pref=true)' --evaluator 'hff1=ff(transform=adapt_costs(one))' --evaluator 'hlm2=lmcount(lm_reasonable_orders_hps(lm_rhw()),transform=adapt_costs(plusone),pref=true)' --evaluator 'hff2=ff(transform=adapt_costs(plusone))' --search 'iterated([lazy_greedy([hff1,hlm1],preferred=[hff1,hlm1],cost_type=one,reopen_closed=false),lazy_greedy([hff2,hlm2],preferred=[hff2,hlm2],reopen_closed=false),lazy_wastar([hff2,hlm2],preferred=[hff2,hlm2],w=5),lazy_wastar([hff2,hlm2],preferred=[hff2,hlm2],w=3),lazy_wastar([hff2,hlm2],preferred=[hff2,hlm2],w=2),lazy_wastar([hff2,hlm2],preferred=[hff2,hlm2],w=1)],repeat_last=true,continue_on_fail=true)' --always --internal-plan-file /Users/htrappmann/workspace/slide_puzzle_gen/solve-downward/sokoban2/sokoban2-02.txt < /Users/htrappmann/workspace/slide_puzzle_gen/solve-downward/sokoban2/sokoban2-02.sas
[t=0.00392504s, 4293444 KB] reading input...
[t=0.0130516s, 4306756 KB] done reading input!
[t=0.0154074s, 4307780 KB] Initializing landmark count heuristic...
[t=0.0154272s, 4307780 KB] Generating landmark graph...
[t=0.0154823s, 4307780 KB] Building a landmark graph with reasonable orders.
[t=0.0158387s, 4307780 KB] Initializing Exploration...
[t=0.016271s, 4307848 KB] Generating landmarks using the RPG/SAS+ approach
Removed 0 reasonable or obedient reasonable orders
[t=0.0193742s, 4307848 KB] Landmarks generation time: 0.00389352s
[t=0.0193835s, 4307848 KB] Discovered 31 landmarks, of which 8 are disjunctive and 0 are conjunctive.
[t=0.0193891s, 4307848 KB] 54 edges
[t=0.0194002s, 4307848 KB] approx. reasonable orders
[t=0.0196111s, 4307848 KB] approx. obedient reasonable orders
[t=0.0196369s, 4307848 KB] Removed 0 reasonable or obedient reasonable orders
[t=0.0196484s, 4307848 KB] Landmarks generation time: 0.00422053s
[t=0.0196553s, 4307848 KB] Discovered 31 landmarks, of which 8 are disjunctive and 0 are conjunctive.
[t=0.0196619s, 4307848 KB] 54 edges
[t=0.0196668s, 4307848 KB] Landmark graph generation time: 0.00424426s
[t=0.0196734s, 4307848 KB] Landmark graph contains 31 landmarks, of which 8 are disjunctive and 0 are conjunctive.
[t=0.0196781s, 4307848 KB] Landmark graph contains 54 orderings.
[t=0.0203292s, 4307848 KB] Simplifying 574 unary operators... done! [574 unary operators]
[t=0.0208492s, 4307848 KB] time to simplify: 0.000526066s
[t=0.0209524s, 4307848 KB] Initializing additive heuristic...
[t=0.0209586s, 4307848 KB] Initializing FF heuristic...
[t=0.0211325s, 4307848 KB] Building successor generator...done!
[t=0.0214446s, 4307848 KB] peak memory difference for successor generator creation: 0 KB
[t=0.0214514s, 4307848 KB] time for successor generation creation: 0.000298663s
[t=0.0214625s, 4307848 KB] Variables: 62
[t=0.0214668s, 4307848 KB] FactPairs: 192
[t=0.0214705s, 4307848 KB] Bytes per state: 12
[t=0.0223304s, 4307848 KB] Building successor generator...done!
[t=0.0223494s, 4307848 KB] peak memory difference for successor generator creation: 0 KB
[t=0.0223592s, 4307848 KB] time for successor generation creation: 3.05e-07s
[t=0.0223681s, 4307848 KB] Variables: 62
[t=0.0223725s, 4307848 KB] FactPairs: 192
[t=0.0223762s, 4307848 KB] Bytes per state: 12
[t=0.0224159s, 4316040 KB] Starting search: lazy_greedy(list(hff, hlm), preferred = list(hff, hlm))
[t=0.0224266s, 4316040 KB] Conducting lazy best first search, (real) bound = 2147483647
[t=0.0224401s, 4316040 KB] 11 initial landmarks, 10 goal landmarks
[t=0.0225072s, 4316040 KB] New best heuristic value for lmcount(lm_reasonable_orders_hps(lm_rhw), pref = true): 20
[t=0.0225153s, 4316040 KB] New best heuristic value for ff: 32
[t=0.0225191s, 4316040 KB] g=0, 1 evaluated, 0 expanded
[t=0.022541s, 4316040 KB] Initial heuristic value for lmcount(lm_reasonable_orders_hps(lm_rhw), pref = true): 20
[t=0.0225455s, 4316040 KB] Initial heuristic value for ff: 32
[t=0.0226139s, 4316040 KB] New best heuristic value for lmcount(lm_reasonable_orders_hps(lm_rhw), pref = true): 19
[t=0.0226196s, 4316040 KB] g=1, 3 evaluated, 2 expanded
[t=0.0227278s, 4316040 KB] New best heuristic value for lmcount(lm_reasonable_orders_hps(lm_rhw), pref = true): 18
[t=0.0227414s, 4316040 KB] g=2, 5 evaluated, 4 expanded
[t=0.0227935s, 4316040 KB] New best heuristic value for lmcount(lm_reasonable_orders_hps(lm_rhw), pref = true): 17
[t=0.0228009s, 4316040 KB] g=3, 6 evaluated, 5 expanded
[t=0.0232566s, 4316040 KB] New best heuristic value for ff: 30
[t=0.0232698s, 4316040 KB] g=5, 18 evaluated, 17 expanded
[t=0.0233429s, 4316040 KB] New best heuristic value for ff: 29
[t=0.0233579s, 4316040 KB] g=6, 19 evaluated, 18 expanded
[t=0.0234476s, 4324232 KB] New best heuristic value for ff: 27
[t=0.0234608s, 4324232 KB] g=7, 20 evaluated, 19 expanded
[t=0.0235219s, 4332424 KB] New best heuristic value for ff: 26
[t=0.0235288s, 4332424 KB] g=8, 21 evaluated, 20 expanded
[t=0.301608s, 4374536 KB] New best heuristic value for ff: 25
[t=0.301634s, 4374536 KB] g=93, 10404 evaluated, 10301 expanded
[t=0.301673s, 4374536 KB] New best heuristic value for ff: 22
[t=0.301678s, 4374536 KB] g=94, 10405 evaluated, 10302 expanded
[t=0.30177s, 4374536 KB] New best heuristic value for lmcount(lm_reasonable_orders_hps(lm_rhw), pref = true): 15
[t=0.301776s, 4374536 KB] New best heuristic value for ff: 15
[t=0.301779s, 4374536 KB] g=94, 10408 evaluated, 10305 expanded
[t=0.301845s, 4374536 KB] New best heuristic value for lmcount(lm_reasonable_orders_hps(lm_rhw), pref = true): 14
[t=0.30185s, 4374536 KB] g=95, 10410 evaluated, 10307 expanded
[t=0.302265s, 4374536 KB] New best heuristic value for lmcount(lm_reasonable_orders_hps(lm_rhw), pref = true): 13
[t=0.302271s, 4374536 KB] g=98, 10424 evaluated, 10321 expanded
[t=0.302316s, 4374536 KB] New best heuristic value for lmcount(lm_reasonable_orders_hps(lm_rhw), pref = true): 12
[t=0.302322s, 4374536 KB] g=99, 10425 evaluated, 10322 expanded
[t=0.302475s, 4374536 KB] New best heuristic value for ff: 14
[t=0.302481s, 4374536 KB] g=98, 10430 evaluated, 10327 expanded
[t=0.30279s, 4374536 KB] New best heuristic value for lmcount(lm_reasonable_orders_hps(lm_rhw), pref = true): 11
[t=0.302797s, 4374536 KB] g=102, 10440 evaluated, 10337 expanded
[t=0.318748s, 4374536 KB] New best heuristic value for ff: 13
[t=0.318766s, 4374536 KB] g=148, 10988 evaluated, 10884 expanded
[t=0.318856s, 4374536 KB] New best heuristic value for lmcount(lm_reasonable_orders_hps(lm_rhw), pref = true): 10
[t=0.318863s, 4374536 KB] g=149, 10991 evaluated, 10887 expanded
[t=0.319082s, 4374536 KB] New best heuristic value for lmcount(lm_reasonable_orders_hps(lm_rhw), pref = true): 9
[t=0.319089s, 4374536 KB] g=151, 10999 evaluated, 10895 expanded
[t=0.319177s, 4374536 KB] New best heuristic value for lmcount(lm_reasonable_orders_hps(lm_rhw), pref = true): 8
[t=0.319183s, 4374536 KB] g=152, 11002 evaluated, 10898 expanded
[t=0.335731s, 4374536 KB] New best heuristic value for lmcount(lm_reasonable_orders_hps(lm_rhw), pref = true): 7
[t=0.335754s, 4374536 KB] New best heuristic value for ff: 12
[t=0.335759s, 4374536 KB] g=220, 11590 evaluated, 11484 expanded
[t=0.364278s, 4374536 KB] New best heuristic value for ff: 11
[t=0.364296s, 4374536 KB] g=223, 12601 evaluated, 12480 expanded
[t=0.422033s, 4374536 KB] New best heuristic value for ff: 10
[t=0.42205s, 4374536 KB] g=251, 14670 evaluated, 14515 expanded
[t=0.74213s, 4374792 KB] New best heuristic value for lmcount(lm_reasonable_orders_hps(lm_rhw), pref = true): 6
[t=0.74215s, 4374792 KB] g=316, 25918 evaluated, 25641 expanded
[t=0.756318s, 4374792 KB] New best heuristic value for ff: 9
[t=0.756338s, 4374792 KB] g=287, 26437 evaluated, 26157 expanded
[t=6.37621s, 4386568 KB] New best heuristic value for ff: 8
[t=6.37623s, 4386568 KB] g=389, 223136 evaluated, 221959 expanded
[t=9.97678s, 4390664 KB] New best heuristic value for ff: 7
[t=9.9768s, 4390664 KB] g=470, 350952 evaluated, 348973 expanded
