INFO     Running translator.
INFO     translator stdin: None
INFO     translator time limit: None
INFO     translator memory limit: None
INFO     translator command line string: /usr/bin/python3 /home/bo198214/workspace/planner/downward/builds/release/bin/translate/translate.py /home/bo198214/workspace/slide_puzzle_gen/khunpan07-ac-gen-domain.pddl /home/bo198214/workspace/slide_puzzle_gen/khunpan07-ac-gen-problem.pddl --sas-file /home/bo198214/workspace/slide_puzzle_gen/khunpan07-ac-gen.sas
Parsing...
Parsing: [0.130s CPU, 0.126s wall-clock]
Normalizing task... [0.010s CPU, 0.016s wall-clock]
Instantiating...
Generating Datalog program... [0.020s CPU, 0.013s wall-clock]
Normalizing Datalog program...
Normalizing Datalog program: [0.230s CPU, 0.245s wall-clock]
Preparing model... [0.140s CPU, 0.134s wall-clock]
Generated 5701 rules.
Computing model... [3.500s CPU, 3.544s wall-clock]
15949 relevant atoms
288700 auxiliary atoms
304649 final queue length
355439 total queue pushes
Completing instantiation... [1.680s CPU, 1.694s wall-clock]
Instantiating: [5.700s CPU, 5.734s wall-clock]
Computing fact groups...
Finding invariants...
9 initial candidates
Finding invariants: [0.560s CPU, 0.564s wall-clock]
Checking invariant weight... [0.000s CPU, 0.000s wall-clock]
Instantiating groups... [0.000s CPU, 0.001s wall-clock]
Collecting mutex groups... [0.000s CPU, 0.000s wall-clock]
Choosing groups...
0 uncovered facts
Choosing groups: [0.000s CPU, 0.000s wall-clock]
Building translation key... [0.000s CPU, 0.000s wall-clock]
Computing fact groups: [0.560s CPU, 0.567s wall-clock]
Building STRIPS to SAS dictionary... [0.000s CPU, 0.000s wall-clock]
Building dictionary for full mutex groups... [0.000s CPU, 0.000s wall-clock]
Building mutex information...
Building mutex information: [0.000s CPU, 0.000s wall-clock]
Translating task...
Processing axioms...
Simplifying axioms... [0.000s CPU, 0.000s wall-clock]
Translator axioms removed by simplifying: 0
Computing negative axioms... [0.000s CPU, 0.000s wall-clock]
Processing axioms: [0.050s CPU, 0.057s wall-clock]
Translating task: [0.770s CPU, 0.774s wall-clock]
0 effect conditions simplified
0 implied preconditions added
Detecting unreachable propositions...
0 operators removed
0 axioms removed
21 propositions removed
Detecting unreachable propositions: [0.590s CPU, 0.594s wall-clock]
Reordering and filtering variables...
21 of 21 variables necessary.
0 of 21 mutex groups necessary.
10440 of 10440 operators necessary.
0 of 0 axiom rules necessary.
Reordering and filtering variables: [0.100s CPU, 0.083s wall-clock]
Translator variables: 21
Translator derived variables: 0
Translator facts: 231
Translator goal facts: 4
Translator mutex groups: 0
Translator total mutex groups size: 0
Translator operators: 10440
Translator axioms: 0
Translator task size: 88894
Translator peak memory: 0 KB
Writing output... [0.120s CPU, 0.125s wall-clock]
Done! [8.010s CPU, 8.057s wall-clock]
translate exit code: 0

INFO     Running search (release).
INFO     search stdin: /home/bo198214/workspace/slide_puzzle_gen/khunpan07-ac-gen.sas
INFO     search time limit: None
INFO     search memory limit: None
INFO     search command line string: /home/bo198214/workspace/planner/downward/builds/release/bin/downward --if-unit-cost --evaluator 'hlm=lmcount(lm_reasonable_orders_hps(lm_rhw()),pref=true)' --evaluator 'hff=ff()' --search 'iterated([lazy_greedy([hff,hlm],preferred=[hff,hlm]),lazy_wastar([hff,hlm],preferred=[hff,hlm],w=5),lazy_wastar([hff,hlm],preferred=[hff,hlm],w=3),lazy_wastar([hff,hlm],preferred=[hff,hlm],w=2),lazy_wastar([hff,hlm],preferred=[hff,hlm],w=1)],repeat_last=true,continue_on_fail=true)' --if-non-unit-cost --evaluator 'hlm1=lmcount(lm_reasonable_orders_hps(lm_rhw()),transform=adapt_costs(one),pref=true)' --evaluator 'hff1=ff(transform=adapt_costs(one))' --evaluator 'hlm2=lmcount(lm_reasonable_orders_hps(lm_rhw()),transform=adapt_costs(plusone),pref=true)' --evaluator 'hff2=ff(transform=adapt_costs(plusone))' --search 'iterated([lazy_greedy([hff1,hlm1],preferred=[hff1,hlm1],cost_type=one,reopen_closed=false),lazy_greedy([hff2,hlm2],preferred=[hff2,hlm2],reopen_closed=false),lazy_wastar([hff2,hlm2],preferred=[hff2,hlm2],w=5),lazy_wastar([hff2,hlm2],preferred=[hff2,hlm2],w=3),lazy_wastar([hff2,hlm2],preferred=[hff2,hlm2],w=2),lazy_wastar([hff2,hlm2],preferred=[hff2,hlm2],w=1)],repeat_last=true,continue_on_fail=true)' --always --internal-plan-file /home/bo198214/workspace/slide_puzzle_gen/khunpan07-ac-gen_downward.txt < /home/bo198214/workspace/slide_puzzle_gen/khunpan07-ac-gen.sas
[t=0s, 0 KB] reading input...
[t=0.109375s, 0 KB] done reading input!
[t=0.109375s, 0 KB] Initializing landmark count heuristic...
[t=0.109375s, 0 KB] Generating landmark graph...
[t=0.109375s, 0 KB] Building a landmark graph with reasonable orders.
[t=0.109375s, 0 KB] Initializing Exploration...
[t=0.140625s, 0 KB] Generating landmarks using the RPG/SAS+ approach
Removed 0 reasonable or obedient reasonable orders
[t=0.1875s, 0 KB] Landmarks generation time: 0.078125s
[t=0.1875s, 0 KB] Discovered 8 landmarks, of which 0 are disjunctive and 0 are conjunctive.
[t=0.1875s, 0 KB] 6 edges
[t=0.1875s, 0 KB] approx. reasonable orders
[t=0.1875s, 0 KB] approx. obedient reasonable orders
[t=0.1875s, 0 KB] Removed 0 reasonable or obedient reasonable orders
[t=0.1875s, 0 KB] Landmarks generation time: 0.078125s
[t=0.1875s, 0 KB] Discovered 8 landmarks, of which 0 are disjunctive and 0 are conjunctive.
[t=0.1875s, 0 KB] 6 edges
[t=0.1875s, 0 KB] Landmark graph generation time: 0.078125s
[t=0.1875s, 0 KB] Landmark graph contains 8 landmarks, of which 0 are disjunctive and 0 are conjunctive.
[t=0.1875s, 0 KB] Landmark graph contains 6 orderings.
[t=0.203125s, 0 KB] Simplifying 36958 unary operators... done! [20092 unary operators]
[t=0.234375s, 0 KB] time to simplify: 0.03125s
[t=0.234375s, 0 KB] Initializing additive heuristic...
[t=0.234375s, 0 KB] Initializing FF heuristic...
[t=0.234375s, 0 KB] Initializing landmark count heuristic...
[t=0.234375s, 0 KB] Generating landmark graph...
[t=0.234375s, 0 KB] Building a landmark graph with reasonable orders.
[t=0.234375s, 0 KB] Initializing Exploration...
[t=0.25s, 0 KB] Generating landmarks using the RPG/SAS+ approach
Removed 0 reasonable or obedient reasonable orders
[t=0.28125s, 0 KB] Landmarks generation time: 0.046875s
[t=0.28125s, 0 KB] Discovered 8 landmarks, of which 0 are disjunctive and 0 are conjunctive.
[t=0.28125s, 0 KB] 6 edges
[t=0.28125s, 0 KB] approx. reasonable orders
[t=0.28125s, 0 KB] approx. obedient reasonable orders
[t=0.28125s, 0 KB] Removed 0 reasonable or obedient reasonable orders
[t=0.28125s, 0 KB] Landmarks generation time: 0.046875s
[t=0.28125s, 0 KB] Discovered 8 landmarks, of which 0 are disjunctive and 0 are conjunctive.
[t=0.28125s, 0 KB] 6 edges
[t=0.28125s, 0 KB] Landmark graph generation time: 0.046875s
[t=0.28125s, 0 KB] Landmark graph contains 8 landmarks, of which 0 are disjunctive and 0 are conjunctive.
[t=0.28125s, 0 KB] Landmark graph contains 6 orderings.
[t=0.296875s, 0 KB] Simplifying 36958 unary operators... done! [20092 unary operators]
[t=0.3125s, 0 KB] time to simplify: 0.015625s
[t=0.3125s, 0 KB] Initializing additive heuristic...
[t=0.3125s, 0 KB] Initializing FF heuristic...
[t=0.3125s, 0 KB] Building successor generator...done!
[t=0.328125s, 0 KB] peak memory difference for successor generator creation: 0 KB
[t=0.328125s, 0 KB] time for successor generation creation: 0.015625s
[t=0.328125s, 0 KB] Variables: 21
[t=0.328125s, 0 KB] FactPairs: 231
[t=0.328125s, 0 KB] Bytes per state: 12
[t=0.328125s, 0 KB] Building successor generator...done!
[t=0.328125s, 0 KB] peak memory difference for successor generator creation: 0 KB
[t=0.328125s, 0 KB] time for successor generation creation: 0s
[t=0.328125s, 0 KB] Variables: 21
[t=0.328125s, 0 KB] FactPairs: 231
[t=0.328125s, 0 KB] Bytes per state: 12
[t=0.328125s, 0 KB] Starting search: lazy_greedy(list(hff1, hlm1), preferred = list(hff1, hlm1), cost_type = one, reopen_closed = false)
[t=0.328125s, 0 KB] Conducting lazy best first search, (real) bound = 2147483647
[t=0.328125s, 0 KB] 4 initial landmarks, 4 goal landmarks
[t=0.328125s, 0 KB] New best heuristic value for lmcount(lm_reasonable_orders_hps(lm_rhw), transform = adapt_costs(one), pref = true): 4
[t=0.328125s, 0 KB] New best heuristic value for ff(transform = adapt_costs(one)): 5
[t=0.328125s, 0 KB] g=0, 1 evaluated, 0 expanded
[t=0.328125s, 0 KB] Initial heuristic value for lmcount(lm_reasonable_orders_hps(lm_rhw), transform = adapt_costs(one), pref = true): 4
[t=0.328125s, 0 KB] Initial heuristic value for ff(transform = adapt_costs(one)): 5
[t=0.328125s, 0 KB] New best heuristic value for ff(transform = adapt_costs(one)): 3
[t=0.328125s, 0 KB] g=3, 6 evaluated, 5 expanded
[t=0.328125s, 0 KB] New best heuristic value for lmcount(lm_reasonable_orders_hps(lm_rhw), transform = adapt_costs(one), pref = true): 3
[t=0.328125s, 0 KB] New best heuristic value for ff(transform = adapt_costs(one)): 2
[t=0.328125s, 0 KB] g=4, 7 evaluated, 6 expanded
[t=0.328125s, 0 KB] New best heuristic value for lmcount(lm_reasonable_orders_hps(lm_rhw), transform = adapt_costs(one), pref = true): 2
[t=0.328125s, 0 KB] g=14, 39 evaluated, 38 expanded
[t=0.34375s, 0 KB] New best heuristic value for ff(transform = adapt_costs(one)): 1
[t=0.34375s, 0 KB] g=17, 93 evaluated, 92 expanded
[t=0.34375s, 0 KB] Solution found!
[t=0.34375s, 0 KB] Actual search time: 0.015625s
move-count1-prev_to1-type2-e tv1 h1 h2 v4 v5 (1)
move-count1-prev_tv1-type2-n tv4 h1 v2 v3 v4 (1)
move-count0-prev_tv4-type2-n tv4 h1 v3 v4 v5 (0)
move-count1-prev_tv4-type3-w tsq h1 h2 h3 v2 v3 (1)
move-count1-prev_tsq-type1-n to3 h3 v1 v2 (1)
move-count1-prev_to3-type1-e to2 h2 h3 v1 (1)
move-count1-prev_to2-type1-n to3 h3 v2 v3 (1)
move-count1-prev_to3-type1-n to2 h3 v1 v2 (1)
move-count1-prev_to2-type1-e to1 h1 h2 v1 (1)
move-count0-prev_to1-type1-e to1 h2 h3 v1 (0)
move-count1-prev_to1-type3-s tsq h1 h2 v1 v2 v3 (1)
move-count1-prev_tsq-type1-w to3 h2 h3 v3 (1)
move-count1-prev_to3-type1-n to2 h3 v2 v3 (1)
move-count1-prev_to2-type1-n to1 h3 v1 v2 (1)
move-count1-prev_to1-type1-w to3 h1 h2 v3 (1)
move-count1-prev_to3-type1-w to2 h2 h3 v3 (1)
move-count1-prev_to2-type1-n to1 h3 v2 v3 (1)
move-count1-prev_to1-type3-e tsq h1 h2 h3 v1 v2 (1)
[t=0.34375s, 0 KB] Plan length: 18 step(s).
[t=0.34375s, 0 KB] Plan cost: 16
[t=0.34375s, 0 KB] Expanded 93 state(s).
[t=0.34375s, 0 KB] Reopened 0 state(s).
[t=0.34375s, 0 KB] Evaluated 94 state(s).
[t=0.34375s, 0 KB] Evaluations: 188
[t=0.34375s, 0 KB] Generated 358 state(s).
[t=0.34375s, 0 KB] Dead ends: 0 state(s).
[t=0.34375s, 0 KB] Number of registered states: 94
[t=0.34375s, 0 KB] Int hash set load factor: 94/128 = 0.734375
[t=0.34375s, 0 KB] Int hash set resizes: 7
[t=0.34375s, 0 KB] Best solution cost so far: 16
[t=0.34375s, 0 KB] Solution found - keep searching
[t=0.34375s, 0 KB] Building successor generator...done!
[t=0.34375s, 0 KB] peak memory difference for successor generator creation: 0 KB
[t=0.34375s, 0 KB] time for successor generation creation: 0s
[t=0.34375s, 0 KB] Variables: 21
[t=0.34375s, 0 KB] FactPairs: 231
[t=0.34375s, 0 KB] Bytes per state: 12
[t=0.34375s, 0 KB] Starting search: lazy_greedy(list(hff2, hlm2), preferred = list(hff2, hlm2), reopen_closed = false)
[t=0.34375s, 0 KB] Conducting lazy best first search, (real) bound = 16
[t=0.34375s, 0 KB] 4 initial landmarks, 4 goal landmarks
[t=0.34375s, 0 KB] New best heuristic value for lmcount(lm_reasonable_orders_hps(lm_rhw), transform = adapt_costs(plusone), pref = true): 6
[t=0.34375s, 0 KB] New best heuristic value for ff(transform = adapt_costs(plusone)): 10
[t=0.34375s, 0 KB] g=0, 1 evaluated, 0 expanded
[t=0.34375s, 0 KB] Initial heuristic value for lmcount(lm_reasonable_orders_hps(lm_rhw), transform = adapt_costs(plusone), pref = true): 6
[t=0.34375s, 0 KB] Initial heuristic value for ff(transform = adapt_costs(plusone)): 10
[t=0.34375s, 0 KB] New best heuristic value for ff(transform = adapt_costs(plusone)): 9
[t=0.34375s, 0 KB] g=1, 3 evaluated, 2 expanded
[t=0.34375s, 0 KB] New best heuristic value for ff(transform = adapt_costs(plusone)): 6
[t=0.34375s, 0 KB] g=3, 6 evaluated, 5 expanded
[t=0.34375s, 0 KB] New best heuristic value for lmcount(lm_reasonable_orders_hps(lm_rhw), transform = adapt_costs(plusone), pref = true): 4
[t=0.34375s, 0 KB] New best heuristic value for ff(transform = adapt_costs(plusone)): 4
[t=0.34375s, 0 KB] g=4, 7 evaluated, 6 expanded
[t=0.34375s, 0 KB] New best heuristic value for ff(transform = adapt_costs(plusone)): 3
[t=0.34375s, 0 KB] g=5, 8 evaluated, 7 expanded
[t=0.34375s, 0 KB] New best heuristic value for lmcount(lm_reasonable_orders_hps(lm_rhw), transform = adapt_costs(plusone), pref = true): 3
[t=0.34375s, 0 KB] g=7, 25 evaluated, 24 expanded
[t=0.34375s, 0 KB] New best heuristic value for lmcount(lm_reasonable_orders_hps(lm_rhw), transform = adapt_costs(plusone), pref = true): 2
[t=0.34375s, 0 KB] g=12, 39 evaluated, 38 expanded
[t=0.359375s, 0 KB] New best heuristic value for ff(transform = adapt_costs(plusone)): 2
[t=0.359375s, 0 KB] g=15, 103 evaluated, 102 expanded
[t=0.359375s, 0 KB] Solution found!
[t=0.359375s, 0 KB] Actual search time: 0.015625s
move-count1-prev_to1-type2-e tv1 h1 h2 v4 v5 (1)
move-count1-prev_tv1-type2-n tv4 h1 v2 v3 v4 (1)
move-count0-prev_tv4-type2-n tv4 h1 v3 v4 v5 (0)
move-count1-prev_tv4-type1-n to1 h1 v1 v2 (1)
move-count1-prev_to1-type1-w to2 h1 h2 v1 (1)
move-count1-prev_to2-type1-w to3 h2 h3 v1 (1)
move-count1-prev_to3-type1-n to1 h1 v2 v3 (1)
move-count1-prev_to1-type1-e to3 h2 h3 v1 (1)
move-count1-prev_to3-type1-n to2 h1 v1 v2 (1)
move-count1-prev_to2-type1-w to3 h2 h3 v1 (1)
move-count0-prev_to3-type1-w to3 h1 h2 v1 (0)
move-count1-prev_to3-type3-s tsq h2 h3 v1 v2 v3 (1)
[t=0.359375s, 0 KB] Plan length: 12 step(s).
[t=0.359375s, 0 KB] Plan cost: 10
[t=0.359375s, 0 KB] Expanded 105 state(s).
[t=0.359375s, 0 KB] Reopened 0 state(s).
[t=0.359375s, 0 KB] Evaluated 106 state(s).
[t=0.359375s, 0 KB] Evaluations: 212
[t=0.359375s, 0 KB] Generated 403 state(s).
[t=0.359375s, 0 KB] Dead ends: 0 state(s).
[t=0.359375s, 0 KB] Number of registered states: 106
[t=0.359375s, 0 KB] Int hash set load factor: 106/128 = 0.828125
[t=0.359375s, 0 KB] Int hash set resizes: 7
[t=0.359375s, 0 KB] Best solution cost so far: 10
[t=0.359375s, 0 KB] Solution found - keep searching
[t=0.359375s, 0 KB] Building successor generator...done!
[t=0.359375s, 0 KB] peak memory difference for successor generator creation: 0 KB
[t=0.359375s, 0 KB] time for successor generation creation: 0s
[t=0.359375s, 0 KB] Variables: 21
[t=0.359375s, 0 KB] FactPairs: 231
[t=0.359375s, 0 KB] Bytes per state: 12
[t=0.359375s, 0 KB] Starting search: lazy_wastar(list(hff2, hlm2), preferred = list(hff2, hlm2), w = 5)
[t=0.359375s, 0 KB] Conducting lazy best first search, (real) bound = 10
[t=0.359375s, 0 KB] 4 initial landmarks, 4 goal landmarks
[t=0.359375s, 0 KB] New best heuristic value for lmcount(lm_reasonable_orders_hps(lm_rhw), transform = adapt_costs(plusone), pref = true): 6
[t=0.359375s, 0 KB] New best heuristic value for ff(transform = adapt_costs(plusone)): 10
[t=0.359375s, 0 KB] g=0, 1 evaluated, 0 expanded
[t=0.359375s, 0 KB] Initial heuristic value for lmcount(lm_reasonable_orders_hps(lm_rhw), transform = adapt_costs(plusone), pref = true): 6
[t=0.359375s, 0 KB] Initial heuristic value for ff(transform = adapt_costs(plusone)): 10
[t=0.359375s, 0 KB] New best heuristic value for ff(transform = adapt_costs(plusone)): 9
[t=0.359375s, 0 KB] g=1, 3 evaluated, 2 expanded
[t=0.359375s, 0 KB] New best heuristic value for ff(transform = adapt_costs(plusone)): 6
[t=0.359375s, 0 KB] g=3, 6 evaluated, 5 expanded
[t=0.359375s, 0 KB] New best heuristic value for lmcount(lm_reasonable_orders_hps(lm_rhw), transform = adapt_costs(plusone), pref = true): 4
[t=0.359375s, 0 KB] New best heuristic value for ff(transform = adapt_costs(plusone)): 4
[t=0.359375s, 0 KB] g=4, 7 evaluated, 6 expanded
[t=0.359375s, 0 KB] New best heuristic value for ff(transform = adapt_costs(plusone)): 3
[t=0.359375s, 0 KB] g=5, 8 evaluated, 7 expanded
[t=0.359375s, 0 KB] New best heuristic value for lmcount(lm_reasonable_orders_hps(lm_rhw), transform = adapt_costs(plusone), pref = true): 3
[t=0.359375s, 0 KB] g=7, 25 evaluated, 24 expanded
[t=0.375s, 0 KB] New best heuristic value for lmcount(lm_reasonable_orders_hps(lm_rhw), transform = adapt_costs(plusone), pref = true): 2
[t=0.375s, 0 KB] New best heuristic value for ff(transform = adapt_costs(plusone)): 2
[t=0.375s, 0 KB] g=8, 72 evaluated, 71 expanded, 2 reopened
[t=0.375s, 0 KB] Solution found!
[t=0.375s, 0 KB] Actual search time: 0.015625s
move-count1-prev_to1-type2-e tv1 h1 h2 v4 v5 (1)
move-count1-prev_tv1-type2-n tv4 h1 v2 v3 v4 (1)
move-count0-prev_tv4-type2-n tv4 h1 v3 v4 v5 (0)
move-count1-prev_tv4-type1-n to1 h1 v1 v2 (1)
move-count1-prev_to1-type1-w to2 h1 h2 v1 (1)
move-count1-prev_to2-type1-n to1 h1 v2 v3 (1)
move-count1-prev_to1-type1-w to3 h2 h3 v1 (1)
move-count1-prev_to3-type1-n to2 h1 v1 v2 (1)
move-count1-prev_to2-type1-e to3 h2 h3 v1 (1)
move-count0-prev_to3-type1-w to3 h2 h3 v1 (0)
move-count0-prev_to3-type1-w to3 h1 h2 v1 (0)
move-count1-prev_to3-type3-s tsq h2 h3 v1 v2 v3 (1)
[t=0.375s, 0 KB] Plan length: 12 step(s).
[t=0.375s, 0 KB] Plan cost: 9
[t=0.375s, 0 KB] Expanded 72 state(s).
[t=0.375s, 0 KB] Reopened 2 state(s).
[t=0.375s, 0 KB] Evaluated 73 state(s).
[t=0.375s, 0 KB] Evaluations: 144
[t=0.375s, 0 KB] Generated 268 state(s).
[t=0.375s, 0 KB] Dead ends: 0 state(s).
[t=0.375s, 0 KB] Number of registered states: 71
[t=0.375s, 0 KB] Int hash set load factor: 71/128 = 0.554688
[t=0.375s, 0 KB] Int hash set resizes: 7
[t=0.375s, 0 KB] Best solution cost so far: 9
[t=0.375s, 0 KB] Solution found - keep searching
[t=0.375s, 0 KB] Building successor generator...done!
[t=0.375s, 0 KB] peak memory difference for successor generator creation: 0 KB
[t=0.375s, 0 KB] time for successor generation creation: 0s
[t=0.375s, 0 KB] Variables: 21
[t=0.375s, 0 KB] FactPairs: 231
[t=0.375s, 0 KB] Bytes per state: 12
[t=0.375s, 0 KB] Starting search: lazy_wastar(list(hff2, hlm2), preferred = list(hff2, hlm2), w = 3)
[t=0.375s, 0 KB] Conducting lazy best first search, (real) bound = 9
[t=0.375s, 0 KB] 4 initial landmarks, 4 goal landmarks
[t=0.375s, 0 KB] New best heuristic value for lmcount(lm_reasonable_orders_hps(lm_rhw), transform = adapt_costs(plusone), pref = true): 6
[t=0.375s, 0 KB] New best heuristic value for ff(transform = adapt_costs(plusone)): 10
[t=0.375s, 0 KB] g=0, 1 evaluated, 0 expanded
[t=0.375s, 0 KB] Initial heuristic value for lmcount(lm_reasonable_orders_hps(lm_rhw), transform = adapt_costs(plusone), pref = true): 6
[t=0.375s, 0 KB] Initial heuristic value for ff(transform = adapt_costs(plusone)): 10
[t=0.375s, 0 KB] New best heuristic value for ff(transform = adapt_costs(plusone)): 9
[t=0.375s, 0 KB] g=1, 3 evaluated, 2 expanded
[t=0.375s, 0 KB] New best heuristic value for ff(transform = adapt_costs(plusone)): 6
[t=0.375s, 0 KB] g=3, 6 evaluated, 5 expanded
[t=0.375s, 0 KB] New best heuristic value for lmcount(lm_reasonable_orders_hps(lm_rhw), transform = adapt_costs(plusone), pref = true): 4
[t=0.375s, 0 KB] New best heuristic value for ff(transform = adapt_costs(plusone)): 4
[t=0.375s, 0 KB] g=4, 7 evaluated, 6 expanded
[t=0.375s, 0 KB] New best heuristic value for ff(transform = adapt_costs(plusone)): 3
[t=0.375s, 0 KB] g=5, 8 evaluated, 7 expanded
[t=0.390625s, 0 KB] New best heuristic value for lmcount(lm_reasonable_orders_hps(lm_rhw), transform = adapt_costs(plusone), pref = true): 3
[t=0.390625s, 0 KB] g=7, 25 evaluated, 24 expanded
[t=0.390625s, 0 KB] New best heuristic value for lmcount(lm_reasonable_orders_hps(lm_rhw), transform = adapt_costs(plusone), pref = true): 2
[t=0.390625s, 0 KB] New best heuristic value for ff(transform = adapt_costs(plusone)): 2
[t=0.390625s, 0 KB] g=7, 66 evaluated, 65 expanded, 4 reopened
[t=0.390625s, 0 KB] Solution found!
[t=0.390625s, 0 KB] Actual search time: 0.015625s
move-count1-prev_to1-type2-e tv1 h1 h2 v4 v5 (1)
move-count1-prev_tv1-type2-n tv4 h1 v2 v3 v4 (1)
move-count0-prev_tv4-type2-n tv4 h1 v3 v4 v5 (0)
move-count1-prev_tv4-type1-n to1 h1 v1 v2 (1)
move-count1-prev_to1-type1-w to2 h1 h2 v1 (1)
move-count1-prev_to2-type1-n to1 h1 v2 v3 (1)
move-count1-prev_to1-type1-n to2 h1 v1 v2 (1)
move-count1-prev_to2-type1-w to3 h2 h3 v1 (1)
move-count0-prev_to3-type1-w to3 h1 h2 v1 (0)
move-count1-prev_to3-type3-s tsq h2 h3 v1 v2 v3 (1)
[t=0.390625s, 0 KB] Plan length: 10 step(s).
[t=0.390625s, 0 KB] Plan cost: 8
[t=0.390625s, 0 KB] Expanded 66 state(s).
[t=0.390625s, 0 KB] Reopened 4 state(s).
[t=0.390625s, 0 KB] Evaluated 67 state(s).
[t=0.390625s, 0 KB] Evaluations: 130
[t=0.390625s, 0 KB] Generated 243 state(s).
[t=0.390625s, 0 KB] Dead ends: 0 state(s).
[t=0.390625s, 0 KB] Number of registered states: 63
[t=0.390625s, 0 KB] Int hash set load factor: 63/64 = 0.984375
[t=0.390625s, 0 KB] Int hash set resizes: 6
[t=0.390625s, 0 KB] Best solution cost so far: 8
[t=0.390625s, 0 KB] Solution found - keep searching
[t=0.390625s, 0 KB] Building successor generator...done!
[t=0.390625s, 0 KB] peak memory difference for successor generator creation: 0 KB
[t=0.390625s, 0 KB] time for successor generation creation: 0s
[t=0.390625s, 0 KB] Variables: 21
[t=0.390625s, 0 KB] FactPairs: 231
[t=0.390625s, 0 KB] Bytes per state: 12
[t=0.390625s, 0 KB] Starting search: lazy_wastar(list(hff2, hlm2), preferred = list(hff2, hlm2), w = 2)
[t=0.390625s, 0 KB] Conducting lazy best first search, (real) bound = 8
[t=0.390625s, 0 KB] 4 initial landmarks, 4 goal landmarks
[t=0.390625s, 0 KB] New best heuristic value for lmcount(lm_reasonable_orders_hps(lm_rhw), transform = adapt_costs(plusone), pref = true): 6
[t=0.390625s, 0 KB] New best heuristic value for ff(transform = adapt_costs(plusone)): 10
[t=0.390625s, 0 KB] g=0, 1 evaluated, 0 expanded
[t=0.390625s, 0 KB] Initial heuristic value for lmcount(lm_reasonable_orders_hps(lm_rhw), transform = adapt_costs(plusone), pref = true): 6
[t=0.390625s, 0 KB] Initial heuristic value for ff(transform = adapt_costs(plusone)): 10
[t=0.390625s, 0 KB] New best heuristic value for ff(transform = adapt_costs(plusone)): 9
[t=0.390625s, 0 KB] g=1, 3 evaluated, 2 expanded
[t=0.390625s, 0 KB] New best heuristic value for ff(transform = adapt_costs(plusone)): 6
[t=0.390625s, 0 KB] g=3, 6 evaluated, 5 expanded
[t=0.390625s, 0 KB] New best heuristic value for lmcount(lm_reasonable_orders_hps(lm_rhw), transform = adapt_costs(plusone), pref = true): 4
[t=0.390625s, 0 KB] New best heuristic value for ff(transform = adapt_costs(plusone)): 4
[t=0.390625s, 0 KB] g=4, 7 evaluated, 6 expanded
[t=0.390625s, 0 KB] New best heuristic value for ff(transform = adapt_costs(plusone)): 3
[t=0.390625s, 0 KB] g=5, 8 evaluated, 7 expanded
[t=0.40625s, 0 KB] New best heuristic value for lmcount(lm_reasonable_orders_hps(lm_rhw), transform = adapt_costs(plusone), pref = true): 3
[t=0.40625s, 0 KB] g=7, 25 evaluated, 24 expanded
[t=0.40625s, 0 KB] New best heuristic value for lmcount(lm_reasonable_orders_hps(lm_rhw), transform = adapt_costs(plusone), pref = true): 2
[t=0.40625s, 0 KB] New best heuristic value for ff(transform = adapt_costs(plusone)): 2
[t=0.40625s, 0 KB] g=7, 106 evaluated, 105 expanded, 15 reopened
[t=0.421875s, 0 KB] Solution found!
[t=0.421875s, 0 KB] Actual search time: 0.03125s
move-count1-prev_to1-type2-e tv1 h1 h2 v4 v5 (1)
move-count1-prev_tv1-type2-n tv4 h1 v2 v3 v4 (1)
move-count0-prev_tv4-type2-n tv4 h1 v3 v4 v5 (0)
move-count1-prev_tv4-type1-n to1 h1 v1 v2 (1)
move-count0-prev_to1-type1-n to1 h1 v2 v3 (0)
move-count1-prev_to1-type1-w to2 h1 h2 v1 (1)
move-count0-prev_to2-type1-n to2 h1 v1 v2 (0)
move-count1-prev_to2-type1-w to3 h2 h3 v1 (1)
move-count0-prev_to3-type1-w to3 h1 h2 v1 (0)
move-count1-prev_to3-type3-s tsq h2 h3 v1 v2 v3 (1)
[t=0.421875s, 0 KB] Plan length: 10 step(s).
[t=0.421875s, 0 KB] Plan cost: 6
[t=0.421875s, 0 KB] Expanded 152 state(s).
[t=0.421875s, 0 KB] Reopened 32 state(s).
[t=0.421875s, 0 KB] Evaluated 153 state(s).
[t=0.421875s, 0 KB] Evaluations: 274
[t=0.421875s, 0 KB] Generated 545 state(s).
[t=0.421875s, 0 KB] Dead ends: 0 state(s).
[t=0.421875s, 0 KB] Number of registered states: 121
[t=0.421875s, 0 KB] Int hash set load factor: 121/128 = 0.945312
[t=0.421875s, 0 KB] Int hash set resizes: 7
[t=0.421875s, 0 KB] Best solution cost so far: 6
[t=0.421875s, 0 KB] Solution found - keep searching
[t=0.421875s, 0 KB] Building successor generator...done!
[t=0.421875s, 0 KB] peak memory difference for successor generator creation: 0 KB
[t=0.421875s, 0 KB] time for successor generation creation: 0s
[t=0.421875s, 0 KB] Variables: 21
[t=0.421875s, 0 KB] FactPairs: 231
[t=0.421875s, 0 KB] Bytes per state: 12
[t=0.421875s, 0 KB] Starting search: lazy_wastar(list(hff2, hlm2), preferred = list(hff2, hlm2), w = 1)
[t=0.421875s, 0 KB] Conducting lazy best first search, (real) bound = 6
[t=0.421875s, 0 KB] 4 initial landmarks, 4 goal landmarks
[t=0.421875s, 0 KB] New best heuristic value for lmcount(lm_reasonable_orders_hps(lm_rhw), transform = adapt_costs(plusone), pref = true): 6
[t=0.421875s, 0 KB] New best heuristic value for ff(transform = adapt_costs(plusone)): 10
[t=0.421875s, 0 KB] g=0, 1 evaluated, 0 expanded
[t=0.421875s, 0 KB] Initial heuristic value for lmcount(lm_reasonable_orders_hps(lm_rhw), transform = adapt_costs(plusone), pref = true): 6
[t=0.421875s, 0 KB] Initial heuristic value for ff(transform = adapt_costs(plusone)): 10
[t=0.421875s, 0 KB] New best heuristic value for ff(transform = adapt_costs(plusone)): 9
[t=0.421875s, 0 KB] g=1, 3 evaluated, 2 expanded
[t=0.421875s, 0 KB] New best heuristic value for ff(transform = adapt_costs(plusone)): 6
[t=0.421875s, 0 KB] g=3, 6 evaluated, 5 expanded
[t=0.421875s, 0 KB] New best heuristic value for lmcount(lm_reasonable_orders_hps(lm_rhw), transform = adapt_costs(plusone), pref = true): 4
[t=0.421875s, 0 KB] New best heuristic value for ff(transform = adapt_costs(plusone)): 4
[t=0.421875s, 0 KB] g=4, 7 evaluated, 6 expanded
[t=0.421875s, 0 KB] New best heuristic value for ff(transform = adapt_costs(plusone)): 3
[t=0.421875s, 0 KB] g=5, 9 evaluated, 8 expanded
[t=0.421875s, 0 KB] New best heuristic value for lmcount(lm_reasonable_orders_hps(lm_rhw), transform = adapt_costs(plusone), pref = true): 2
[t=0.421875s, 0 KB] New best heuristic value for ff(transform = adapt_costs(plusone)): 2
[t=0.421875s, 0 KB] g=5, 51 evaluated, 50 expanded
[t=0.4375s, 0 KB] Completely explored state space -- no solution!
[t=0.4375s, 0 KB] Actual search time: 0.015625s
[t=0.4375s, 0 KB] Expanded 98 state(s).
[t=0.4375s, 0 KB] Reopened 0 state(s).
[t=0.4375s, 0 KB] Evaluated 98 state(s).
[t=0.4375s, 0 KB] Evaluations: 196
[t=0.4375s, 0 KB] Generated 335 state(s).
[t=0.4375s, 0 KB] Dead ends: 0 state(s).
[t=0.4375s, 0 KB] Number of registered states: 98
[t=0.4375s, 0 KB] Int hash set load factor: 98/128 = 0.765625
[t=0.4375s, 0 KB] Int hash set resizes: 7
[t=0.4375s, 0 KB] Best solution cost so far: 6
[t=0.4375s, 0 KB] No solution found - keep searching
[t=0.4375s, 0 KB] Actual search time: 0.109375s
[t=0.4375s, 0 KB] Cumulative statistics:
[t=0.4375s, 0 KB] Expanded 586 state(s).
[t=0.4375s, 0 KB] Reopened 38 state(s).
[t=0.4375s, 0 KB] Evaluated 591 state(s).
[t=0.4375s, 0 KB] Evaluations: 1144
[t=0.4375s, 0 KB] Generated 2152 state(s).
[t=0.4375s, 0 KB] Dead ends: 0 state(s).
[t=0.4375s, 0 KB] Search time: 0.109375s
[t=0.4375s, 0 KB] Total time: 0.4375s
Solution found.
Peak memory: 0 KB
search exit code: 0

