INFO     Running translator.
INFO     translator stdin: None
INFO     translator time limit: None
INFO     translator memory limit: None
INFO     translator command line string: /usr/bin/python3 /home/bo198214/workspace/planner/downward/builds/release/bin/translate/translate.py /home/bo198214/workspace/slide_puzzle_gen/khunpan29-ac-gen-domain.pddl /home/bo198214/workspace/slide_puzzle_gen/khunpan29-ac-gen-problem.pddl --sas-file /home/bo198214/workspace/slide_puzzle_gen/khunpan29-ac-gen.sas
Parsing...
Parsing: [0.100s CPU, 0.099s wall-clock]
Normalizing task... [0.010s CPU, 0.015s wall-clock]
Instantiating...
Generating Datalog program... [0.020s CPU, 0.015s wall-clock]
Normalizing Datalog program...
Normalizing Datalog program: [0.230s CPU, 0.235s wall-clock]
Preparing model... [0.130s CPU, 0.105s wall-clock]
Generated 5701 rules.
Computing model... [3.680s CPU, 3.700s wall-clock]
15349 relevant atoms
276400 auxiliary atoms
291749 final queue length
340939 total queue pushes
Completing instantiation... [1.250s CPU, 1.270s wall-clock]
Instantiating: [5.420s CPU, 5.423s wall-clock]
Computing fact groups...
Finding invariants...
9 initial candidates
Finding invariants: [0.780s CPU, 0.764s wall-clock]
Checking invariant weight... [0.000s CPU, 0.000s wall-clock]
Instantiating groups... [0.000s CPU, 0.001s wall-clock]
Collecting mutex groups... [0.000s CPU, 0.000s wall-clock]
Choosing groups...
0 uncovered facts
Choosing groups: [0.000s CPU, 0.001s wall-clock]
Building translation key... [0.000s CPU, 0.001s wall-clock]
Computing fact groups: [0.780s CPU, 0.769s wall-clock]
Building STRIPS to SAS dictionary... [0.000s CPU, 0.000s wall-clock]
Building dictionary for full mutex groups... [0.000s CPU, 0.000s wall-clock]
Building mutex information...
Building mutex information: [0.000s CPU, 0.000s wall-clock]
Translating task...
Processing axioms...
Simplifying axioms... [0.000s CPU, 0.000s wall-clock]
Translator axioms removed by simplifying: 0
Computing negative axioms... [0.000s CPU, 0.000s wall-clock]
Processing axioms: [0.110s CPU, 0.112s wall-clock]
Translating task: [0.740s CPU, 0.736s wall-clock]
0 effect conditions simplified
0 implied preconditions added
Detecting unreachable propositions...
0 operators removed
0 axioms removed
21 propositions removed
Detecting unreachable propositions: [0.400s CPU, 0.407s wall-clock]
Reordering and filtering variables...
21 of 21 variables necessary.
0 of 21 mutex groups necessary.
10040 of 10040 operators necessary.
0 of 0 axiom rules necessary.
Reordering and filtering variables: [0.100s CPU, 0.093s wall-clock]
Translator variables: 21
Translator derived variables: 0
Translator facts: 231
Translator goal facts: 4
Translator mutex groups: 0
Translator total mutex groups size: 0
Translator operators: 10040
Translator axioms: 0
Translator task size: 85714
Translator peak memory: 0 KB
Writing output... [0.160s CPU, 0.149s wall-clock]
Done! [7.740s CPU, 7.730s wall-clock]
translate exit code: 0

INFO     Running search (release).
INFO     search stdin: /home/bo198214/workspace/slide_puzzle_gen/khunpan29-ac-gen.sas
INFO     search time limit: None
INFO     search memory limit: None
INFO     search command line string: /home/bo198214/workspace/planner/downward/builds/release/bin/downward --if-unit-cost --evaluator 'hlm=lmcount(lm_reasonable_orders_hps(lm_rhw()),pref=true)' --evaluator 'hff=ff()' --search 'iterated([lazy_greedy([hff,hlm],preferred=[hff,hlm]),lazy_wastar([hff,hlm],preferred=[hff,hlm],w=5),lazy_wastar([hff,hlm],preferred=[hff,hlm],w=3),lazy_wastar([hff,hlm],preferred=[hff,hlm],w=2),lazy_wastar([hff,hlm],preferred=[hff,hlm],w=1)],repeat_last=true,continue_on_fail=true)' --if-non-unit-cost --evaluator 'hlm1=lmcount(lm_reasonable_orders_hps(lm_rhw()),transform=adapt_costs(one),pref=true)' --evaluator 'hff1=ff(transform=adapt_costs(one))' --evaluator 'hlm2=lmcount(lm_reasonable_orders_hps(lm_rhw()),transform=adapt_costs(plusone),pref=true)' --evaluator 'hff2=ff(transform=adapt_costs(plusone))' --search 'iterated([lazy_greedy([hff1,hlm1],preferred=[hff1,hlm1],cost_type=one,reopen_closed=false),lazy_greedy([hff2,hlm2],preferred=[hff2,hlm2],reopen_closed=false),lazy_wastar([hff2,hlm2],preferred=[hff2,hlm2],w=5),lazy_wastar([hff2,hlm2],preferred=[hff2,hlm2],w=3),lazy_wastar([hff2,hlm2],preferred=[hff2,hlm2],w=2),lazy_wastar([hff2,hlm2],preferred=[hff2,hlm2],w=1)],repeat_last=true,continue_on_fail=true)' --always --internal-plan-file /home/bo198214/workspace/slide_puzzle_gen/khunpan29-ac-gen_downward.txt < /home/bo198214/workspace/slide_puzzle_gen/khunpan29-ac-gen.sas
[t=0s, 0 KB] reading input...
[t=0.09375s, 0 KB] done reading input!
[t=0.09375s, 0 KB] Initializing landmark count heuristic...
[t=0.09375s, 0 KB] Generating landmark graph...
[t=0.09375s, 0 KB] Building a landmark graph with reasonable orders.
[t=0.109375s, 0 KB] Initializing Exploration...
[t=0.125s, 0 KB] Generating landmarks using the RPG/SAS+ approach
Removed 0 reasonable or obedient reasonable orders
[t=0.15625s, 0 KB] Landmarks generation time: 0.0625s
[t=0.15625s, 0 KB] Discovered 9 landmarks, of which 1 are disjunctive and 0 are conjunctive.
[t=0.15625s, 0 KB] 7 edges
[t=0.15625s, 0 KB] approx. reasonable orders
[t=0.15625s, 0 KB] approx. obedient reasonable orders
[t=0.15625s, 0 KB] Removed 0 reasonable or obedient reasonable orders
[t=0.15625s, 0 KB] Landmarks generation time: 0.0625s
[t=0.15625s, 0 KB] Discovered 9 landmarks, of which 1 are disjunctive and 0 are conjunctive.
[t=0.15625s, 0 KB] 7 edges
[t=0.15625s, 0 KB] Landmark graph generation time: 0.0625s
[t=0.15625s, 0 KB] Landmark graph contains 9 landmarks, of which 1 are disjunctive and 0 are conjunctive.
[t=0.15625s, 0 KB] Landmark graph contains 7 orderings.
[t=0.171875s, 0 KB] Simplifying 35778 unary operators... done! [19452 unary operators]
[t=0.203125s, 0 KB] time to simplify: 0.03125s
[t=0.203125s, 0 KB] Initializing additive heuristic...
[t=0.203125s, 0 KB] Initializing FF heuristic...
[t=0.203125s, 0 KB] Initializing landmark count heuristic...
[t=0.203125s, 0 KB] Generating landmark graph...
[t=0.203125s, 0 KB] Building a landmark graph with reasonable orders.
[t=0.203125s, 0 KB] Initializing Exploration...
[t=0.21875s, 0 KB] Generating landmarks using the RPG/SAS+ approach
Removed 0 reasonable or obedient reasonable orders
[t=0.28125s, 0 KB] Landmarks generation time: 0.078125s
[t=0.28125s, 0 KB] Discovered 9 landmarks, of which 1 are disjunctive and 0 are conjunctive.
[t=0.28125s, 0 KB] 7 edges
[t=0.28125s, 0 KB] approx. reasonable orders
[t=0.28125s, 0 KB] approx. obedient reasonable orders
[t=0.28125s, 0 KB] Removed 0 reasonable or obedient reasonable orders
[t=0.28125s, 0 KB] Landmarks generation time: 0.078125s
[t=0.28125s, 0 KB] Discovered 9 landmarks, of which 1 are disjunctive and 0 are conjunctive.
[t=0.28125s, 0 KB] 7 edges
[t=0.28125s, 0 KB] Landmark graph generation time: 0.078125s
[t=0.28125s, 0 KB] Landmark graph contains 9 landmarks, of which 1 are disjunctive and 0 are conjunctive.
[t=0.28125s, 0 KB] Landmark graph contains 7 orderings.
[t=0.296875s, 0 KB] Simplifying 35778 unary operators... done! [19452 unary operators]
[t=0.3125s, 0 KB] time to simplify: 0.015625s
[t=0.3125s, 0 KB] Initializing additive heuristic...
[t=0.3125s, 0 KB] Initializing FF heuristic...
[t=0.3125s, 0 KB] Building successor generator...done!
[t=0.328125s, 0 KB] peak memory difference for successor generator creation: 0 KB
[t=0.328125s, 0 KB] time for successor generation creation: 0.015625s
[t=0.328125s, 0 KB] Variables: 21
[t=0.328125s, 0 KB] FactPairs: 231
[t=0.328125s, 0 KB] Bytes per state: 12
[t=0.328125s, 0 KB] Building successor generator...done!
[t=0.328125s, 0 KB] peak memory difference for successor generator creation: 0 KB
[t=0.328125s, 0 KB] time for successor generation creation: 0s
[t=0.328125s, 0 KB] Variables: 21
[t=0.328125s, 0 KB] FactPairs: 231
[t=0.328125s, 0 KB] Bytes per state: 12
[t=0.328125s, 0 KB] Starting search: lazy_greedy(list(hff1, hlm1), preferred = list(hff1, hlm1), cost_type = one, reopen_closed = false)
[t=0.328125s, 0 KB] Conducting lazy best first search, (real) bound = 2147483647
[t=0.328125s, 0 KB] 4 initial landmarks, 4 goal landmarks
[t=0.328125s, 0 KB] New best heuristic value for lmcount(lm_reasonable_orders_hps(lm_rhw), transform = adapt_costs(one), pref = true): 5
[t=0.328125s, 0 KB] New best heuristic value for ff(transform = adapt_costs(one)): 12
[t=0.328125s, 0 KB] g=0, 1 evaluated, 0 expanded
[t=0.328125s, 0 KB] Initial heuristic value for lmcount(lm_reasonable_orders_hps(lm_rhw), transform = adapt_costs(one), pref = true): 5
[t=0.328125s, 0 KB] Initial heuristic value for ff(transform = adapt_costs(one)): 12
[t=0.328125s, 0 KB] New best heuristic value for ff(transform = adapt_costs(one)): 10
[t=0.328125s, 0 KB] g=2, 4 evaluated, 3 expanded
[t=0.328125s, 0 KB] New best heuristic value for ff(transform = adapt_costs(one)): 8
[t=0.328125s, 0 KB] g=4, 9 evaluated, 8 expanded
[t=0.328125s, 0 KB] New best heuristic value for ff(transform = adapt_costs(one)): 7
[t=0.328125s, 0 KB] g=5, 10 evaluated, 9 expanded
[t=0.328125s, 0 KB] New best heuristic value for lmcount(lm_reasonable_orders_hps(lm_rhw), transform = adapt_costs(one), pref = true): 4
[t=0.328125s, 0 KB] g=6, 11 evaluated, 10 expanded
[t=0.34375s, 0 KB] New best heuristic value for lmcount(lm_reasonable_orders_hps(lm_rhw), transform = adapt_costs(one), pref = true): 3
[t=0.34375s, 0 KB] g=13, 109 evaluated, 108 expanded
[t=0.34375s, 0 KB] New best heuristic value for ff(transform = adapt_costs(one)): 3
[t=0.34375s, 0 KB] g=17, 117 evaluated, 116 expanded
[t=0.34375s, 0 KB] New best heuristic value for ff(transform = adapt_costs(one)): 2
[t=0.34375s, 0 KB] g=18, 118 evaluated, 117 expanded
[t=0.34375s, 0 KB] New best heuristic value for lmcount(lm_reasonable_orders_hps(lm_rhw), transform = adapt_costs(one), pref = true): 2
[t=0.34375s, 0 KB] g=19, 119 evaluated, 118 expanded
[t=82.7812s, 0 KB] New best heuristic value for ff(transform = adapt_costs(one)): 1
[t=82.7812s, 0 KB] g=62, 281921 evaluated, 281920 expanded
[t=82.7812s, 0 KB] Solution found!
[t=82.7812s, 0 KB] Actual search time: 82.4531s
move-count1-prev_th1-type2-e th1 h2 h3 h4 v5 (1)
move-count1-prev_th1-type2-n th2 h1 h2 v4 v5 (1)
move-count1-prev_th2-type1-n to1 h1 v3 v4 (1)
move-count1-prev_to1-type1-n to3 h1 v2 v3 (1)
move-count1-prev_to3-type1-e to1 h1 h2 v4 (1)
move-count1-prev_to1-type1-n to3 h1 v3 v4 (1)
move-count1-prev_to3-type3-w tsq h1 h2 h3 v2 v3 (1)
move-count1-prev_tsq-type1-w to4 h3 h4 v2 (1)
move-count0-prev_to4-type1-n to4 h3 v2 v3 (0)
move-count1-prev_to4-type2-n th5 h3 h4 v1 v2 (1)
move-count1-prev_th5-type2-e th4 h1 h2 h3 v1 (1)
move-count0-prev_th4-type2-e th4 h2 h3 h4 v1 (0)
move-count1-prev_th4-type3-s tsq h1 h2 v1 v2 v3 (1)
move-count1-prev_tsq-type1-s to3 h1 v3 v4 (1)
move-count1-prev_to3-type1-s to1 h2 v3 v4 (1)
move-count1-prev_to1-type2-w th3 h2 h3 h4 v4 (1)
move-count0-prev_th3-type2-w th3 h1 h2 h3 v4 (0)
move-count1-prev_th3-type1-n to2 h4 v3 v4 (1)
move-count1-prev_to2-type1-n to4 h3 v3 v4 (1)
move-count1-prev_to4-type1-e to1 h2 h3 v3 (1)
move-count1-prev_to1-type1-e to3 h1 h2 v3 (1)
move-count1-prev_to3-type1-e to1 h3 h4 v3 (1)
move-count1-prev_to1-type1-e to3 h2 h3 v3 (1)
move-count1-prev_to3-type3-n tsq h1 h2 v1 v2 v3 (1)
move-count1-prev_tsq-type2-w th4 h2 h3 h4 v1 (1)
move-count0-prev_th4-type2-w th4 h1 h2 h3 v1 (0)
move-count1-prev_th4-type2-s th5 h3 h4 v1 v2 (1)
move-count1-prev_th5-type1-s to3 h3 v2 v3 (1)
move-count1-prev_to3-type1-s to4 h3 v3 v4 (1)
move-count1-prev_to4-type1-e to3 h3 h4 v2 (1)
move-count1-prev_to3-type1-s to4 h3 v2 v3 (1)
move-count1-prev_to4-type2-e th3 h1 h2 h3 v4 (1)
move-count1-prev_th3-type1-w to1 h3 h4 v3 (1)
move-count1-prev_to1-type1-s to2 h4 v3 v4 (1)
move-count1-prev_to2-type2-e th3 h2 h3 h4 v4 (1)
move-count1-prev_th3-type3-n tsq h1 h2 v2 v3 v4 (1)
move-count1-prev_tsq-type1-w to4 h2 h3 v2 (1)
move-count1-prev_to4-type1-w to3 h3 h4 v2 (1)
move-count1-prev_to3-type1-w to4 h1 h2 v2 (1)
move-count1-prev_to4-type1-w to3 h2 h3 v2 (1)
move-count1-prev_to3-type2-n th5 h3 h4 v1 v2 (1)
move-count1-prev_th5-type2-e th4 h1 h2 h3 v1 (1)
move-count1-prev_th4-type1-s to4 h1 v1 v2 (1)
move-count1-prev_to4-type2-e th4 h2 h3 h4 v1 (1)
move-count1-prev_th4-type1-s to3 h2 v1 v2 (1)
move-count1-prev_to3-type3-s tsq h1 h2 v2 v3 v4 (1)
move-count1-prev_tsq-type2-w th3 h2 h3 h4 v4 (1)
move-count0-prev_th3-type2-w th3 h1 h2 h3 v4 (0)
move-count1-prev_th3-type1-n to2 h4 v3 v4 (1)
move-count1-prev_to2-type1-n to1 h3 v3 v4 (1)
move-count1-prev_to1-type2-n th5 h3 h4 v2 v3 (1)
move-count1-prev_th5-type2-n th4 h3 h4 v1 v2 (1)
move-count1-prev_th4-type1-e to3 h2 h3 v1 (1)
move-count1-prev_to3-type1-e to4 h1 h2 v1 (1)
move-count1-prev_to4-type1-e to3 h3 h4 v1 (1)
move-count1-prev_to3-type1-e to4 h2 h3 v1 (1)
move-count1-prev_to4-type3-s tsq h1 h2 v1 v2 v3 (1)
move-count1-prev_tsq-type2-w th5 h2 h3 h4 v3 (1)
move-count0-prev_th5-type2-w th5 h1 h2 h3 v3 (0)
move-count1-prev_th5-type2-n th4 h3 h4 v2 v3 (1)
move-count1-prev_th4-type1-n to4 h3 v1 v2 (1)
move-count0-prev_to4-type1-e to4 h3 h4 v2 (0)
move-count1-prev_to4-type3-e tsq h1 h2 h3 v1 v2 (1)
[t=82.7812s, 0 KB] Plan length: 63 step(s).
[t=82.7812s, 0 KB] Plan cost: 56
[t=82.7812s, 0 KB] Expanded 281921 state(s).
[t=82.7812s, 0 KB] Reopened 0 state(s).
[t=82.7812s, 0 KB] Evaluated 281922 state(s).
[t=82.7812s, 0 KB] Evaluations: 563844
[t=82.7812s, 0 KB] Generated 1020842 state(s).
[t=82.7812s, 0 KB] Dead ends: 0 state(s).
[t=82.7812s, 0 KB] Number of registered states: 281922
[t=82.7812s, 0 KB] Int hash set load factor: 281922/524288 = 0.537724
[t=82.7812s, 0 KB] Int hash set resizes: 19
[t=82.7812s, 0 KB] Best solution cost so far: 56
[t=82.7812s, 0 KB] Solution found - keep searching
[t=82.7812s, 0 KB] Building successor generator...done!
[t=82.7812s, 0 KB] peak memory difference for successor generator creation: 0 KB
[t=82.7812s, 0 KB] time for successor generation creation: 0s
[t=82.7812s, 0 KB] Variables: 21
[t=82.7812s, 0 KB] FactPairs: 231
[t=82.7812s, 0 KB] Bytes per state: 12
[t=82.7812s, 0 KB] Starting search: lazy_greedy(list(hff2, hlm2), preferred = list(hff2, hlm2), reopen_closed = false)
[t=82.7812s, 0 KB] Conducting lazy best first search, (real) bound = 56
[t=82.7812s, 0 KB] 4 initial landmarks, 4 goal landmarks
[t=82.7812s, 0 KB] New best heuristic value for lmcount(lm_reasonable_orders_hps(lm_rhw), transform = adapt_costs(plusone), pref = true): 6
[t=82.7812s, 0 KB] New best heuristic value for ff(transform = adapt_costs(plusone)): 24
[t=82.7812s, 0 KB] g=0, 1 evaluated, 0 expanded
[t=82.7969s, 0 KB] Initial heuristic value for lmcount(lm_reasonable_orders_hps(lm_rhw), transform = adapt_costs(plusone), pref = true): 6
[t=82.7969s, 0 KB] Initial heuristic value for ff(transform = adapt_costs(plusone)): 24
[t=82.7969s, 0 KB] New best heuristic value for ff(transform = adapt_costs(plusone)): 22
[t=82.7969s, 0 KB] g=1, 4 evaluated, 3 expanded
[t=82.7969s, 0 KB] New best heuristic value for ff(transform = adapt_costs(plusone)): 20
[t=82.7969s, 0 KB] g=2, 5 evaluated, 4 expanded
[t=82.7969s, 0 KB] New best heuristic value for ff(transform = adapt_costs(plusone)): 18
[t=82.7969s, 0 KB] g=3, 6 evaluated, 5 expanded
[t=82.7969s, 0 KB] New best heuristic value for ff(transform = adapt_costs(plusone)): 14
[t=82.7969s, 0 KB] g=5, 22 evaluated, 21 expanded
[t=82.7969s, 0 KB] New best heuristic value for lmcount(lm_reasonable_orders_hps(lm_rhw), transform = adapt_costs(plusone), pref = true): 4
[t=82.7969s, 0 KB] New best heuristic value for ff(transform = adapt_costs(plusone)): 13
[t=82.7969s, 0 KB] g=6, 23 evaluated, 22 expanded
[t=82.8438s, 0 KB] New best heuristic value for ff(transform = adapt_costs(plusone)): 11
[t=82.8438s, 0 KB] g=8, 107 evaluated, 106 expanded
[t=82.8438s, 0 KB] New best heuristic value for lmcount(lm_reasonable_orders_hps(lm_rhw), transform = adapt_costs(plusone), pref = true): 3
[t=82.8438s, 0 KB] g=12, 116 evaluated, 115 expanded
[t=82.8438s, 0 KB] New best heuristic value for ff(transform = adapt_costs(plusone)): 7
[t=82.8438s, 0 KB] g=14, 119 evaluated, 118 expanded
[t=82.8594s, 0 KB] New best heuristic value for ff(transform = adapt_costs(plusone)): 6
[t=82.8594s, 0 KB] g=16, 143 evaluated, 142 expanded
[t=82.8594s, 0 KB] New best heuristic value for ff(transform = adapt_costs(plusone)): 4
[t=82.8594s, 0 KB] g=17, 144 evaluated, 143 expanded
[t=82.8594s, 0 KB] New best heuristic value for lmcount(lm_reasonable_orders_hps(lm_rhw), transform = adapt_costs(plusone), pref = true): 2
[t=82.8594s, 0 KB] New best heuristic value for ff(transform = adapt_costs(plusone)): 3
[t=82.8594s, 0 KB] g=18, 145 evaluated, 144 expanded
[t=119.938s, 0 KB] New best heuristic value for ff(transform = adapt_costs(plusone)): 2
[t=119.938s, 0 KB] g=55, 127676 evaluated, 127675 expanded
[t=167.25s, 0 KB] Solution found!
[t=167.25s, 0 KB] Actual search time: 84.4688s
move-count1-prev_th1-type2-w th1 h1 h2 h3 v5 (1)
move-count1-prev_th1-type2-n th3 h3 h4 v4 v5 (1)
move-count1-prev_th3-type2-e th2 h1 h2 h3 v4 (1)
move-count0-prev_th2-type2-e th2 h2 h3 h4 v4 (0)
move-count1-prev_th2-type1-n to1 h1 v3 v4 (1)
move-count1-prev_to1-type1-n to3 h1 v2 v3 (1)
move-count1-prev_to3-type1-e to1 h1 h2 v4 (1)
move-count1-prev_to1-type1-n to3 h1 v3 v4 (1)
move-count1-prev_to3-type3-w tsq h1 h2 h3 v2 v3 (1)
move-count1-prev_tsq-type1-w to2 h3 h4 v3 (1)
move-count0-prev_to2-type1-s to2 h3 v2 v3 (0)
move-count1-prev_to2-type2-s th2 h3 h4 v3 v4 (1)
move-count1-prev_th2-type1-e to1 h2 h3 v4 (1)
move-count1-prev_to1-type1-e to3 h1 h2 v4 (1)
move-count1-prev_to3-type1-e to1 h3 h4 v4 (1)
move-count1-prev_to1-type1-e to3 h2 h3 v4 (1)
move-count1-prev_to3-type3-n tsq h1 h2 v2 v3 v4 (1)
move-count1-prev_tsq-type1-w to2 h2 h3 v2 (1)
move-count1-prev_to2-type1-w to4 h3 h4 v2 (1)
move-count1-prev_to4-type1-w to2 h1 h2 v2 (1)
move-count1-prev_to2-type1-w to4 h2 h3 v2 (1)
move-count1-prev_to4-type2-n th5 h3 h4 v1 v2 (1)
move-count1-prev_th5-type2-e th4 h1 h2 h3 v1 (1)
move-count0-prev_th4-type2-e th4 h2 h3 h4 v1 (0)
move-count1-prev_th4-type1-s to2 h1 v1 v2 (1)
move-count1-prev_to2-type1-s to4 h2 v1 v2 (1)
move-count1-prev_to4-type3-s tsq h1 h2 v2 v3 v4 (1)
move-count1-prev_tsq-type1-w to3 h2 h3 v4 (1)
move-count1-prev_to3-type1-w to1 h3 h4 v4 (1)
move-count1-prev_to1-type1-w to3 h1 h2 v4 (1)
move-count1-prev_to3-type1-w to1 h2 h3 v4 (1)
move-count1-prev_to1-type2-n th2 h3 h4 v3 v4 (1)
move-count1-prev_th2-type2-n th5 h3 h4 v2 v3 (1)
move-count1-prev_th5-type2-n th4 h3 h4 v1 v2 (1)
move-count1-prev_th4-type1-e to4 h2 h3 v1 (1)
move-count1-prev_to4-type1-e to2 h1 h2 v1 (1)
move-count1-prev_to2-type1-e to4 h3 h4 v1 (1)
move-count1-prev_to4-type1-e to2 h2 h3 v1 (1)
move-count1-prev_to2-type3-s tsq h1 h2 v1 v2 v3 (1)
move-count1-prev_tsq-type2-w th5 h2 h3 h4 v3 (1)
move-count0-prev_th5-type2-w th5 h1 h2 h3 v3 (0)
move-count1-prev_th5-type2-n th4 h3 h4 v2 v3 (1)
move-count1-prev_th4-type1-n to2 h3 v1 v2 (1)
move-count0-prev_to2-type1-e to2 h3 h4 v2 (0)
move-count1-prev_to2-type3-e tsq h1 h2 h3 v1 v2 (1)
[t=167.25s, 0 KB] Plan length: 45 step(s).
[t=167.25s, 0 KB] Plan cost: 40
[t=167.25s, 0 KB] Expanded 280634 state(s).
[t=167.25s, 0 KB] Reopened 0 state(s).
[t=167.25s, 0 KB] Evaluated 280635 state(s).
[t=167.25s, 0 KB] Evaluations: 561270
[t=167.25s, 0 KB] Generated 1022051 state(s).
[t=167.25s, 0 KB] Dead ends: 0 state(s).
[t=167.25s, 0 KB] Number of registered states: 280635
[t=167.25s, 0 KB] Int hash set load factor: 280635/524288 = 0.535269
[t=167.25s, 0 KB] Int hash set resizes: 19
[t=167.25s, 0 KB] Best solution cost so far: 40
[t=167.25s, 0 KB] Solution found - keep searching
[t=167.25s, 0 KB] Building successor generator...done!
[t=167.25s, 0 KB] peak memory difference for successor generator creation: 0 KB
[t=167.25s, 0 KB] time for successor generation creation: 0s
[t=167.25s, 0 KB] Variables: 21
[t=167.25s, 0 KB] FactPairs: 231
[t=167.25s, 0 KB] Bytes per state: 12
[t=167.25s, 0 KB] Starting search: lazy_wastar(list(hff2, hlm2), preferred = list(hff2, hlm2), w = 5)
[t=167.25s, 0 KB] Conducting lazy best first search, (real) bound = 40
[t=167.25s, 0 KB] 4 initial landmarks, 4 goal landmarks
[t=167.25s, 0 KB] New best heuristic value for lmcount(lm_reasonable_orders_hps(lm_rhw), transform = adapt_costs(plusone), pref = true): 6
[t=167.25s, 0 KB] New best heuristic value for ff(transform = adapt_costs(plusone)): 24
[t=167.25s, 0 KB] g=0, 1 evaluated, 0 expanded
[t=167.25s, 0 KB] Initial heuristic value for lmcount(lm_reasonable_orders_hps(lm_rhw), transform = adapt_costs(plusone), pref = true): 6
[t=167.25s, 0 KB] Initial heuristic value for ff(transform = adapt_costs(plusone)): 24
[t=167.25s, 0 KB] New best heuristic value for ff(transform = adapt_costs(plusone)): 22
[t=167.25s, 0 KB] g=1, 4 evaluated, 3 expanded
[t=167.25s, 0 KB] New best heuristic value for ff(transform = adapt_costs(plusone)): 20
[t=167.25s, 0 KB] g=2, 5 evaluated, 4 expanded
[t=167.25s, 0 KB] New best heuristic value for ff(transform = adapt_costs(plusone)): 18
[t=167.25s, 0 KB] g=3, 6 evaluated, 5 expanded
[t=167.266s, 0 KB] New best heuristic value for lmcount(lm_reasonable_orders_hps(lm_rhw), transform = adapt_costs(plusone), pref = true): 4
[t=167.266s, 0 KB] g=4, 26 evaluated, 25 expanded
[t=167.266s, 0 KB] New best heuristic value for ff(transform = adapt_costs(plusone)): 15
[t=167.266s, 0 KB] g=4, 29 evaluated, 28 expanded
[t=167.266s, 0 KB] New best heuristic value for ff(transform = adapt_costs(plusone)): 14
[t=167.266s, 0 KB] g=6, 34 evaluated, 33 expanded
[t=167.266s, 0 KB] New best heuristic value for ff(transform = adapt_costs(plusone)): 13
[t=167.266s, 0 KB] g=7, 35 evaluated, 34 expanded
[t=167.297s, 0 KB] New best heuristic value for ff(transform = adapt_costs(plusone)): 11
[t=167.297s, 0 KB] g=5, 131 evaluated, 130 expanded, 27 reopened
[t=167.297s, 0 KB] New best heuristic value for lmcount(lm_reasonable_orders_hps(lm_rhw), transform = adapt_costs(plusone), pref = true): 3
[t=167.297s, 0 KB] g=9, 140 evaluated, 139 expanded, 27 reopened
[t=167.297s, 0 KB] New best heuristic value for ff(transform = adapt_costs(plusone)): 7
[t=167.297s, 0 KB] g=11, 143 evaluated, 142 expanded, 27 reopened
[t=167.312s, 0 KB] New best heuristic value for ff(transform = adapt_costs(plusone)): 6
[t=167.312s, 0 KB] g=13, 169 evaluated, 168 expanded, 29 reopened
[t=167.312s, 0 KB] New best heuristic value for ff(transform = adapt_costs(plusone)): 4
[t=167.312s, 0 KB] g=14, 170 evaluated, 169 expanded, 29 reopened
[t=167.312s, 0 KB] New best heuristic value for lmcount(lm_reasonable_orders_hps(lm_rhw), transform = adapt_costs(plusone), pref = true): 2
[t=167.312s, 0 KB] New best heuristic value for ff(transform = adapt_costs(plusone)): 3
[t=167.312s, 0 KB] g=15, 171 evaluated, 170 expanded, 29 reopened
[t=273.672s, 0 KB] New best heuristic value for ff(transform = adapt_costs(plusone)): 2
[t=273.672s, 0 KB] g=36, 584321 evaluated, 584320 expanded, 225412 reopened
[t=273.672s, 0 KB] Solution found!
[t=273.672s, 0 KB] Actual search time: 106.422s
move-count1-prev_th1-type2-e th1 h2 h3 h4 v5 (1)
move-count1-prev_th1-type2-n th2 h1 h2 v4 v5 (1)
move-count1-prev_th2-type1-n to1 h1 v3 v4 (1)
move-count0-prev_to1-type1-e to1 h1 h2 v4 (0)
move-count1-prev_to1-type1-n to3 h1 v2 v3 (1)
move-count0-prev_to3-type1-n to3 h1 v3 v4 (0)
move-count1-prev_to3-type3-w tsq h1 h2 h3 v2 v3 (1)
move-count1-prev_tsq-type1-w to2 h3 h4 v3 (1)
move-count0-prev_to2-type1-s to2 h3 v2 v3 (0)
move-count1-prev_to2-type2-s th3 h3 h4 v3 v4 (1)
move-count1-prev_th3-type1-e to1 h2 h3 v4 (1)
move-count1-prev_to1-type1-e to3 h1 h2 v4 (1)
move-count1-prev_to3-type1-e to1 h3 h4 v4 (1)
move-count1-prev_to1-type1-e to3 h2 h3 v4 (1)
move-count1-prev_to3-type3-n tsq h1 h2 v2 v3 v4 (1)
move-count1-prev_tsq-type1-w to2 h2 h3 v2 (1)
move-count1-prev_to2-type1-w to4 h3 h4 v2 (1)
move-count1-prev_to4-type1-w to2 h1 h2 v2 (1)
move-count1-prev_to2-type1-w to4 h2 h3 v2 (1)
move-count1-prev_to4-type2-n th5 h3 h4 v1 v2 (1)
move-count1-prev_th5-type2-e th4 h1 h2 h3 v1 (1)
move-count0-prev_th4-type2-e th4 h2 h3 h4 v1 (0)
move-count1-prev_th4-type1-s to2 h1 v1 v2 (1)
move-count1-prev_to2-type1-s to4 h2 v1 v2 (1)
move-count1-prev_to4-type3-s tsq h1 h2 v2 v3 v4 (1)
move-count1-prev_tsq-type1-w to3 h2 h3 v4 (1)
move-count1-prev_to3-type1-w to1 h3 h4 v4 (1)
move-count1-prev_to1-type1-w to3 h1 h2 v4 (1)
move-count1-prev_to3-type1-w to1 h2 h3 v4 (1)
move-count1-prev_to1-type2-n th3 h3 h4 v3 v4 (1)
move-count1-prev_th3-type2-n th5 h3 h4 v2 v3 (1)
move-count1-prev_th5-type2-n th4 h3 h4 v1 v2 (1)
move-count1-prev_th4-type1-e to4 h2 h3 v1 (1)
move-count1-prev_to4-type1-e to2 h1 h2 v1 (1)
move-count1-prev_to2-type1-e to4 h3 h4 v1 (1)
move-count1-prev_to4-type1-e to2 h2 h3 v1 (1)
move-count1-prev_to2-type3-s tsq h1 h2 v1 v2 v3 (1)
move-count1-prev_tsq-type2-w th5 h2 h3 h4 v3 (1)
move-count0-prev_th5-type2-w th5 h1 h2 h3 v3 (0)
move-count1-prev_th5-type2-n th4 h3 h4 v2 v3 (1)
move-count1-prev_th4-type1-n to2 h3 v1 v2 (1)
move-count0-prev_to2-type1-e to2 h3 h4 v2 (0)
move-count1-prev_to2-type3-e tsq h1 h2 h3 v1 v2 (1)
[t=273.672s, 0 KB] Plan length: 43 step(s).
[t=273.672s, 0 KB] Plan cost: 37
[t=273.672s, 0 KB] Expanded 584321 state(s).
[t=273.672s, 0 KB] Reopened 225412 state(s).
[t=273.672s, 0 KB] Evaluated 584322 state(s).
[t=273.672s, 0 KB] Evaluations: 943232
[t=273.672s, 0 KB] Generated 2121541 state(s).
[t=273.672s, 0 KB] Dead ends: 0 state(s).
[t=273.672s, 0 KB] Number of registered states: 358910
[t=273.672s, 0 KB] Int hash set load factor: 358910/524288 = 0.684566
[t=273.672s, 0 KB] Int hash set resizes: 19
[t=273.672s, 0 KB] Best solution cost so far: 37
[t=273.672s, 0 KB] Solution found - keep searching
[t=273.688s, 0 KB] Building successor generator...done!
[t=273.688s, 0 KB] peak memory difference for successor generator creation: 0 KB
[t=273.688s, 0 KB] time for successor generation creation: 0s
[t=273.688s, 0 KB] Variables: 21
[t=273.688s, 0 KB] FactPairs: 231
[t=273.688s, 0 KB] Bytes per state: 12
[t=273.688s, 0 KB] Starting search: lazy_wastar(list(hff2, hlm2), preferred = list(hff2, hlm2), w = 3)
[t=273.688s, 0 KB] Conducting lazy best first search, (real) bound = 37
[t=273.688s, 0 KB] 4 initial landmarks, 4 goal landmarks
[t=273.688s, 0 KB] New best heuristic value for lmcount(lm_reasonable_orders_hps(lm_rhw), transform = adapt_costs(plusone), pref = true): 6
[t=273.688s, 0 KB] New best heuristic value for ff(transform = adapt_costs(plusone)): 24
[t=273.688s, 0 KB] g=0, 1 evaluated, 0 expanded
[t=273.688s, 0 KB] Initial heuristic value for lmcount(lm_reasonable_orders_hps(lm_rhw), transform = adapt_costs(plusone), pref = true): 6
[t=273.688s, 0 KB] Initial heuristic value for ff(transform = adapt_costs(plusone)): 24
[t=273.688s, 0 KB] New best heuristic value for ff(transform = adapt_costs(plusone)): 22
[t=273.688s, 0 KB] g=1, 4 evaluated, 3 expanded
[t=273.688s, 0 KB] New best heuristic value for ff(transform = adapt_costs(plusone)): 20
[t=273.688s, 0 KB] g=2, 5 evaluated, 4 expanded
[t=273.688s, 0 KB] New best heuristic value for ff(transform = adapt_costs(plusone)): 18
[t=273.688s, 0 KB] g=3, 6 evaluated, 5 expanded
[t=273.703s, 0 KB] New best heuristic value for lmcount(lm_reasonable_orders_hps(lm_rhw), transform = adapt_costs(plusone), pref = true): 4
[t=273.703s, 0 KB] g=4, 26 evaluated, 25 expanded
[t=273.703s, 0 KB] New best heuristic value for ff(transform = adapt_costs(plusone)): 15
[t=273.703s, 0 KB] g=4, 29 evaluated, 28 expanded
[t=273.703s, 0 KB] New best heuristic value for ff(transform = adapt_costs(plusone)): 14
[t=273.703s, 0 KB] g=6, 34 evaluated, 33 expanded
[t=273.703s, 0 KB] New best heuristic value for ff(transform = adapt_costs(plusone)): 13
[t=273.703s, 0 KB] g=7, 35 evaluated, 34 expanded
[t=273.734s, 0 KB] New best heuristic value for ff(transform = adapt_costs(plusone)): 11
[t=273.734s, 0 KB] g=5, 131 evaluated, 130 expanded, 27 reopened
[t=273.734s, 0 KB] New best heuristic value for lmcount(lm_reasonable_orders_hps(lm_rhw), transform = adapt_costs(plusone), pref = true): 3
[t=273.734s, 0 KB] g=9, 140 evaluated, 139 expanded, 27 reopened
[t=273.734s, 0 KB] New best heuristic value for ff(transform = adapt_costs(plusone)): 7
[t=273.734s, 0 KB] g=11, 143 evaluated, 142 expanded, 27 reopened
[t=273.75s, 0 KB] New best heuristic value for ff(transform = adapt_costs(plusone)): 6
[t=273.75s, 0 KB] g=13, 169 evaluated, 168 expanded, 29 reopened
[t=273.75s, 0 KB] New best heuristic value for ff(transform = adapt_costs(plusone)): 4
[t=273.75s, 0 KB] g=14, 170 evaluated, 169 expanded, 29 reopened
[t=273.75s, 0 KB] New best heuristic value for lmcount(lm_reasonable_orders_hps(lm_rhw), transform = adapt_costs(plusone), pref = true): 2
[t=273.75s, 0 KB] New best heuristic value for ff(transform = adapt_costs(plusone)): 3
[t=273.75s, 0 KB] g=15, 171 evaluated, 170 expanded, 29 reopened
[t=287.562s, 0 KB] New best heuristic value for ff(transform = adapt_costs(plusone)): 2
[t=287.562s, 0 KB] g=36, 71547 evaluated, 71546 expanded, 20735 reopened
[t=400.781s, 0 KB] Solution found!
[t=400.781s, 0 KB] Actual search time: 127.094s
move-count1-prev_th1-type2-e th1 h2 h3 h4 v5 (1)
move-count1-prev_th1-type2-n th2 h1 h2 v4 v5 (1)
move-count1-prev_th2-type1-n to1 h1 v3 v4 (1)
move-count0-prev_to1-type1-e to1 h1 h2 v4 (0)
move-count1-prev_to1-type1-n to3 h1 v2 v3 (1)
move-count0-prev_to3-type1-n to3 h1 v3 v4 (0)
move-count1-prev_to3-type3-w tsq h1 h2 h3 v2 v3 (1)
move-count1-prev_tsq-type1-w to2 h3 h4 v3 (1)
move-count0-prev_to2-type1-s to2 h3 v2 v3 (0)
move-count1-prev_to2-type2-s th3 h3 h4 v3 v4 (1)
move-count1-prev_th3-type2-s th1 h3 h4 v4 v5 (1)
move-count1-prev_th1-type2-e th2 h1 h2 h3 v5 (1)
move-count0-prev_th2-type2-e th2 h2 h3 h4 v5 (0)
move-count1-prev_th2-type1-n to3 h1 v4 v5 (1)
move-count0-prev_to3-type1-e to3 h1 h2 v5 (0)
move-count1-prev_to3-type1-w to1 h1 h2 v4 (1)
move-count0-prev_to1-type1-n to1 h1 v4 v5 (0)
move-count1-prev_to1-type3-n tsq h1 h2 v2 v3 v4 (1)
move-count1-prev_tsq-type1-w to2 h2 h3 v2 (1)
move-count0-prev_to2-type1-w to2 h1 h2 v2 (0)
move-count1-prev_to2-type1-w to4 h3 h4 v2 (1)
move-count0-prev_to4-type1-w to4 h2 h3 v2 (0)
move-count1-prev_to4-type2-n th5 h3 h4 v1 v2 (1)
move-count1-prev_th5-type2-e th4 h1 h2 h3 v1 (1)
move-count0-prev_th4-type2-e th4 h2 h3 h4 v1 (0)
move-count1-prev_th4-type1-s to4 h2 v1 v2 (1)
move-count1-prev_to4-type1-s to2 h1 v1 v2 (1)
move-count1-prev_to2-type3-s tsq h1 h2 v2 v3 v4 (1)
move-count1-prev_tsq-type2-w th1 h2 h3 h4 v4 (1)
move-count0-prev_th1-type2-w th1 h1 h2 h3 v4 (0)
move-count1-prev_th1-type2-n th3 h3 h4 v3 v4 (1)
move-count1-prev_th3-type2-n th5 h3 h4 v2 v3 (1)
move-count1-prev_th5-type2-n th4 h3 h4 v1 v2 (1)
move-count1-prev_th4-type1-e to4 h2 h3 v1 (1)
move-count1-prev_to4-type1-e to2 h1 h2 v1 (1)
move-count1-prev_to2-type1-e to4 h3 h4 v1 (1)
move-count1-prev_to4-type1-e to2 h2 h3 v1 (1)
move-count1-prev_to2-type3-s tsq h1 h2 v1 v2 v3 (1)
move-count1-prev_tsq-type2-w th5 h2 h3 h4 v3 (1)
move-count0-prev_th5-type2-w th5 h1 h2 h3 v3 (0)
move-count1-prev_th5-type2-n th4 h3 h4 v2 v3 (1)
move-count1-prev_th4-type1-n to2 h3 v1 v2 (1)
move-count0-prev_to2-type1-e to2 h3 h4 v2 (0)
move-count1-prev_to2-type3-e tsq h1 h2 h3 v1 v2 (1)
[t=400.781s, 0 KB] Plan length: 44 step(s).
[t=400.797s, 0 KB] Plan cost: 32
[t=400.797s, 0 KB] Expanded 661091 state(s).
[t=400.797s, 0 KB] Reopened 239516 state(s).
[t=400.797s, 0 KB] Evaluated 661092 state(s).
[t=400.797s, 0 KB] Evaluations: 1082668
[t=400.797s, 0 KB] Generated 2397568 state(s).
[t=400.797s, 0 KB] Dead ends: 0 state(s).
[t=400.797s, 0 KB] Number of registered states: 421576
[t=400.797s, 0 KB] Int hash set load factor: 421576/524288 = 0.804092
[t=400.797s, 0 KB] Int hash set resizes: 19
[t=400.797s, 0 KB] Best solution cost so far: 32
[t=400.797s, 0 KB] Solution found - keep searching
[t=400.797s, 0 KB] Building successor generator...done!
[t=400.797s, 0 KB] peak memory difference for successor generator creation: 0 KB
[t=400.797s, 0 KB] time for successor generation creation: 0s
[t=400.797s, 0 KB] Variables: 21
[t=400.797s, 0 KB] FactPairs: 231
[t=400.797s, 0 KB] Bytes per state: 12
[t=400.797s, 0 KB] Starting search: lazy_wastar(list(hff2, hlm2), preferred = list(hff2, hlm2), w = 2)
[t=400.797s, 0 KB] Conducting lazy best first search, (real) bound = 32
[t=400.797s, 0 KB] 4 initial landmarks, 4 goal landmarks
[t=400.797s, 0 KB] New best heuristic value for lmcount(lm_reasonable_orders_hps(lm_rhw), transform = adapt_costs(plusone), pref = true): 6
[t=400.797s, 0 KB] New best heuristic value for ff(transform = adapt_costs(plusone)): 24
[t=400.797s, 0 KB] g=0, 1 evaluated, 0 expanded
[t=400.797s, 0 KB] Initial heuristic value for lmcount(lm_reasonable_orders_hps(lm_rhw), transform = adapt_costs(plusone), pref = true): 6
[t=400.797s, 0 KB] Initial heuristic value for ff(transform = adapt_costs(plusone)): 24
[t=400.797s, 0 KB] New best heuristic value for ff(transform = adapt_costs(plusone)): 22
[t=400.797s, 0 KB] g=1, 4 evaluated, 3 expanded
[t=400.797s, 0 KB] New best heuristic value for ff(transform = adapt_costs(plusone)): 20
[t=400.797s, 0 KB] g=2, 5 evaluated, 4 expanded
[t=400.797s, 0 KB] New best heuristic value for ff(transform = adapt_costs(plusone)): 18
[t=400.797s, 0 KB] g=3, 6 evaluated, 5 expanded
[t=400.812s, 0 KB] New best heuristic value for lmcount(lm_reasonable_orders_hps(lm_rhw), transform = adapt_costs(plusone), pref = true): 4
[t=400.812s, 0 KB] g=4, 26 evaluated, 25 expanded
[t=400.812s, 0 KB] New best heuristic value for ff(transform = adapt_costs(plusone)): 15
[t=400.812s, 0 KB] g=4, 29 evaluated, 28 expanded
[t=400.812s, 0 KB] New best heuristic value for ff(transform = adapt_costs(plusone)): 14
[t=400.812s, 0 KB] g=6, 33 evaluated, 32 expanded
[t=400.812s, 0 KB] New best heuristic value for ff(transform = adapt_costs(plusone)): 13
[t=400.812s, 0 KB] g=7, 34 evaluated, 33 expanded
[t=400.844s, 0 KB] New best heuristic value for ff(transform = adapt_costs(plusone)): 11
[t=400.844s, 0 KB] g=5, 137 evaluated, 136 expanded, 26 reopened
[t=400.859s, 0 KB] New best heuristic value for lmcount(lm_reasonable_orders_hps(lm_rhw), transform = adapt_costs(plusone), pref = true): 3
[t=400.859s, 0 KB] g=9, 148 evaluated, 147 expanded, 26 reopened
[t=400.859s, 0 KB] New best heuristic value for ff(transform = adapt_costs(plusone)): 7
[t=400.859s, 0 KB] g=11, 151 evaluated, 150 expanded, 26 reopened
[t=400.859s, 0 KB] New best heuristic value for ff(transform = adapt_costs(plusone)): 6
[t=400.859s, 0 KB] g=13, 173 evaluated, 172 expanded, 26 reopened
[t=400.859s, 0 KB] New best heuristic value for ff(transform = adapt_costs(plusone)): 4
[t=400.859s, 0 KB] g=14, 174 evaluated, 173 expanded, 26 reopened
[t=400.859s, 0 KB] New best heuristic value for lmcount(lm_reasonable_orders_hps(lm_rhw), transform = adapt_costs(plusone), pref = true): 2
[t=400.859s, 0 KB] New best heuristic value for ff(transform = adapt_costs(plusone)): 3
[t=400.859s, 0 KB] g=15, 175 evaluated, 174 expanded, 26 reopened
[t=520.609s, 0 KB] New best heuristic value for ff(transform = adapt_costs(plusone)): 2
[t=520.609s, 0 KB] g=30, 600789 evaluated, 600788 expanded, 206843 reopened
[t=520.609s, 0 KB] Solution found!
[t=520.609s, 0 KB] Actual search time: 119.812s
move-count1-prev_th1-type2-e th1 h2 h3 h4 v5 (1)
move-count1-prev_th1-type2-n th2 h1 h2 v4 v5 (1)
move-count1-prev_th2-type1-n to1 h1 v3 v4 (1)
move-count0-prev_to1-type1-e to1 h1 h2 v4 (0)
move-count1-prev_to1-type1-n to3 h1 v2 v3 (1)
move-count0-prev_to3-type1-n to3 h1 v3 v4 (0)
move-count1-prev_to3-type3-w tsq h1 h2 h3 v2 v3 (1)
move-count1-prev_tsq-type1-w to2 h3 h4 v3 (1)
move-count0-prev_to2-type1-s to2 h3 v2 v3 (0)
move-count1-prev_to2-type2-s th3 h3 h4 v3 v4 (1)
move-count1-prev_th3-type1-e to1 h2 h3 v4 (1)
move-count0-prev_to1-type1-e to1 h3 h4 v4 (0)
move-count1-prev_to1-type1-e to3 h1 h2 v4 (1)
move-count0-prev_to3-type1-e to3 h2 h3 v4 (0)
move-count1-prev_to3-type3-n tsq h1 h2 v2 v3 v4 (1)
move-count1-prev_tsq-type1-w to2 h2 h3 v2 (1)
move-count0-prev_to2-type1-w to2 h1 h2 v2 (0)
move-count1-prev_to2-type1-w to4 h3 h4 v2 (1)
move-count0-prev_to4-type1-w to4 h2 h3 v2 (0)
move-count1-prev_to4-type2-n th5 h3 h4 v1 v2 (1)
move-count1-prev_th5-type2-e th4 h1 h2 h3 v1 (1)
move-count0-prev_th4-type2-e th4 h2 h3 h4 v1 (0)
move-count1-prev_th4-type1-s to4 h2 v1 v2 (1)
move-count1-prev_to4-type1-s to2 h1 v1 v2 (1)
move-count1-prev_to2-type3-s tsq h1 h2 v2 v3 v4 (1)
move-count1-prev_tsq-type1-w to3 h2 h3 v4 (1)
move-count0-prev_to3-type1-w to3 h1 h2 v4 (0)
move-count1-prev_to3-type1-w to1 h3 h4 v4 (1)
move-count0-prev_to1-type1-w to1 h2 h3 v4 (0)
move-count1-prev_to1-type2-n th3 h3 h4 v3 v4 (1)
move-count1-prev_th3-type2-n th5 h3 h4 v2 v3 (1)
move-count1-prev_th5-type2-n th4 h3 h4 v1 v2 (1)
move-count1-prev_th4-type1-e to4 h2 h3 v1 (1)
move-count0-prev_to4-type1-e to4 h3 h4 v1 (0)
move-count1-prev_to4-type1-e to2 h1 h2 v1 (1)
move-count0-prev_to2-type1-e to2 h2 h3 v1 (0)
move-count1-prev_to2-type3-s tsq h1 h2 v1 v2 v3 (1)
move-count1-prev_tsq-type2-w th5 h2 h3 h4 v3 (1)
move-count0-prev_th5-type2-w th5 h1 h2 h3 v3 (0)
move-count1-prev_th5-type2-n th4 h3 h4 v2 v3 (1)
move-count1-prev_th4-type1-n to2 h3 v1 v2 (1)
move-count1-prev_to2-type1-n to4 h4 v1 v2 (1)
move-count1-prev_to4-type1-s to2 h3 v1 v2 (1)
move-count0-prev_to2-type1-e to2 h3 h4 v1 (0)
move-count1-prev_to2-type3-e tsq h1 h2 h3 v1 v2 (1)
[t=520.609s, 0 KB] Plan length: 45 step(s).
[t=520.609s, 0 KB] Plan cost: 31
[t=520.609s, 0 KB] Expanded 600789 state(s).
[t=520.609s, 0 KB] Reopened 206843 state(s).
[t=520.609s, 0 KB] Evaluated 600790 state(s).
[t=520.609s, 0 KB] Evaluations: 994737
[t=520.609s, 0 KB] Generated 2190551 state(s).
[t=520.609s, 0 KB] Dead ends: 0 state(s).
[t=520.609s, 0 KB] Number of registered states: 393947
[t=520.609s, 0 KB] Int hash set load factor: 393947/524288 = 0.751394
[t=520.609s, 0 KB] Int hash set resizes: 19
[t=520.609s, 0 KB] Best solution cost so far: 31
[t=520.609s, 0 KB] Solution found - keep searching
[t=520.609s, 0 KB] Building successor generator...done!
[t=520.609s, 0 KB] peak memory difference for successor generator creation: 0 KB
[t=520.609s, 0 KB] time for successor generation creation: 0s
[t=520.609s, 0 KB] Variables: 21
[t=520.609s, 0 KB] FactPairs: 231
[t=520.609s, 0 KB] Bytes per state: 12
[t=520.609s, 0 KB] Starting search: lazy_wastar(list(hff2, hlm2), preferred = list(hff2, hlm2), w = 1)
[t=520.609s, 0 KB] Conducting lazy best first search, (real) bound = 31
[t=520.609s, 0 KB] 4 initial landmarks, 4 goal landmarks
[t=520.609s, 0 KB] New best heuristic value for lmcount(lm_reasonable_orders_hps(lm_rhw), transform = adapt_costs(plusone), pref = true): 6
[t=520.609s, 0 KB] New best heuristic value for ff(transform = adapt_costs(plusone)): 24
[t=520.609s, 0 KB] g=0, 1 evaluated, 0 expanded
[t=520.609s, 0 KB] Initial heuristic value for lmcount(lm_reasonable_orders_hps(lm_rhw), transform = adapt_costs(plusone), pref = true): 6
[t=520.609s, 0 KB] Initial heuristic value for ff(transform = adapt_costs(plusone)): 24
[t=520.609s, 0 KB] New best heuristic value for ff(transform = adapt_costs(plusone)): 22
[t=520.609s, 0 KB] g=1, 4 evaluated, 3 expanded
[t=520.609s, 0 KB] New best heuristic value for ff(transform = adapt_costs(plusone)): 20
[t=520.609s, 0 KB] g=2, 5 evaluated, 4 expanded
[t=520.609s, 0 KB] New best heuristic value for ff(transform = adapt_costs(plusone)): 18
[t=520.609s, 0 KB] g=3, 6 evaluated, 5 expanded
[t=520.609s, 0 KB] New best heuristic value for lmcount(lm_reasonable_orders_hps(lm_rhw), transform = adapt_costs(plusone), pref = true): 4
[t=520.609s, 0 KB] g=4, 26 evaluated, 25 expanded
[t=520.625s, 0 KB] New best heuristic value for ff(transform = adapt_costs(plusone)): 15
[t=520.625s, 0 KB] g=4, 29 evaluated, 28 expanded
[t=520.625s, 0 KB] New best heuristic value for ff(transform = adapt_costs(plusone)): 14
[t=520.625s, 0 KB] g=5, 33 evaluated, 32 expanded
[t=520.625s, 0 KB] New best heuristic value for ff(transform = adapt_costs(plusone)): 11
[t=520.625s, 0 KB] g=5, 34 evaluated, 33 expanded
[t=520.625s, 0 KB] New best heuristic value for lmcount(lm_reasonable_orders_hps(lm_rhw), transform = adapt_costs(plusone), pref = true): 3
[t=520.625s, 0 KB] g=9, 44 evaluated, 43 expanded
[t=520.672s, 0 KB] New best heuristic value for ff(transform = adapt_costs(plusone)): 7
[t=520.672s, 0 KB] g=11, 156 evaluated, 155 expanded, 9 reopened
[t=520.672s, 0 KB] New best heuristic value for ff(transform = adapt_costs(plusone)): 6
[t=520.672s, 0 KB] g=13, 179 evaluated, 178 expanded, 9 reopened
[t=520.672s, 0 KB] New best heuristic value for ff(transform = adapt_costs(plusone)): 4
[t=520.672s, 0 KB] g=14, 180 evaluated, 179 expanded, 9 reopened
[t=520.672s, 0 KB] New best heuristic value for lmcount(lm_reasonable_orders_hps(lm_rhw), transform = adapt_costs(plusone), pref = true): 2
[t=520.672s, 0 KB] New best heuristic value for ff(transform = adapt_costs(plusone)): 3
[t=520.672s, 0 KB] g=15, 181 evaluated, 180 expanded, 9 reopened
[t=562.656s, 0 KB] New best heuristic value for ff(transform = adapt_costs(plusone)): 2
[t=562.656s, 0 KB] g=30, 175316 evaluated, 175315 expanded, 33332 reopened
[t=563.688s, 0 KB] Solution found!
[t=563.688s, 0 KB] Actual search time: 43.0781s
move-count1-prev_th1-type2-e th1 h2 h3 h4 v5 (1)
move-count1-prev_th1-type2-n th2 h1 h2 v4 v5 (1)
move-count1-prev_th2-type1-n to1 h1 v3 v4 (1)
move-count0-prev_to1-type1-e to1 h1 h2 v4 (0)
move-count1-prev_to1-type1-n to3 h1 v2 v3 (1)
move-count0-prev_to3-type1-n to3 h1 v3 v4 (0)
move-count1-prev_to3-type3-w tsq h1 h2 h3 v2 v3 (1)
move-count1-prev_tsq-type1-w to2 h3 h4 v3 (1)
move-count0-prev_to2-type1-s to2 h3 v2 v3 (0)
move-count1-prev_to2-type2-s th3 h3 h4 v3 v4 (1)
move-count1-prev_th3-type2-s th1 h3 h4 v4 v5 (1)
move-count1-prev_th1-type2-e th2 h1 h2 h3 v5 (1)
move-count0-prev_th2-type2-e th2 h2 h3 h4 v5 (0)
move-count1-prev_th2-type1-n to3 h1 v4 v5 (1)
move-count0-prev_to3-type1-e to3 h1 h2 v5 (0)
move-count1-prev_to3-type1-w to1 h1 h2 v4 (1)
move-count0-prev_to1-type1-n to1 h1 v4 v5 (0)
move-count1-prev_to1-type3-n tsq h1 h2 v2 v3 v4 (1)
move-count1-prev_tsq-type1-w to2 h2 h3 v2 (1)
move-count0-prev_to2-type1-w to2 h1 h2 v2 (0)
move-count1-prev_to2-type1-w to4 h3 h4 v2 (1)
move-count0-prev_to4-type1-w to4 h2 h3 v2 (0)
move-count1-prev_to4-type2-n th5 h3 h4 v1 v2 (1)
move-count1-prev_th5-type2-e th4 h1 h2 h3 v1 (1)
move-count0-prev_th4-type2-e th4 h2 h3 h4 v1 (0)
move-count1-prev_th4-type1-s to2 h1 v1 v2 (1)
move-count1-prev_to2-type1-s to4 h2 v1 v2 (1)
move-count1-prev_to4-type3-s tsq h1 h2 v2 v3 v4 (1)
move-count1-prev_tsq-type2-w th1 h2 h3 h4 v4 (1)
move-count0-prev_th1-type2-w th1 h1 h2 h3 v4 (0)
move-count1-prev_th1-type2-n th3 h3 h4 v3 v4 (1)
move-count1-prev_th3-type2-n th5 h3 h4 v2 v3 (1)
move-count1-prev_th5-type2-n th4 h3 h4 v1 v2 (1)
move-count1-prev_th4-type1-e to4 h2 h3 v1 (1)
move-count0-prev_to4-type1-e to4 h3 h4 v1 (0)
move-count1-prev_to4-type1-e to2 h1 h2 v1 (1)
move-count0-prev_to2-type1-e to2 h2 h3 v1 (0)
move-count1-prev_to2-type3-s tsq h1 h2 v1 v2 v3 (1)
move-count1-prev_tsq-type2-w th5 h2 h3 h4 v3 (1)
move-count0-prev_th5-type2-w th5 h1 h2 h3 v3 (0)
move-count1-prev_th5-type2-n th4 h3 h4 v2 v3 (1)
move-count1-prev_th4-type1-n to2 h3 v1 v2 (1)
move-count0-prev_to2-type1-e to2 h3 h4 v2 (0)
move-count1-prev_to2-type3-e tsq h1 h2 h3 v1 v2 (1)
[t=563.688s, 0 KB] Plan length: 44 step(s).
[t=563.688s, 0 KB] Plan cost: 30
[t=563.688s, 0 KB] Expanded 179314 state(s).
[t=563.688s, 0 KB] Reopened 33896 state(s).
[t=563.688s, 0 KB] Evaluated 179315 state(s).
[t=563.688s, 0 KB] Evaluations: 324734
[t=563.688s, 0 KB] Generated 636229 state(s).
[t=563.688s, 0 KB] Dead ends: 0 state(s).
[t=563.688s, 0 KB] Number of registered states: 145419
[t=563.688s, 0 KB] Int hash set load factor: 145419/262144 = 0.554729
[t=563.688s, 0 KB] Int hash set resizes: 18
[t=563.688s, 0 KB] Best solution cost so far: 30
[t=563.688s, 0 KB] Solution found - keep searching
[t=563.688s, 0 KB] Building successor generator...done!
[t=563.688s, 0 KB] peak memory difference for successor generator creation: 0 KB
[t=563.688s, 0 KB] time for successor generation creation: 0s
[t=563.688s, 0 KB] Variables: 21
[t=563.688s, 0 KB] FactPairs: 231
[t=563.688s, 0 KB] Bytes per state: 12
[t=563.688s, 0 KB] Starting search: lazy_wastar(list(hff2, hlm2), preferred = list(hff2, hlm2), w = 1)
[t=563.688s, 0 KB] Conducting lazy best first search, (real) bound = 30
[t=563.688s, 0 KB] 4 initial landmarks, 4 goal landmarks
[t=563.688s, 0 KB] New best heuristic value for lmcount(lm_reasonable_orders_hps(lm_rhw), transform = adapt_costs(plusone), pref = true): 6
[t=563.688s, 0 KB] New best heuristic value for ff(transform = adapt_costs(plusone)): 24
[t=563.688s, 0 KB] g=0, 1 evaluated, 0 expanded
[t=563.688s, 0 KB] Initial heuristic value for lmcount(lm_reasonable_orders_hps(lm_rhw), transform = adapt_costs(plusone), pref = true): 6
[t=563.688s, 0 KB] Initial heuristic value for ff(transform = adapt_costs(plusone)): 24
[t=563.688s, 0 KB] New best heuristic value for ff(transform = adapt_costs(plusone)): 22
[t=563.688s, 0 KB] g=1, 4 evaluated, 3 expanded
[t=563.688s, 0 KB] New best heuristic value for ff(transform = adapt_costs(plusone)): 20
[t=563.688s, 0 KB] g=2, 5 evaluated, 4 expanded
[t=563.688s, 0 KB] New best heuristic value for ff(transform = adapt_costs(plusone)): 18
[t=563.688s, 0 KB] g=3, 6 evaluated, 5 expanded
[t=563.688s, 0 KB] New best heuristic value for lmcount(lm_reasonable_orders_hps(lm_rhw), transform = adapt_costs(plusone), pref = true): 4
[t=563.688s, 0 KB] g=4, 26 evaluated, 25 expanded
[t=563.688s, 0 KB] New best heuristic value for ff(transform = adapt_costs(plusone)): 15
[t=563.688s, 0 KB] g=4, 29 evaluated, 28 expanded
[t=563.688s, 0 KB] New best heuristic value for ff(transform = adapt_costs(plusone)): 14
[t=563.688s, 0 KB] g=5, 33 evaluated, 32 expanded
[t=563.688s, 0 KB] New best heuristic value for ff(transform = adapt_costs(plusone)): 11
[t=563.688s, 0 KB] g=5, 34 evaluated, 33 expanded
[t=563.703s, 0 KB] New best heuristic value for lmcount(lm_reasonable_orders_hps(lm_rhw), transform = adapt_costs(plusone), pref = true): 3
[t=563.703s, 0 KB] g=9, 44 evaluated, 43 expanded
[t=563.719s, 0 KB] New best heuristic value for ff(transform = adapt_costs(plusone)): 7
[t=563.719s, 0 KB] g=11, 156 evaluated, 155 expanded, 9 reopened
[t=563.734s, 0 KB] New best heuristic value for ff(transform = adapt_costs(plusone)): 6
[t=563.734s, 0 KB] g=13, 179 evaluated, 178 expanded, 9 reopened
[t=563.734s, 0 KB] New best heuristic value for ff(transform = adapt_costs(plusone)): 4
[t=563.734s, 0 KB] g=14, 180 evaluated, 179 expanded, 9 reopened
[t=563.734s, 0 KB] New best heuristic value for lmcount(lm_reasonable_orders_hps(lm_rhw), transform = adapt_costs(plusone), pref = true): 2
[t=563.734s, 0 KB] New best heuristic value for ff(transform = adapt_costs(plusone)): 3
[t=563.734s, 0 KB] g=15, 181 evaluated, 180 expanded, 9 reopened
[t=616.656s, 0 KB] New best heuristic value for ff(transform = adapt_costs(plusone)): 2
[t=616.656s, 0 KB] g=29, 217760 evaluated, 217759 expanded, 42445 reopened
[t=638.438s, 0 KB] Solution found!
[t=638.438s, 0 KB] Actual search time: 74.75s
move-count1-prev_th1-type2-e th1 h2 h3 h4 v5 (1)
move-count1-prev_th1-type2-n th2 h1 h2 v4 v5 (1)
move-count1-prev_th2-type1-n to1 h1 v3 v4 (1)
move-count0-prev_to1-type1-e to1 h1 h2 v4 (0)
move-count1-prev_to1-type1-n to3 h1 v2 v3 (1)
move-count0-prev_to3-type1-n to3 h1 v3 v4 (0)
move-count1-prev_to3-type3-w tsq h1 h2 h3 v2 v3 (1)
move-count1-prev_tsq-type1-w to2 h3 h4 v3 (1)
move-count0-prev_to2-type1-s to2 h3 v2 v3 (0)
move-count1-prev_to2-type2-s th3 h3 h4 v3 v4 (1)
move-count1-prev_th3-type1-e to1 h2 h3 v4 (1)
move-count0-prev_to1-type1-e to1 h3 h4 v4 (0)
move-count1-prev_to1-type1-e to3 h1 h2 v4 (1)
move-count0-prev_to3-type1-e to3 h2 h3 v4 (0)
move-count1-prev_to3-type3-n tsq h1 h2 v2 v3 v4 (1)
move-count1-prev_tsq-type1-w to2 h2 h3 v2 (1)
move-count0-prev_to2-type1-w to2 h1 h2 v2 (0)
move-count1-prev_to2-type1-w to4 h3 h4 v2 (1)
move-count0-prev_to4-type1-w to4 h2 h3 v2 (0)
move-count1-prev_to4-type2-n th5 h3 h4 v1 v2 (1)
move-count1-prev_th5-type2-e th4 h1 h2 h3 v1 (1)
move-count0-prev_th4-type2-e th4 h2 h3 h4 v1 (0)
move-count1-prev_th4-type1-s to4 h2 v1 v2 (1)
move-count0-prev_to4-type1-w to4 h1 h2 v1 (0)
move-count1-prev_to4-type1-e to2 h1 h2 v2 (1)
move-count0-prev_to2-type1-s to2 h2 v1 v2 (0)
move-count1-prev_to2-type3-s tsq h1 h2 v2 v3 v4 (1)
move-count1-prev_tsq-type1-w to3 h2 h3 v4 (1)
move-count0-prev_to3-type1-w to3 h1 h2 v4 (0)
move-count1-prev_to3-type1-w to1 h3 h4 v4 (1)
move-count0-prev_to1-type1-w to1 h2 h3 v4 (0)
move-count1-prev_to1-type2-n th3 h3 h4 v3 v4 (1)
move-count1-prev_th3-type2-n th5 h3 h4 v2 v3 (1)
move-count1-prev_th5-type2-n th4 h3 h4 v1 v2 (1)
move-count1-prev_th4-type1-e to2 h2 h3 v1 (1)
move-count0-prev_to2-type1-e to2 h3 h4 v1 (0)
move-count1-prev_to2-type1-e to4 h1 h2 v1 (1)
move-count0-prev_to4-type1-e to4 h2 h3 v1 (0)
move-count1-prev_to4-type3-s tsq h1 h2 v1 v2 v3 (1)
move-count1-prev_tsq-type2-w th5 h2 h3 h4 v3 (1)
move-count0-prev_th5-type2-w th5 h1 h2 h3 v3 (0)
move-count1-prev_th5-type2-n th4 h3 h4 v2 v3 (1)
move-count1-prev_th4-type1-n to4 h3 v1 v2 (1)
move-count0-prev_to4-type1-e to4 h3 h4 v2 (0)
move-count1-prev_to4-type3-e tsq h1 h2 h3 v1 v2 (1)
[t=638.438s, 0 KB] Plan length: 45 step(s).
[t=638.438s, 0 KB] Plan cost: 29
[t=638.438s, 0 KB] Expanded 303874 state(s).
[t=638.438s, 0 KB] Reopened 60505 state(s).
[t=638.438s, 0 KB] Evaluated 303875 state(s).
[t=638.438s, 0 KB] Evaluations: 547245
[t=638.438s, 0 KB] Generated 1097255 state(s).
[t=638.438s, 0 KB] Dead ends: 0 state(s).
[t=638.438s, 0 KB] Number of registered states: 243370
[t=638.438s, 0 KB] Int hash set load factor: 243370/524288 = 0.464191
[t=638.438s, 0 KB] Int hash set resizes: 19
[t=638.438s, 0 KB] Best solution cost so far: 29
[t=638.438s, 0 KB] Solution found - keep searching
[t=638.438s, 0 KB] Building successor generator...done!
[t=638.438s, 0 KB] peak memory difference for successor generator creation: 0 KB
[t=638.438s, 0 KB] time for successor generation creation: 0s
[t=638.438s, 0 KB] Variables: 21
[t=638.438s, 0 KB] FactPairs: 231
[t=638.438s, 0 KB] Bytes per state: 12
[t=638.438s, 0 KB] Starting search: lazy_wastar(list(hff2, hlm2), preferred = list(hff2, hlm2), w = 1)
[t=638.438s, 0 KB] Conducting lazy best first search, (real) bound = 29
[t=638.438s, 0 KB] 4 initial landmarks, 4 goal landmarks
[t=638.438s, 0 KB] New best heuristic value for ff(transform = adapt_costs(plusone)): 24
[t=638.438s, 0 KB] New best heuristic value for lmcount(lm_reasonable_orders_hps(lm_rhw), transform = adapt_costs(plusone), pref = true): 6
[t=638.438s, 0 KB] g=0, 1 evaluated, 0 expanded
[t=638.438s, 0 KB] Initial heuristic value for ff(transform = adapt_costs(plusone)): 24
[t=638.438s, 0 KB] Initial heuristic value for lmcount(lm_reasonable_orders_hps(lm_rhw), transform = adapt_costs(plusone), pref = true): 6
[t=638.438s, 0 KB] New best heuristic value for ff(transform = adapt_costs(plusone)): 22
[t=638.438s, 0 KB] g=1, 4 evaluated, 3 expanded
[t=638.438s, 0 KB] New best heuristic value for ff(transform = adapt_costs(plusone)): 20
[t=638.438s, 0 KB] g=2, 5 evaluated, 4 expanded
[t=638.438s, 0 KB] New best heuristic value for ff(transform = adapt_costs(plusone)): 18
[t=638.438s, 0 KB] g=3, 6 evaluated, 5 expanded
[t=638.453s, 0 KB] New best heuristic value for lmcount(lm_reasonable_orders_hps(lm_rhw), transform = adapt_costs(plusone), pref = true): 4
[t=638.453s, 0 KB] g=4, 26 evaluated, 25 expanded
[t=638.453s, 0 KB] New best heuristic value for ff(transform = adapt_costs(plusone)): 15
[t=638.453s, 0 KB] g=4, 29 evaluated, 28 expanded
[t=638.453s, 0 KB] New best heuristic value for ff(transform = adapt_costs(plusone)): 14
[t=638.453s, 0 KB] g=5, 33 evaluated, 32 expanded
[t=638.453s, 0 KB] New best heuristic value for ff(transform = adapt_costs(plusone)): 11
[t=638.453s, 0 KB] g=5, 34 evaluated, 33 expanded
[t=638.453s, 0 KB] New best heuristic value for lmcount(lm_reasonable_orders_hps(lm_rhw), transform = adapt_costs(plusone), pref = true): 3
[t=638.453s, 0 KB] g=9, 44 evaluated, 43 expanded
[t=638.484s, 0 KB] New best heuristic value for ff(transform = adapt_costs(plusone)): 7
[t=638.484s, 0 KB] g=11, 156 evaluated, 155 expanded, 9 reopened
[t=638.484s, 0 KB] New best heuristic value for ff(transform = adapt_costs(plusone)): 6
[t=638.484s, 0 KB] g=13, 179 evaluated, 178 expanded, 9 reopened
[t=638.484s, 0 KB] New best heuristic value for ff(transform = adapt_costs(plusone)): 4
[t=638.484s, 0 KB] g=14, 180 evaluated, 179 expanded, 9 reopened
[t=638.484s, 0 KB] New best heuristic value for ff(transform = adapt_costs(plusone)): 3
[t=638.484s, 0 KB] New best heuristic value for lmcount(lm_reasonable_orders_hps(lm_rhw), transform = adapt_costs(plusone), pref = true): 2
[t=638.484s, 0 KB] g=15, 181 evaluated, 180 expanded, 9 reopened
[t=704.781s, 0 KB] New best heuristic value for ff(transform = adapt_costs(plusone)): 2
[t=704.781s, 0 KB] g=28, 268804 evaluated, 268803 expanded, 55027 reopened
[t=797.891s, 0 KB] Completely explored state space -- no solution!
[t=797.891s, 0 KB] Actual search time: 159.453s
[t=797.891s, 0 KB] Expanded 651129 state(s).
[t=797.891s, 0 KB] Reopened 155545 state(s).
[t=797.891s, 0 KB] Evaluated 651129 state(s).
[t=797.891s, 0 KB] Evaluations: 1146713
[t=797.891s, 0 KB] Generated 2357472 state(s).
[t=797.891s, 0 KB] Dead ends: 0 state(s).
[t=797.891s, 0 KB] Number of registered states: 495584
[t=797.891s, 0 KB] Int hash set load factor: 495584/1048576 = 0.472626
[t=797.891s, 0 KB] Int hash set resizes: 20
[t=797.891s, 0 KB] Best solution cost so far: 29
[t=797.891s, 0 KB] No solution found - keep searching
[t=797.891s, 0 KB] Actual search time: 797.562s
[t=797.891s, 0 KB] Cumulative statistics:
[t=797.891s, 0 KB] Expanded 3543073 state(s).
[t=797.891s, 0 KB] Reopened 921717 state(s).
[t=797.891s, 0 KB] Evaluated 3543080 state(s).
[t=797.891s, 0 KB] Evaluations: 6164443
[t=797.891s, 0 KB] Generated 12843509 state(s).
[t=797.891s, 0 KB] Dead ends: 0 state(s).
[t=797.891s, 0 KB] Search time: 797.562s
[t=797.891s, 0 KB] Total time: 797.891s
Solution found.
Peak memory: 0 KB
search exit code: 0

