INFO     Running translator.
INFO     translator stdin: None
INFO     translator time limit: None
INFO     translator memory limit: None
INFO     translator command line string: /usr/bin/python3 /home/bo198214/workspace/planner/downward/builds/release/bin/translate/translate.py /home/bo198214/workspace/slide_puzzle_gen/khunpan16-ac-gen-domain.pddl /home/bo198214/workspace/slide_puzzle_gen/khunpan16-ac-gen-problem.pddl --sas-file /home/bo198214/workspace/slide_puzzle_gen/khunpan16-ac-gen.sas
Parsing...
Parsing: [0.140s CPU, 0.150s wall-clock]
Normalizing task... [0.030s CPU, 0.029s wall-clock]
Instantiating...
Generating Datalog program... [0.030s CPU, 0.029s wall-clock]
Normalizing Datalog program...
Normalizing Datalog program: [0.420s CPU, 0.428s wall-clock]
Preparing model... [0.200s CPU, 0.197s wall-clock]
Generated 9961 rules.
Computing model... [5.570s CPU, 5.578s wall-clock]
15828 relevant atoms
294040 auxiliary atoms
309868 final queue length
359499 total queue pushes
Completing instantiation... [1.450s CPU, 1.498s wall-clock]
Instantiating: [7.790s CPU, 7.856s wall-clock]
Computing fact groups...
Finding invariants...
9 initial candidates
Finding invariants: [1.350s CPU, 1.341s wall-clock]
Checking invariant weight... [0.000s CPU, 0.000s wall-clock]
Instantiating groups... [0.000s CPU, 0.001s wall-clock]
Collecting mutex groups... [0.000s CPU, 0.000s wall-clock]
Choosing groups...
0 uncovered facts
Choosing groups: [0.000s CPU, 0.000s wall-clock]
Building translation key... [0.000s CPU, 0.000s wall-clock]
Computing fact groups: [1.350s CPU, 1.343s wall-clock]
Building STRIPS to SAS dictionary... [0.000s CPU, 0.000s wall-clock]
Building dictionary for full mutex groups... [0.000s CPU, 0.000s wall-clock]
Building mutex information...
Building mutex information: [0.000s CPU, 0.000s wall-clock]
Translating task...
Processing axioms...
Simplifying axioms... [0.000s CPU, 0.000s wall-clock]
Translator axioms removed by simplifying: 0
Computing negative axioms... [0.000s CPU, 0.000s wall-clock]
Processing axioms: [0.050s CPU, 0.051s wall-clock]
Translating task: [0.610s CPU, 0.614s wall-clock]
0 effect conditions simplified
0 implied preconditions added
Detecting unreachable propositions...
0 operators removed
0 axioms removed
21 propositions removed
Detecting unreachable propositions: [0.340s CPU, 0.346s wall-clock]
Reordering and filtering variables...
21 of 21 variables necessary.
0 of 21 mutex groups necessary.
10360 of 10360 operators necessary.
0 of 0 axiom rules necessary.
Reordering and filtering variables: [0.100s CPU, 0.087s wall-clock]
Translator variables: 21
Translator derived variables: 0
Translator facts: 230
Translator goal facts: 4
Translator mutex groups: 0
Translator total mutex groups size: 0
Translator operators: 10360
Translator axioms: 0
Translator task size: 86857
Translator peak memory: 0 KB
Writing output... [0.120s CPU, 0.127s wall-clock]
Done! [10.520s CPU, 10.596s wall-clock]
translate exit code: 0

INFO     Running search (release).
INFO     search stdin: /home/bo198214/workspace/slide_puzzle_gen/khunpan16-ac-gen.sas
INFO     search time limit: None
INFO     search memory limit: None
INFO     search command line string: /home/bo198214/workspace/planner/downward/builds/release/bin/downward --if-unit-cost --evaluator 'hlm=lmcount(lm_reasonable_orders_hps(lm_rhw()),pref=true)' --evaluator 'hff=ff()' --search 'iterated([lazy_greedy([hff,hlm],preferred=[hff,hlm]),lazy_wastar([hff,hlm],preferred=[hff,hlm],w=5),lazy_wastar([hff,hlm],preferred=[hff,hlm],w=3),lazy_wastar([hff,hlm],preferred=[hff,hlm],w=2),lazy_wastar([hff,hlm],preferred=[hff,hlm],w=1)],repeat_last=true,continue_on_fail=true)' --if-non-unit-cost --evaluator 'hlm1=lmcount(lm_reasonable_orders_hps(lm_rhw()),transform=adapt_costs(one),pref=true)' --evaluator 'hff1=ff(transform=adapt_costs(one))' --evaluator 'hlm2=lmcount(lm_reasonable_orders_hps(lm_rhw()),transform=adapt_costs(plusone),pref=true)' --evaluator 'hff2=ff(transform=adapt_costs(plusone))' --search 'iterated([lazy_greedy([hff1,hlm1],preferred=[hff1,hlm1],cost_type=one,reopen_closed=false),lazy_greedy([hff2,hlm2],preferred=[hff2,hlm2],reopen_closed=false),lazy_wastar([hff2,hlm2],preferred=[hff2,hlm2],w=5),lazy_wastar([hff2,hlm2],preferred=[hff2,hlm2],w=3),lazy_wastar([hff2,hlm2],preferred=[hff2,hlm2],w=2),lazy_wastar([hff2,hlm2],preferred=[hff2,hlm2],w=1)],repeat_last=true,continue_on_fail=true)' --always --internal-plan-file /home/bo198214/workspace/slide_puzzle_gen/khunpan16-ac-gen_downward.txt < /home/bo198214/workspace/slide_puzzle_gen/khunpan16-ac-gen.sas
[t=0s, 0 KB] reading input...
[t=0.0625s, 0 KB] done reading input!
[t=0.0625s, 0 KB] Initializing landmark count heuristic...
[t=0.0625s, 0 KB] Generating landmark graph...
[t=0.0625s, 0 KB] Building a landmark graph with reasonable orders.
[t=0.0625s, 0 KB] Initializing Exploration...
[t=0.078125s, 0 KB] Generating landmarks using the RPG/SAS+ approach
Removed 0 reasonable or obedient reasonable orders
[t=0.125s, 0 KB] Landmarks generation time: 0.0625s
[t=0.125s, 0 KB] Discovered 9 landmarks, of which 1 are disjunctive and 0 are conjunctive.
[t=0.125s, 0 KB] 7 edges
[t=0.125s, 0 KB] approx. reasonable orders
[t=0.125s, 0 KB] approx. obedient reasonable orders
[t=0.125s, 0 KB] Removed 0 reasonable or obedient reasonable orders
[t=0.125s, 0 KB] Landmarks generation time: 0.0625s
[t=0.125s, 0 KB] Discovered 9 landmarks, of which 1 are disjunctive and 0 are conjunctive.
[t=0.125s, 0 KB] 7 edges
[t=0.125s, 0 KB] Landmark graph generation time: 0.0625s
[t=0.125s, 0 KB] Landmark graph contains 9 landmarks, of which 1 are disjunctive and 0 are conjunctive.
[t=0.125s, 0 KB] Landmark graph contains 7 orderings.
[t=0.125s, 0 KB] Simplifying 36162 unary operators... done! [19656 unary operators]
[t=0.15625s, 0 KB] time to simplify: 0.03125s
[t=0.15625s, 0 KB] Initializing additive heuristic...
[t=0.15625s, 0 KB] Initializing FF heuristic...
[t=0.171875s, 0 KB] Initializing landmark count heuristic...
[t=0.171875s, 0 KB] Generating landmark graph...
[t=0.171875s, 0 KB] Building a landmark graph with reasonable orders.
[t=0.171875s, 0 KB] Initializing Exploration...
[t=0.171875s, 0 KB] Generating landmarks using the RPG/SAS+ approach
Removed 0 reasonable or obedient reasonable orders
[t=0.21875s, 0 KB] Landmarks generation time: 0.046875s
[t=0.21875s, 0 KB] Discovered 9 landmarks, of which 1 are disjunctive and 0 are conjunctive.
[t=0.21875s, 0 KB] 7 edges
[t=0.21875s, 0 KB] approx. reasonable orders
[t=0.21875s, 0 KB] approx. obedient reasonable orders
[t=0.21875s, 0 KB] Removed 0 reasonable or obedient reasonable orders
[t=0.21875s, 0 KB] Landmarks generation time: 0.046875s
[t=0.21875s, 0 KB] Discovered 9 landmarks, of which 1 are disjunctive and 0 are conjunctive.
[t=0.21875s, 0 KB] 7 edges
[t=0.21875s, 0 KB] Landmark graph generation time: 0.046875s
[t=0.21875s, 0 KB] Landmark graph contains 9 landmarks, of which 1 are disjunctive and 0 are conjunctive.
[t=0.21875s, 0 KB] Landmark graph contains 7 orderings.
[t=0.21875s, 0 KB] Simplifying 36162 unary operators... done! [19656 unary operators]
[t=0.25s, 0 KB] time to simplify: 0.03125s
[t=0.25s, 0 KB] Initializing additive heuristic...
[t=0.25s, 0 KB] Initializing FF heuristic...
[t=0.25s, 0 KB] Building successor generator...done!
[t=0.25s, 0 KB] peak memory difference for successor generator creation: 0 KB
[t=0.25s, 0 KB] time for successor generation creation: 0s
[t=0.25s, 0 KB] Variables: 21
[t=0.25s, 0 KB] FactPairs: 230
[t=0.25s, 0 KB] Bytes per state: 12
[t=0.25s, 0 KB] Building successor generator...done!
[t=0.25s, 0 KB] peak memory difference for successor generator creation: 0 KB
[t=0.25s, 0 KB] time for successor generation creation: 0s
[t=0.25s, 0 KB] Variables: 21
[t=0.25s, 0 KB] FactPairs: 230
[t=0.25s, 0 KB] Bytes per state: 12
[t=0.25s, 0 KB] Starting search: lazy_greedy(list(hff1, hlm1), preferred = list(hff1, hlm1), cost_type = one, reopen_closed = false)
[t=0.25s, 0 KB] Conducting lazy best first search, (real) bound = 2147483647
[t=0.25s, 0 KB] 4 initial landmarks, 4 goal landmarks
[t=0.25s, 0 KB] New best heuristic value for lmcount(lm_reasonable_orders_hps(lm_rhw), transform = adapt_costs(one), pref = true): 5
[t=0.25s, 0 KB] New best heuristic value for ff(transform = adapt_costs(one)): 7
[t=0.25s, 0 KB] g=0, 1 evaluated, 0 expanded
[t=0.25s, 0 KB] Initial heuristic value for lmcount(lm_reasonable_orders_hps(lm_rhw), transform = adapt_costs(one), pref = true): 5
[t=0.25s, 0 KB] Initial heuristic value for ff(transform = adapt_costs(one)): 7
[t=0.25s, 0 KB] New best heuristic value for ff(transform = adapt_costs(one)): 6
[t=0.25s, 0 KB] g=1, 3 evaluated, 2 expanded
[t=0.25s, 0 KB] New best heuristic value for lmcount(lm_reasonable_orders_hps(lm_rhw), transform = adapt_costs(one), pref = true): 4
[t=0.25s, 0 KB] New best heuristic value for ff(transform = adapt_costs(one)): 4
[t=0.25s, 0 KB] g=2, 4 evaluated, 3 expanded
[t=0.25s, 0 KB] New best heuristic value for lmcount(lm_reasonable_orders_hps(lm_rhw), transform = adapt_costs(one), pref = true): 3
[t=0.25s, 0 KB] g=3, 5 evaluated, 4 expanded
[t=0.25s, 0 KB] New best heuristic value for ff(transform = adapt_costs(one)): 3
[t=0.25s, 0 KB] g=4, 21 evaluated, 20 expanded
[t=0.265625s, 0 KB] New best heuristic value for ff(transform = adapt_costs(one)): 2
[t=0.265625s, 0 KB] g=19, 69 evaluated, 68 expanded
[t=0.265625s, 0 KB] New best heuristic value for lmcount(lm_reasonable_orders_hps(lm_rhw), transform = adapt_costs(one), pref = true): 2
[t=0.265625s, 0 KB] g=20, 70 evaluated, 69 expanded
[t=0.265625s, 0 KB] New best heuristic value for ff(transform = adapt_costs(one)): 1
[t=0.265625s, 0 KB] g=21, 83 evaluated, 82 expanded
[t=0.265625s, 0 KB] Solution found!
[t=0.265625s, 0 KB] Actual search time: 0.015625s
move-count1-prev_th-type1-n to1 h1 v2 v3 (1)
move-count1-prev_to1-type1-n to3 h1 v1 v2 (1)
move-count1-prev_to3-type2-w th h1 h2 h3 v1 (1)
move-count1-prev_th-type1-w to4 h3 h4 v1 (1)
move-count1-prev_to4-type1-s to2 h4 v1 v2 (1)
move-count1-prev_to2-type5-e tsq h2 h3 h4 v2 v3 (1)
move-count1-prev_tsq-type1-e to3 h1 h2 v2 (1)
move-count0-prev_to3-type1-n to3 h2 v2 v3 (0)
move-count1-prev_to3-type2-n th h1 h2 v1 v2 (1)
move-count1-prev_th-type1-w to4 h2 h3 v1 (1)
move-count1-prev_to4-type1-w to2 h3 h4 v1 (1)
move-count1-prev_to2-type1-w to4 h1 h2 v1 (1)
move-count1-prev_to4-type1-w to2 h2 h3 v1 (1)
move-count1-prev_to2-type5-s tsq h3 h4 v1 v2 v3 (1)
move-count1-prev_tsq-type1-e to3 h2 h3 v3 (1)
move-count1-prev_to3-type1-e to1 h1 h2 v3 (1)
move-count1-prev_to1-type1-e to3 h3 h4 v3 (1)
move-count1-prev_to3-type1-e to1 h2 h3 v3 (1)
move-count1-prev_to1-type2-n th h1 h2 v2 v3 (1)
move-count1-prev_th-type1-n to2 h2 v1 v2 (1)
move-count0-prev_to2-type1-w to2 h1 h2 v2 (0)
move-count1-prev_to2-type5-w tsq h2 h3 h4 v1 v2 (1)
[t=0.265625s, 0 KB] Plan length: 22 step(s).
[t=0.265625s, 0 KB] Plan cost: 20
[t=0.265625s, 0 KB] Expanded 83 state(s).
[t=0.265625s, 0 KB] Reopened 0 state(s).
[t=0.265625s, 0 KB] Evaluated 84 state(s).
[t=0.265625s, 0 KB] Evaluations: 168
[t=0.265625s, 0 KB] Generated 295 state(s).
[t=0.265625s, 0 KB] Dead ends: 0 state(s).
[t=0.265625s, 0 KB] Number of registered states: 84
[t=0.265625s, 0 KB] Int hash set load factor: 84/128 = 0.65625
[t=0.265625s, 0 KB] Int hash set resizes: 7
[t=0.265625s, 0 KB] Best solution cost so far: 20
[t=0.265625s, 0 KB] Solution found - keep searching
[t=0.265625s, 0 KB] Building successor generator...done!
[t=0.265625s, 0 KB] peak memory difference for successor generator creation: 0 KB
[t=0.265625s, 0 KB] time for successor generation creation: 0s
[t=0.265625s, 0 KB] Variables: 21
[t=0.265625s, 0 KB] FactPairs: 230
[t=0.265625s, 0 KB] Bytes per state: 12
[t=0.265625s, 0 KB] Starting search: lazy_greedy(list(hff2, hlm2), preferred = list(hff2, hlm2), reopen_closed = false)
[t=0.265625s, 0 KB] Conducting lazy best first search, (real) bound = 20
[t=0.265625s, 0 KB] 4 initial landmarks, 4 goal landmarks
[t=0.265625s, 0 KB] New best heuristic value for lmcount(lm_reasonable_orders_hps(lm_rhw), transform = adapt_costs(plusone), pref = true): 6
[t=0.265625s, 0 KB] New best heuristic value for ff(transform = adapt_costs(plusone)): 14
[t=0.265625s, 0 KB] g=0, 1 evaluated, 0 expanded
[t=0.265625s, 0 KB] Initial heuristic value for lmcount(lm_reasonable_orders_hps(lm_rhw), transform = adapt_costs(plusone), pref = true): 6
[t=0.265625s, 0 KB] Initial heuristic value for ff(transform = adapt_costs(plusone)): 14
[t=0.265625s, 0 KB] New best heuristic value for ff(transform = adapt_costs(plusone)): 12
[t=0.265625s, 0 KB] g=1, 3 evaluated, 2 expanded
[t=0.265625s, 0 KB] New best heuristic value for lmcount(lm_reasonable_orders_hps(lm_rhw), transform = adapt_costs(plusone), pref = true): 4
[t=0.265625s, 0 KB] New best heuristic value for ff(transform = adapt_costs(plusone)): 8
[t=0.265625s, 0 KB] g=2, 4 evaluated, 3 expanded
[t=0.265625s, 0 KB] New best heuristic value for lmcount(lm_reasonable_orders_hps(lm_rhw), transform = adapt_costs(plusone), pref = true): 3
[t=0.265625s, 0 KB] New best heuristic value for ff(transform = adapt_costs(plusone)): 6
[t=0.265625s, 0 KB] g=3, 5 evaluated, 4 expanded
[t=0.265625s, 0 KB] New best heuristic value for ff(transform = adapt_costs(plusone)): 4
[t=0.28125s, 0 KB] g=6, 22 evaluated, 21 expanded
[t=0.296875s, 0 KB] New best heuristic value for lmcount(lm_reasonable_orders_hps(lm_rhw), transform = adapt_costs(plusone), pref = true): 2
[t=0.296875s, 0 KB] New best heuristic value for ff(transform = adapt_costs(plusone)): 3
[t=0.296875s, 0 KB] g=19, 151 evaluated, 150 expanded
[t=0.296875s, 0 KB] New best heuristic value for ff(transform = adapt_costs(plusone)): 2
[t=0.296875s, 0 KB] g=19, 153 evaluated, 152 expanded
[t=0.46875s, 0 KB] Completely explored state space -- no solution!
[t=0.46875s, 0 KB] Actual search time: 0.203125s
[t=0.46875s, 0 KB] Expanded 890 state(s).
[t=0.46875s, 0 KB] Reopened 0 state(s).
[t=0.46875s, 0 KB] Evaluated 890 state(s).
[t=0.46875s, 0 KB] Evaluations: 1780
[t=0.46875s, 0 KB] Generated 2762 state(s).
[t=0.46875s, 0 KB] Dead ends: 0 state(s).
[t=0.46875s, 0 KB] Number of registered states: 890
[t=0.46875s, 0 KB] Int hash set load factor: 890/1024 = 0.869141
[t=0.46875s, 0 KB] Int hash set resizes: 10
[t=0.46875s, 0 KB] Best solution cost so far: 20
[t=0.46875s, 0 KB] No solution found - keep searching
[t=0.46875s, 0 KB] Building successor generator...done!
[t=0.46875s, 0 KB] peak memory difference for successor generator creation: 0 KB
[t=0.46875s, 0 KB] time for successor generation creation: 0s
[t=0.46875s, 0 KB] Variables: 21
[t=0.46875s, 0 KB] FactPairs: 230
[t=0.46875s, 0 KB] Bytes per state: 12
[t=0.46875s, 0 KB] Starting search: lazy_wastar(list(hff2, hlm2), preferred = list(hff2, hlm2), w = 5)
[t=0.46875s, 0 KB] Conducting lazy best first search, (real) bound = 20
[t=0.46875s, 0 KB] 4 initial landmarks, 4 goal landmarks
[t=0.46875s, 0 KB] New best heuristic value for ff(transform = adapt_costs(plusone)): 14
[t=0.46875s, 0 KB] New best heuristic value for lmcount(lm_reasonable_orders_hps(lm_rhw), transform = adapt_costs(plusone), pref = true): 6
[t=0.46875s, 0 KB] g=0, 1 evaluated, 0 expanded
[t=0.46875s, 0 KB] Initial heuristic value for ff(transform = adapt_costs(plusone)): 14
[t=0.46875s, 0 KB] Initial heuristic value for lmcount(lm_reasonable_orders_hps(lm_rhw), transform = adapt_costs(plusone), pref = true): 6
[t=0.46875s, 0 KB] New best heuristic value for ff(transform = adapt_costs(plusone)): 12
[t=0.46875s, 0 KB] g=1, 3 evaluated, 2 expanded
[t=0.46875s, 0 KB] New best heuristic value for ff(transform = adapt_costs(plusone)): 8
[t=0.46875s, 0 KB] New best heuristic value for lmcount(lm_reasonable_orders_hps(lm_rhw), transform = adapt_costs(plusone), pref = true): 4
[t=0.46875s, 0 KB] g=2, 4 evaluated, 3 expanded
[t=0.46875s, 0 KB] New best heuristic value for ff(transform = adapt_costs(plusone)): 6
[t=0.46875s, 0 KB] New best heuristic value for lmcount(lm_reasonable_orders_hps(lm_rhw), transform = adapt_costs(plusone), pref = true): 3
[t=0.46875s, 0 KB] g=3, 5 evaluated, 4 expanded
[t=0.46875s, 0 KB] New best heuristic value for ff(transform = adapt_costs(plusone)): 4
[t=0.46875s, 0 KB] g=6, 22 evaluated, 21 expanded
[t=0.484375s, 0 KB] New best heuristic value for ff(transform = adapt_costs(plusone)): 3
[t=0.484375s, 0 KB] New best heuristic value for lmcount(lm_reasonable_orders_hps(lm_rhw), transform = adapt_costs(plusone), pref = true): 2
[t=0.484375s, 0 KB] g=19, 199 evaluated, 198 expanded, 45 reopened
[t=0.5s, 0 KB] New best heuristic value for ff(transform = adapt_costs(plusone)): 2
[t=0.5s, 0 KB] g=19, 204 evaluated, 203 expanded, 47 reopened
[t=0.5s, 0 KB] Solution found!
[t=0.5s, 0 KB] Actual search time: 0.03125s
move-count1-prev_th-type1-n to1 h1 v2 v3 (1)
move-count1-prev_to1-type1-n to3 h1 v1 v2 (1)
move-count1-prev_to3-type2-w th h1 h2 h3 v1 (1)
move-count1-prev_th-type1-w to4 h3 h4 v1 (1)
move-count1-prev_to4-type1-s to2 h4 v1 v2 (1)
move-count1-prev_to2-type5-e tsq h2 h3 h4 v2 v3 (1)
move-count1-prev_tsq-type1-e to3 h1 h2 v2 (1)
move-count0-prev_to3-type1-n to3 h2 v2 v3 (0)
move-count1-prev_to3-type2-n th h1 h2 v1 v2 (1)
move-count1-prev_th-type1-w to4 h2 h3 v1 (1)
move-count0-prev_to4-type1-w to4 h1 h2 v1 (0)
move-count1-prev_to4-type1-w to2 h3 h4 v1 (1)
move-count0-prev_to2-type1-w to2 h2 h3 v1 (0)
move-count1-prev_to2-type5-s tsq h3 h4 v1 v2 v3 (1)
move-count1-prev_tsq-type1-e to3 h2 h3 v3 (1)
move-count1-prev_to3-type1-e to1 h1 h2 v3 (1)
move-count1-prev_to1-type3-s tv1 h1 v3 v4 v5 (1)
move-count0-prev_tv1-type3-n tv1 h1 v3 v4 v5 (0)
move-count1-prev_tv1-type1-e to3 h3 h4 v3 (1)
move-count1-prev_to3-type1-e to1 h2 h3 v3 (1)
move-count1-prev_to1-type2-n th h1 h2 v2 v3 (1)
move-count1-prev_th-type1-n to2 h2 v1 v2 (1)
move-count0-prev_to2-type1-w to2 h1 h2 v2 (0)
move-count1-prev_to2-type5-w tsq h2 h3 h4 v1 v2 (1)
[t=0.5s, 0 KB] Plan length: 24 step(s).
[t=0.5s, 0 KB] Plan cost: 19
[t=0.5s, 0 KB] Expanded 212 state(s).
[t=0.5s, 0 KB] Reopened 49 state(s).
[t=0.5s, 0 KB] Evaluated 213 state(s).
[t=0.5s, 0 KB] Evaluations: 377
[t=0.5s, 0 KB] Generated 698 state(s).
[t=0.5s, 0 KB] Dead ends: 0 state(s).
[t=0.5s, 0 KB] Number of registered states: 164
[t=0.5s, 0 KB] Int hash set load factor: 164/256 = 0.640625
[t=0.5s, 0 KB] Int hash set resizes: 8
[t=0.5s, 0 KB] Best solution cost so far: 19
[t=0.5s, 0 KB] Solution found - keep searching
[t=0.5s, 0 KB] Building successor generator...done!
[t=0.5s, 0 KB] peak memory difference for successor generator creation: 0 KB
[t=0.5s, 0 KB] time for successor generation creation: 0s
[t=0.5s, 0 KB] Variables: 21
[t=0.5s, 0 KB] FactPairs: 230
[t=0.5s, 0 KB] Bytes per state: 12
[t=0.5s, 0 KB] Starting search: lazy_wastar(list(hff2, hlm2), preferred = list(hff2, hlm2), w = 3)
[t=0.5s, 0 KB] Conducting lazy best first search, (real) bound = 19
[t=0.5s, 0 KB] 4 initial landmarks, 4 goal landmarks
[t=0.5s, 0 KB] New best heuristic value for lmcount(lm_reasonable_orders_hps(lm_rhw), transform = adapt_costs(plusone), pref = true): 6
[t=0.5s, 0 KB] New best heuristic value for ff(transform = adapt_costs(plusone)): 14
[t=0.5s, 0 KB] g=0, 1 evaluated, 0 expanded
[t=0.5s, 0 KB] Initial heuristic value for lmcount(lm_reasonable_orders_hps(lm_rhw), transform = adapt_costs(plusone), pref = true): 6
[t=0.5s, 0 KB] Initial heuristic value for ff(transform = adapt_costs(plusone)): 14
[t=0.5s, 0 KB] New best heuristic value for ff(transform = adapt_costs(plusone)): 12
[t=0.5s, 0 KB] g=1, 3 evaluated, 2 expanded
[t=0.5s, 0 KB] New best heuristic value for lmcount(lm_reasonable_orders_hps(lm_rhw), transform = adapt_costs(plusone), pref = true): 4
[t=0.5s, 0 KB] New best heuristic value for ff(transform = adapt_costs(plusone)): 8
[t=0.5s, 0 KB] g=2, 4 evaluated, 3 expanded
[t=0.5s, 0 KB] New best heuristic value for lmcount(lm_reasonable_orders_hps(lm_rhw), transform = adapt_costs(plusone), pref = true): 3
[t=0.5s, 0 KB] New best heuristic value for ff(transform = adapt_costs(plusone)): 6
[t=0.5s, 0 KB] g=3, 5 evaluated, 4 expanded
[t=0.5s, 0 KB] New best heuristic value for ff(transform = adapt_costs(plusone)): 4
[t=0.5s, 0 KB] g=6, 22 evaluated, 21 expanded
[t=0.578125s, 0 KB] New best heuristic value for lmcount(lm_reasonable_orders_hps(lm_rhw), transform = adapt_costs(plusone), pref = true): 2
[t=0.578125s, 0 KB] New best heuristic value for ff(transform = adapt_costs(plusone)): 3
[t=0.578125s, 0 KB] g=16, 402 evaluated, 401 expanded, 78 reopened
[t=0.578125s, 0 KB] New best heuristic value for ff(transform = adapt_costs(plusone)): 2
[t=0.578125s, 0 KB] g=16, 412 evaluated, 411 expanded, 82 reopened
[t=0.578125s, 0 KB] Solution found!
[t=0.578125s, 0 KB] Actual search time: 0.078125s
move-count1-prev_th-type1-n to1 h1 v2 v3 (1)
move-count1-prev_to1-type1-n to3 h1 v1 v2 (1)
move-count1-prev_to3-type2-w th h1 h2 h3 v1 (1)
move-count1-prev_th-type1-w to4 h3 h4 v1 (1)
move-count1-prev_to4-type1-s to2 h4 v1 v2 (1)
move-count1-prev_to2-type5-e tsq h2 h3 h4 v2 v3 (1)
move-count1-prev_tsq-type1-e to3 h1 h2 v2 (1)
move-count0-prev_to3-type1-n to3 h2 v2 v3 (0)
move-count1-prev_to3-type2-n th h1 h2 v1 v2 (1)
move-count1-prev_th-type1-w to4 h2 h3 v1 (1)
move-count0-prev_to4-type1-w to4 h1 h2 v1 (0)
move-count1-prev_to4-type1-w to2 h3 h4 v1 (1)
move-count0-prev_to2-type1-w to2 h2 h3 v1 (0)
move-count1-prev_to2-type5-s tsq h3 h4 v1 v2 v3 (1)
move-count1-prev_tsq-type1-e to3 h2 h3 v3 (1)
move-count0-prev_to3-type1-e to3 h3 h4 v3 (0)
move-count1-prev_to3-type1-e to1 h1 h2 v3 (1)
move-count0-prev_to1-type1-e to1 h2 h3 v3 (0)
move-count1-prev_to1-type2-n th h1 h2 v2 v3 (1)
move-count1-prev_th-type1-n to4 h1 v1 v2 (1)
move-count1-prev_to4-type1-n to2 h2 v1 v2 (1)
move-count0-prev_to2-type1-s to2 h2 v1 v2 (0)
move-count0-prev_to2-type1-w to2 h1 h2 v1 (0)
move-count1-prev_to2-type5-w tsq h2 h3 h4 v1 v2 (1)
[t=0.578125s, 0 KB] Plan length: 24 step(s).
[t=0.578125s, 0 KB] Plan cost: 17
[t=0.578125s, 0 KB] Expanded 412 state(s).
[t=0.578125s, 0 KB] Reopened 82 state(s).
[t=0.578125s, 0 KB] Evaluated 413 state(s).
[t=0.578125s, 0 KB] Evaluations: 744
[t=0.578125s, 0 KB] Generated 1341 state(s).
[t=0.578125s, 0 KB] Dead ends: 0 state(s).
[t=0.578125s, 0 KB] Number of registered states: 331
[t=0.578125s, 0 KB] Int hash set load factor: 331/512 = 0.646484
[t=0.578125s, 0 KB] Int hash set resizes: 9
[t=0.578125s, 0 KB] Best solution cost so far: 17
[t=0.578125s, 0 KB] Solution found - keep searching
[t=0.578125s, 0 KB] Building successor generator...done!
[t=0.578125s, 0 KB] peak memory difference for successor generator creation: 0 KB
[t=0.578125s, 0 KB] time for successor generation creation: 0s
[t=0.578125s, 0 KB] Variables: 21
[t=0.578125s, 0 KB] FactPairs: 230
[t=0.578125s, 0 KB] Bytes per state: 12
[t=0.578125s, 0 KB] Starting search: lazy_wastar(list(hff2, hlm2), preferred = list(hff2, hlm2), w = 2)
[t=0.578125s, 0 KB] Conducting lazy best first search, (real) bound = 17
[t=0.578125s, 0 KB] 4 initial landmarks, 4 goal landmarks
[t=0.578125s, 0 KB] New best heuristic value for lmcount(lm_reasonable_orders_hps(lm_rhw), transform = adapt_costs(plusone), pref = true): 6
[t=0.578125s, 0 KB] New best heuristic value for ff(transform = adapt_costs(plusone)): 14
[t=0.578125s, 0 KB] g=0, 1 evaluated, 0 expanded
[t=0.578125s, 0 KB] Initial heuristic value for lmcount(lm_reasonable_orders_hps(lm_rhw), transform = adapt_costs(plusone), pref = true): 6
[t=0.578125s, 0 KB] Initial heuristic value for ff(transform = adapt_costs(plusone)): 14
[t=0.578125s, 0 KB] New best heuristic value for ff(transform = adapt_costs(plusone)): 12
[t=0.578125s, 0 KB] g=1, 3 evaluated, 2 expanded
[t=0.578125s, 0 KB] New best heuristic value for lmcount(lm_reasonable_orders_hps(lm_rhw), transform = adapt_costs(plusone), pref = true): 4
[t=0.578125s, 0 KB] New best heuristic value for ff(transform = adapt_costs(plusone)): 8
[t=0.578125s, 0 KB] g=2, 4 evaluated, 3 expanded
[t=0.578125s, 0 KB] New best heuristic value for lmcount(lm_reasonable_orders_hps(lm_rhw), transform = adapt_costs(plusone), pref = true): 3
[t=0.578125s, 0 KB] New best heuristic value for ff(transform = adapt_costs(plusone)): 6
[t=0.578125s, 0 KB] g=3, 5 evaluated, 4 expanded
[t=0.578125s, 0 KB] New best heuristic value for ff(transform = adapt_costs(plusone)): 4
[t=0.578125s, 0 KB] g=6, 21 evaluated, 20 expanded
[t=0.671875s, 0 KB] New best heuristic value for lmcount(lm_reasonable_orders_hps(lm_rhw), transform = adapt_costs(plusone), pref = true): 2
[t=0.671875s, 0 KB] New best heuristic value for ff(transform = adapt_costs(plusone)): 3
[t=0.671875s, 0 KB] g=16, 507 evaluated, 506 expanded, 123 reopened
[t=0.671875s, 0 KB] New best heuristic value for ff(transform = adapt_costs(plusone)): 2
[t=0.671875s, 0 KB] g=16, 511 evaluated, 510 expanded, 124 reopened
[t=0.671875s, 0 KB] Solution found!
[t=0.671875s, 0 KB] Actual search time: 0.09375s
move-count1-prev_th-type1-n to2 h4 v2 v3 (1)
move-count1-prev_to2-type1-n to4 h4 v1 v2 (1)
move-count1-prev_to4-type2-e th h2 h3 h4 v1 (1)
move-count1-prev_th-type1-e to3 h1 h2 v1 (1)
move-count1-prev_to3-type1-s to1 h1 v1 v2 (1)
move-count1-prev_to1-type5-w tsq h1 h2 h3 v2 v3 (1)
move-count1-prev_tsq-type1-w to4 h3 h4 v2 (1)
move-count0-prev_to4-type1-n to4 h3 v2 v3 (0)
move-count1-prev_to4-type2-n th h3 h4 v1 v2 (1)
move-count1-prev_th-type1-e to3 h2 h3 v1 (1)
move-count0-prev_to3-type1-e to3 h3 h4 v1 (0)
move-count1-prev_to3-type1-e to1 h1 h2 v1 (1)
move-count0-prev_to1-type1-e to1 h2 h3 v1 (0)
move-count1-prev_to1-type5-s tsq h1 h2 v1 v2 v3 (1)
move-count1-prev_tsq-type1-w to4 h2 h3 v3 (1)
move-count0-prev_to4-type1-w to4 h1 h2 v3 (0)
move-count1-prev_to4-type1-w to2 h3 h4 v3 (1)
move-count0-prev_to2-type1-w to2 h2 h3 v3 (0)
move-count1-prev_to2-type2-n th h3 h4 v2 v3 (1)
move-count1-prev_th-type1-n to1 h3 v1 v2 (1)
move-count0-prev_to1-type1-e to1 h3 h4 v2 (0)
move-count1-prev_to1-type5-e tsq h1 h2 h3 v1 v2 (1)
[t=0.671875s, 0 KB] Plan length: 22 step(s).
[t=0.671875s, 0 KB] Plan cost: 16
[t=0.671875s, 0 KB] Expanded 534 state(s).
[t=0.671875s, 0 KB] Reopened 127 state(s).
[t=0.671875s, 0 KB] Evaluated 535 state(s).
[t=0.671875s, 0 KB] Evaluations: 943
[t=0.671875s, 0 KB] Generated 1720 state(s).
[t=0.671875s, 0 KB] Dead ends: 0 state(s).
[t=0.671875s, 0 KB] Number of registered states: 408
[t=0.671875s, 0 KB] Int hash set load factor: 408/512 = 0.796875
[t=0.671875s, 0 KB] Int hash set resizes: 9
[t=0.671875s, 0 KB] Best solution cost so far: 16
[t=0.671875s, 0 KB] Solution found - keep searching
[t=0.671875s, 0 KB] Building successor generator...done!
[t=0.671875s, 0 KB] peak memory difference for successor generator creation: 0 KB
[t=0.671875s, 0 KB] time for successor generation creation: 0s
[t=0.671875s, 0 KB] Variables: 21
[t=0.671875s, 0 KB] FactPairs: 230
[t=0.671875s, 0 KB] Bytes per state: 12
[t=0.671875s, 0 KB] Starting search: lazy_wastar(list(hff2, hlm2), preferred = list(hff2, hlm2), w = 1)
[t=0.671875s, 0 KB] Conducting lazy best first search, (real) bound = 16
[t=0.671875s, 0 KB] 4 initial landmarks, 4 goal landmarks
[t=0.671875s, 0 KB] New best heuristic value for ff(transform = adapt_costs(plusone)): 14
[t=0.671875s, 0 KB] New best heuristic value for lmcount(lm_reasonable_orders_hps(lm_rhw), transform = adapt_costs(plusone), pref = true): 6
[t=0.671875s, 0 KB] g=0, 1 evaluated, 0 expanded
[t=0.671875s, 0 KB] Initial heuristic value for ff(transform = adapt_costs(plusone)): 14
[t=0.671875s, 0 KB] Initial heuristic value for lmcount(lm_reasonable_orders_hps(lm_rhw), transform = adapt_costs(plusone), pref = true): 6
[t=0.671875s, 0 KB] New best heuristic value for ff(transform = adapt_costs(plusone)): 12
[t=0.671875s, 0 KB] g=1, 3 evaluated, 2 expanded
[t=0.671875s, 0 KB] New best heuristic value for ff(transform = adapt_costs(plusone)): 8
[t=0.671875s, 0 KB] New best heuristic value for lmcount(lm_reasonable_orders_hps(lm_rhw), transform = adapt_costs(plusone), pref = true): 4
[t=0.671875s, 0 KB] g=2, 4 evaluated, 3 expanded
[t=0.671875s, 0 KB] New best heuristic value for ff(transform = adapt_costs(plusone)): 6
[t=0.671875s, 0 KB] New best heuristic value for lmcount(lm_reasonable_orders_hps(lm_rhw), transform = adapt_costs(plusone), pref = true): 3
[t=0.671875s, 0 KB] g=3, 6 evaluated, 5 expanded
[t=0.671875s, 0 KB] New best heuristic value for ff(transform = adapt_costs(plusone)): 4
[t=0.671875s, 0 KB] g=5, 27 evaluated, 26 expanded, 1 reopened
[t=0.78125s, 0 KB] New best heuristic value for ff(transform = adapt_costs(plusone)): 3
[t=0.78125s, 0 KB] New best heuristic value for lmcount(lm_reasonable_orders_hps(lm_rhw), transform = adapt_costs(plusone), pref = true): 2
[t=0.78125s, 0 KB] g=15, 548 evaluated, 547 expanded, 97 reopened
[t=0.78125s, 0 KB] New best heuristic value for ff(transform = adapt_costs(plusone)): 2
[t=0.78125s, 0 KB] g=15, 553 evaluated, 552 expanded, 98 reopened
[t=0.859375s, 0 KB] Completely explored state space -- no solution!
[t=0.859375s, 0 KB] Actual search time: 0.1875s
[t=0.859375s, 0 KB] Expanded 954 state(s).
[t=0.859375s, 0 KB] Reopened 152 state(s).
[t=0.859375s, 0 KB] Evaluated 954 state(s).
[t=0.859375s, 0 KB] Evaluations: 1756
[t=0.859375s, 0 KB] Generated 2945 state(s).
[t=0.859375s, 0 KB] Dead ends: 0 state(s).
[t=0.859375s, 0 KB] Number of registered states: 802
[t=0.859375s, 0 KB] Int hash set load factor: 802/1024 = 0.783203
[t=0.859375s, 0 KB] Int hash set resizes: 10
[t=0.859375s, 0 KB] Best solution cost so far: 16
[t=0.859375s, 0 KB] No solution found - keep searching
[t=0.859375s, 0 KB] Actual search time: 0.609375s
[t=0.859375s, 0 KB] Cumulative statistics:
[t=0.859375s, 0 KB] Expanded 3085 state(s).
[t=0.859375s, 0 KB] Reopened 410 state(s).
[t=0.859375s, 0 KB] Evaluated 3089 state(s).
[t=0.859375s, 0 KB] Evaluations: 5768
[t=0.859375s, 0 KB] Generated 9761 state(s).
[t=0.859375s, 0 KB] Dead ends: 0 state(s).
[t=0.859375s, 0 KB] Search time: 0.609375s
[t=0.859375s, 0 KB] Total time: 0.859375s
Solution found.
Peak memory: 0 KB
search exit code: 0

