INFO     Running translator.
INFO     translator stdin: None
INFO     translator time limit: None
INFO     translator memory limit: None
INFO     translator command line string: /usr/bin/python3 /home/bo198214/workspace/planner/downward/builds/release/bin/translate/translate.py /home/bo198214/workspace/slide_puzzle_gen/n8puzzle01-gen-domain.pddl /home/bo198214/workspace/slide_puzzle_gen/n8puzzle01-gen-problem.pddl --sas-file /home/bo198214/workspace/slide_puzzle_gen/solve-downward/n8puzzle01-gen.sas
Parsing...
Parsing: [0.000s CPU, 0.002s wall-clock]
Normalizing task... [0.000s CPU, 0.000s wall-clock]
Instantiating...
Generating Datalog program... [0.000s CPU, 0.000s wall-clock]
Normalizing Datalog program...
Normalizing Datalog program: [0.000s CPU, 0.003s wall-clock]
Preparing model... [0.000s CPU, 0.001s wall-clock]
Generated 33 rules.
Computing model... [0.010s CPU, 0.005s wall-clock]
328 relevant atoms
371 auxiliary atoms
699 final queue length
1011 total queue pushes
Completing instantiation... [0.000s CPU, 0.006s wall-clock]
Instantiating: [0.010s CPU, 0.016s wall-clock]
Computing fact groups...
Finding invariants...
7 initial candidates
Finding invariants: [0.000s CPU, 0.003s wall-clock]
Checking invariant weight... [0.000s CPU, 0.000s wall-clock]
Instantiating groups... [0.000s CPU, 0.000s wall-clock]
Collecting mutex groups... [0.000s CPU, 0.000s wall-clock]
Choosing groups...
0 uncovered facts
Choosing groups: [0.000s CPU, 0.000s wall-clock]
Building translation key... [0.000s CPU, 0.000s wall-clock]
Computing fact groups: [0.000s CPU, 0.004s wall-clock]
Building STRIPS to SAS dictionary... [0.000s CPU, 0.000s wall-clock]
Building dictionary for full mutex groups... [0.000s CPU, 0.000s wall-clock]
Building mutex information...
Building mutex information: [0.000s CPU, 0.000s wall-clock]
Translating task...
Processing axioms...
Simplifying axioms... [0.000s CPU, 0.000s wall-clock]
Translator axioms removed by simplifying: 0
Computing negative axioms... [0.000s CPU, 0.000s wall-clock]
Processing axioms: [0.000s CPU, 0.000s wall-clock]
Translating task: [0.020s CPU, 0.006s wall-clock]
0 effect conditions simplified
0 implied preconditions added
Detecting unreachable propositions...
0 operators removed
0 axioms removed
9 propositions removed
Detecting unreachable propositions: [0.000s CPU, 0.003s wall-clock]
Reordering and filtering variables...
9 of 9 variables necessary.
0 of 9 mutex groups necessary.
192 of 192 operators necessary.
0 of 0 axiom rules necessary.
Reordering and filtering variables: [0.000s CPU, 0.001s wall-clock]
Translator variables: 9
Translator derived variables: 0
Translator facts: 81
Translator goal facts: 9
Translator mutex groups: 0
Translator total mutex groups size: 0
Translator operators: 192
Translator axioms: 0
Translator task size: 1059
Translator peak memory: 0 KB
Writing output... [0.000s CPU, 0.004s wall-clock]
Done! [0.030s CPU, 0.036s wall-clock]
translate exit code: 0

INFO     Running search (release).
INFO     search stdin: /home/bo198214/workspace/slide_puzzle_gen/solve-downward/n8puzzle01-gen.sas
INFO     search time limit: None
INFO     search memory limit: None
INFO     search command line string: /home/bo198214/workspace/planner/downward/builds/release/bin/downward --if-unit-cost --evaluator 'hlm=lmcount(lm_reasonable_orders_hps(lm_rhw()),pref=true)' --evaluator 'hff=ff()' --search 'iterated([lazy_greedy([hff,hlm],preferred=[hff,hlm]),lazy_wastar([hff,hlm],preferred=[hff,hlm],w=5),lazy_wastar([hff,hlm],preferred=[hff,hlm],w=3),lazy_wastar([hff,hlm],preferred=[hff,hlm],w=2),lazy_wastar([hff,hlm],preferred=[hff,hlm],w=1)],repeat_last=true,continue_on_fail=true)' --if-non-unit-cost --evaluator 'hlm1=lmcount(lm_reasonable_orders_hps(lm_rhw()),transform=adapt_costs(one),pref=true)' --evaluator 'hff1=ff(transform=adapt_costs(one))' --evaluator 'hlm2=lmcount(lm_reasonable_orders_hps(lm_rhw()),transform=adapt_costs(plusone),pref=true)' --evaluator 'hff2=ff(transform=adapt_costs(plusone))' --search 'iterated([lazy_greedy([hff1,hlm1],preferred=[hff1,hlm1],cost_type=one,reopen_closed=false),lazy_greedy([hff2,hlm2],preferred=[hff2,hlm2],reopen_closed=false),lazy_wastar([hff2,hlm2],preferred=[hff2,hlm2],w=5),lazy_wastar([hff2,hlm2],preferred=[hff2,hlm2],w=3),lazy_wastar([hff2,hlm2],preferred=[hff2,hlm2],w=2),lazy_wastar([hff2,hlm2],preferred=[hff2,hlm2],w=1)],repeat_last=true,continue_on_fail=true)' --always --internal-plan-file /home/bo198214/workspace/slide_puzzle_gen/solve-downward/n8puzzle01-gen.txt < /home/bo198214/workspace/slide_puzzle_gen/solve-downward/n8puzzle01-gen.sas
[t=0s, 0 KB] reading input...
[t=0s, 0 KB] done reading input!
[t=0s, 0 KB] Initializing landmark count heuristic...
[t=0s, 0 KB] Generating landmark graph...
[t=0s, 0 KB] Building a landmark graph with reasonable orders.
[t=0s, 0 KB] Initializing Exploration...
[t=0s, 0 KB] Generating landmarks using the RPG/SAS+ approach
Removed 0 reasonable or obedient reasonable orders
[t=0s, 0 KB] Landmarks generation time: 0s
[t=0s, 0 KB] Discovered 36 landmarks, of which 13 are disjunctive and 0 are conjunctive.
[t=0s, 0 KB] 51 edges
[t=0s, 0 KB] approx. reasonable orders
[t=0s, 0 KB] approx. obedient reasonable orders
[t=0s, 0 KB] Removed 0 reasonable or obedient reasonable orders
[t=0s, 0 KB] Landmarks generation time: 0s
[t=0s, 0 KB] Discovered 36 landmarks, of which 13 are disjunctive and 0 are conjunctive.
[t=0s, 0 KB] 51 edges
[t=0s, 0 KB] Landmark graph generation time: 0s
[t=0s, 0 KB] Landmark graph contains 36 landmarks, of which 13 are disjunctive and 0 are conjunctive.
[t=0s, 0 KB] Landmark graph contains 51 orderings.
[t=0s, 0 KB] Simplifying 384 unary operators... done! [384 unary operators]
[t=0s, 0 KB] time to simplify: 0s
[t=0s, 0 KB] Initializing additive heuristic...
[t=0s, 0 KB] Initializing FF heuristic...
[t=0s, 0 KB] Building successor generator...done!
[t=0s, 0 KB] peak memory difference for successor generator creation: 0 KB
[t=0s, 0 KB] time for successor generation creation: 0s
[t=0s, 0 KB] Variables: 9
[t=0s, 0 KB] FactPairs: 81
[t=0s, 0 KB] Bytes per state: 8
[t=0s, 0 KB] Building successor generator...done!
[t=0s, 0 KB] peak memory difference for successor generator creation: 0 KB
[t=0s, 0 KB] time for successor generation creation: 0s
[t=0s, 0 KB] Variables: 9
[t=0s, 0 KB] FactPairs: 81
[t=0s, 0 KB] Bytes per state: 8
[t=0s, 0 KB] Starting search: lazy_greedy(list(hff, hlm), preferred = list(hff, hlm))
[t=0s, 0 KB] Conducting lazy best first search, (real) bound = 2147483647
[t=0s, 0 KB] 9 initial landmarks, 9 goal landmarks
[t=0s, 0 KB] New best heuristic value for lmcount(lm_reasonable_orders_hps(lm_rhw), pref = true): 27
[t=0s, 0 KB] New best heuristic value for ff: 26
[t=0s, 0 KB] g=0, 1 evaluated, 0 expanded
[t=0s, 0 KB] Initial heuristic value for lmcount(lm_reasonable_orders_hps(lm_rhw), pref = true): 27
[t=0s, 0 KB] Initial heuristic value for ff: 26
[t=0s, 0 KB] New best heuristic value for lmcount(lm_reasonable_orders_hps(lm_rhw), pref = true): 26
[t=0s, 0 KB] g=2, 4 evaluated, 3 expanded
[t=0s, 0 KB] New best heuristic value for lmcount(lm_reasonable_orders_hps(lm_rhw), pref = true): 25
[t=0s, 0 KB] New best heuristic value for ff: 25
[t=0s, 0 KB] g=4, 7 evaluated, 6 expanded
[t=0s, 0 KB] New best heuristic value for lmcount(lm_reasonable_orders_hps(lm_rhw), pref = true): 24
[t=0s, 0 KB] g=6, 11 evaluated, 10 expanded
[t=0s, 0 KB] New best heuristic value for lmcount(lm_reasonable_orders_hps(lm_rhw), pref = true): 23
[t=0s, 0 KB] g=9, 14 evaluated, 13 expanded
[t=0s, 0 KB] New best heuristic value for ff: 23
[t=0s, 0 KB] g=10, 15 evaluated, 14 expanded
[t=0s, 0 KB] New best heuristic value for lmcount(lm_reasonable_orders_hps(lm_rhw), pref = true): 22
[t=0s, 0 KB] New best heuristic value for ff: 22
[t=0s, 0 KB] g=11, 16 evaluated, 15 expanded
[t=0s, 0 KB] New best heuristic value for ff: 21
[t=0s, 0 KB] g=12, 17 evaluated, 16 expanded
[t=0s, 0 KB] New best heuristic value for lmcount(lm_reasonable_orders_hps(lm_rhw), pref = true): 21
[t=0s, 0 KB] New best heuristic value for ff: 20
[t=0s, 0 KB] g=13, 19 evaluated, 18 expanded
[t=0s, 0 KB] New best heuristic value for ff: 18
[t=0s, 0 KB] g=14, 21 evaluated, 20 expanded
[t=0s, 0 KB] New best heuristic value for lmcount(lm_reasonable_orders_hps(lm_rhw), pref = true): 20
[t=0s, 0 KB] g=15, 23 evaluated, 22 expanded
[t=0s, 0 KB] New best heuristic value for lmcount(lm_reasonable_orders_hps(lm_rhw), pref = true): 19
[t=0s, 0 KB] g=16, 25 evaluated, 24 expanded
[t=0s, 0 KB] New best heuristic value for lmcount(lm_reasonable_orders_hps(lm_rhw), pref = true): 18
[t=0s, 0 KB] New best heuristic value for ff: 16
[t=0s, 0 KB] g=17, 27 evaluated, 26 expanded
[t=0s, 0 KB] New best heuristic value for lmcount(lm_reasonable_orders_hps(lm_rhw), pref = true): 17
[t=0s, 0 KB] New best heuristic value for ff: 15
[t=0s, 0 KB] g=18, 28 evaluated, 27 expanded
[t=0s, 0 KB] New best heuristic value for lmcount(lm_reasonable_orders_hps(lm_rhw), pref = true): 16
[t=0s, 0 KB] g=19, 29 evaluated, 28 expanded
[t=0s, 0 KB] New best heuristic value for lmcount(lm_reasonable_orders_hps(lm_rhw), pref = true): 15
[t=0s, 0 KB] New best heuristic value for ff: 11
[t=0s, 0 KB] g=20, 30 evaluated, 29 expanded
[t=0s, 0 KB] New best heuristic value for lmcount(lm_reasonable_orders_hps(lm_rhw), pref = true): 14
[t=0s, 0 KB] g=21, 31 evaluated, 30 expanded
[t=0s, 0 KB] New best heuristic value for lmcount(lm_reasonable_orders_hps(lm_rhw), pref = true): 12
[t=0s, 0 KB] New best heuristic value for ff: 10
[t=0s, 0 KB] g=22, 32 evaluated, 31 expanded
[t=0s, 0 KB] New best heuristic value for lmcount(lm_reasonable_orders_hps(lm_rhw), pref = true): 10
[t=0s, 0 KB] New best heuristic value for ff: 8
[t=0s, 0 KB] g=23, 33 evaluated, 32 expanded
[t=0s, 0 KB] New best heuristic value for lmcount(lm_reasonable_orders_hps(lm_rhw), pref = true): 8
[t=0s, 0 KB] g=24, 34 evaluated, 33 expanded
[t=0s, 0 KB] New best heuristic value for lmcount(lm_reasonable_orders_hps(lm_rhw), pref = true): 6
[t=0s, 0 KB] New best heuristic value for ff: 6
[t=0s, 0 KB] g=25, 35 evaluated, 34 expanded
[t=0s, 0 KB] New best heuristic value for lmcount(lm_reasonable_orders_hps(lm_rhw), pref = true): 4
[t=0s, 0 KB] New best heuristic value for ff: 2
[t=0s, 0 KB] g=26, 36 evaluated, 35 expanded
[t=0s, 0 KB] New best heuristic value for lmcount(lm_reasonable_orders_hps(lm_rhw), pref = true): 2
[t=0s, 0 KB] New best heuristic value for ff: 1
[t=0s, 0 KB] g=27, 37 evaluated, 36 expanded
[t=0s, 0 KB] Solution found!
[t=0s, 0 KB] Actual search time: 0s
move-type_1-n tile6 h1 v2 v3 (1)
move-type_1-n tile3 h1 v1 v2 (1)
move-type_1-w tile2 h1 h2 v1 (1)
move-type_1-w tile1 h2 h3 v1 (1)
move-type_1-s tile4 h3 v1 v2 (1)
move-type_1-s tile7 h3 v2 v3 (1)
move-type_1-e tile8 h2 h3 v3 (1)
move-type_1-e tile6 h1 h2 v3 (1)
move-type_1-n tile3 h1 v2 v3 (1)
move-type_1-n tile2 h1 v1 v2 (1)
move-type_1-w tile1 h1 h2 v1 (1)
move-type_1-w tile4 h2 h3 v1 (1)
move-type_1-s tile7 h3 v1 v2 (1)
move-type_1-s tile8 h3 v2 v3 (1)
move-type_1-e tile6 h2 h3 v3 (1)
move-type_1-e tile3 h1 h2 v3 (1)
move-type_1-n tile2 h1 v2 v3 (1)
move-type_1-n tile1 h1 v1 v2 (1)
move-type_1-w tile4 h1 h2 v1 (1)
move-type_1-w tile7 h2 h3 v1 (1)
move-type_1-s tile8 h3 v1 v2 (1)
move-type_1-s tile6 h3 v2 v3 (1)
move-type_1-e tile3 h2 h3 v3 (1)
move-type_1-e tile2 h1 h2 v3 (1)
move-type_1-n tile1 h1 v2 v3 (1)
move-type_1-n tile4 h1 v1 v2 (1)
move-type_1-w tile7 h1 h2 v1 (1)
move-type_1-w tile8 h2 h3 v1 (1)
[t=0s, 0 KB] Plan length: 28 step(s).
[t=0s, 0 KB] Plan cost: 28
[t=0s, 0 KB] Expanded 37 state(s).
[t=0s, 0 KB] Reopened 0 state(s).
[t=0s, 0 KB] Evaluated 38 state(s).
[t=0s, 0 KB] Evaluations: 76
[t=0s, 0 KB] Generated 100 state(s).
[t=0s, 0 KB] Dead ends: 0 state(s).
[t=0s, 0 KB] Number of registered states: 38
[t=0s, 0 KB] Int hash set load factor: 38/64 = 0.59375
[t=0s, 0 KB] Int hash set resizes: 6
[t=0s, 0 KB] Best solution cost so far: 28
[t=0s, 0 KB] Solution found - keep searching
[t=0s, 0 KB] Building successor generator...done!
[t=0s, 0 KB] peak memory difference for successor generator creation: 0 KB
[t=0s, 0 KB] time for successor generation creation: 0s
[t=0s, 0 KB] Variables: 9
[t=0s, 0 KB] FactPairs: 81
[t=0s, 0 KB] Bytes per state: 8
[t=0s, 0 KB] Starting search: lazy_wastar(list(hff, hlm), preferred = list(hff, hlm), w = 5)
[t=0s, 0 KB] Conducting lazy best first search, (real) bound = 28
[t=0s, 0 KB] 9 initial landmarks, 9 goal landmarks
[t=0s, 0 KB] New best heuristic value for lmcount(lm_reasonable_orders_hps(lm_rhw), pref = true): 27
[t=0s, 0 KB] New best heuristic value for ff: 26
[t=0s, 0 KB] g=0, 1 evaluated, 0 expanded
[t=0s, 0 KB] Initial heuristic value for lmcount(lm_reasonable_orders_hps(lm_rhw), pref = true): 27
[t=0s, 0 KB] Initial heuristic value for ff: 26
[t=0s, 0 KB] New best heuristic value for lmcount(lm_reasonable_orders_hps(lm_rhw), pref = true): 26
[t=0s, 0 KB] g=2, 4 evaluated, 3 expanded
[t=0s, 0 KB] New best heuristic value for lmcount(lm_reasonable_orders_hps(lm_rhw), pref = true): 25
[t=0s, 0 KB] New best heuristic value for ff: 25
[t=0s, 0 KB] g=4, 7 evaluated, 6 expanded
[t=0s, 0 KB] New best heuristic value for lmcount(lm_reasonable_orders_hps(lm_rhw), pref = true): 24
[t=0s, 0 KB] g=6, 11 evaluated, 10 expanded
[t=0s, 0 KB] New best heuristic value for lmcount(lm_reasonable_orders_hps(lm_rhw), pref = true): 23
[t=0s, 0 KB] g=9, 18 evaluated, 17 expanded
[t=0s, 0 KB] New best heuristic value for ff: 23
[t=0s, 0 KB] g=10, 19 evaluated, 18 expanded
[t=0s, 0 KB] New best heuristic value for lmcount(lm_reasonable_orders_hps(lm_rhw), pref = true): 22
[t=0s, 0 KB] New best heuristic value for ff: 22
[t=0s, 0 KB] g=11, 20 evaluated, 19 expanded
[t=0s, 0 KB] New best heuristic value for ff: 21
[t=0s, 0 KB] g=12, 21 evaluated, 20 expanded
[t=0s, 0 KB] New best heuristic value for lmcount(lm_reasonable_orders_hps(lm_rhw), pref = true): 21
[t=0s, 0 KB] New best heuristic value for ff: 20
[t=0s, 0 KB] g=13, 23 evaluated, 22 expanded
[t=0s, 0 KB] New best heuristic value for ff: 18
[t=0s, 0 KB] g=14, 25 evaluated, 24 expanded
[t=0s, 0 KB] New best heuristic value for lmcount(lm_reasonable_orders_hps(lm_rhw), pref = true): 20
[t=0s, 0 KB] g=15, 27 evaluated, 26 expanded
[t=0s, 0 KB] New best heuristic value for lmcount(lm_reasonable_orders_hps(lm_rhw), pref = true): 19
[t=0s, 0 KB] g=16, 29 evaluated, 28 expanded
[t=0s, 0 KB] New best heuristic value for lmcount(lm_reasonable_orders_hps(lm_rhw), pref = true): 18
[t=0s, 0 KB] New best heuristic value for ff: 16
[t=0s, 0 KB] g=17, 31 evaluated, 30 expanded
[t=0s, 0 KB] New best heuristic value for lmcount(lm_reasonable_orders_hps(lm_rhw), pref = true): 17
[t=0s, 0 KB] New best heuristic value for ff: 15
[t=0s, 0 KB] g=18, 32 evaluated, 31 expanded
[t=0s, 0 KB] New best heuristic value for lmcount(lm_reasonable_orders_hps(lm_rhw), pref = true): 16
[t=0s, 0 KB] g=19, 33 evaluated, 32 expanded
[t=0s, 0 KB] New best heuristic value for lmcount(lm_reasonable_orders_hps(lm_rhw), pref = true): 15
[t=0s, 0 KB] New best heuristic value for ff: 11
[t=0s, 0 KB] g=20, 34 evaluated, 33 expanded
[t=0s, 0 KB] New best heuristic value for lmcount(lm_reasonable_orders_hps(lm_rhw), pref = true): 14
[t=0s, 0 KB] g=21, 35 evaluated, 34 expanded
[t=0s, 0 KB] New best heuristic value for lmcount(lm_reasonable_orders_hps(lm_rhw), pref = true): 12
[t=0s, 0 KB] New best heuristic value for ff: 10
[t=0s, 0 KB] g=22, 36 evaluated, 35 expanded
[t=0s, 0 KB] New best heuristic value for lmcount(lm_reasonable_orders_hps(lm_rhw), pref = true): 10
[t=0s, 0 KB] New best heuristic value for ff: 8
[t=0s, 0 KB] g=23, 37 evaluated, 36 expanded
[t=0s, 0 KB] New best heuristic value for lmcount(lm_reasonable_orders_hps(lm_rhw), pref = true): 8
[t=0s, 0 KB] g=24, 38 evaluated, 37 expanded
[t=0s, 0 KB] New best heuristic value for lmcount(lm_reasonable_orders_hps(lm_rhw), pref = true): 6
[t=0s, 0 KB] New best heuristic value for ff: 6
[t=0s, 0 KB] g=25, 39 evaluated, 38 expanded
[t=0s, 0 KB] New best heuristic value for lmcount(lm_reasonable_orders_hps(lm_rhw), pref = true): 4
[t=0s, 0 KB] New best heuristic value for ff: 2
[t=0s, 0 KB] g=26, 40 evaluated, 39 expanded
[t=0s, 0 KB] New best heuristic value for lmcount(lm_reasonable_orders_hps(lm_rhw), pref = true): 2
[t=0s, 0 KB] New best heuristic value for ff: 1
[t=0s, 0 KB] g=27, 41 evaluated, 40 expanded
[t=4.17188s, 0 KB] Completely explored state space -- no solution!
[t=4.17188s, 0 KB] Actual search time: 4.17188s
[t=4.17188s, 0 KB] Expanded 365715 state(s).
[t=4.17188s, 0 KB] Reopened 189168 state(s).
[t=4.17188s, 0 KB] Evaluated 365715 state(s).
[t=4.17188s, 0 KB] Evaluations: 542262
[t=4.17188s, 0 KB] Generated 991831 state(s).
[t=4.17188s, 0 KB] Dead ends: 0 state(s).
[t=4.17188s, 0 KB] Number of registered states: 176547
[t=4.17188s, 0 KB] Int hash set load factor: 176547/262144 = 0.673473
[t=4.17188s, 0 KB] Int hash set resizes: 18
[t=4.17188s, 0 KB] Best solution cost so far: 28
[t=4.17188s, 0 KB] No solution found - keep searching
[t=4.17188s, 0 KB] Building successor generator...done!
[t=4.17188s, 0 KB] peak memory difference for successor generator creation: 0 KB
[t=4.17188s, 0 KB] time for successor generation creation: 0s
[t=4.17188s, 0 KB] Variables: 9
[t=4.17188s, 0 KB] FactPairs: 81
[t=4.17188s, 0 KB] Bytes per state: 8
[t=4.17188s, 0 KB] Starting search: lazy_wastar(list(hff, hlm), preferred = list(hff, hlm), w = 3)
[t=4.17188s, 0 KB] Conducting lazy best first search, (real) bound = 28
[t=4.17188s, 0 KB] 9 initial landmarks, 9 goal landmarks
[t=4.17188s, 0 KB] New best heuristic value for lmcount(lm_reasonable_orders_hps(lm_rhw), pref = true): 27
[t=4.17188s, 0 KB] New best heuristic value for ff: 26
[t=4.17188s, 0 KB] g=0, 1 evaluated, 0 expanded
[t=4.17188s, 0 KB] Initial heuristic value for lmcount(lm_reasonable_orders_hps(lm_rhw), pref = true): 27
[t=4.17188s, 0 KB] Initial heuristic value for ff: 26
[t=4.17188s, 0 KB] New best heuristic value for lmcount(lm_reasonable_orders_hps(lm_rhw), pref = true): 26
[t=4.17188s, 0 KB] g=2, 4 evaluated, 3 expanded
[t=4.17188s, 0 KB] New best heuristic value for lmcount(lm_reasonable_orders_hps(lm_rhw), pref = true): 25
[t=4.17188s, 0 KB] New best heuristic value for ff: 25
[t=4.17188s, 0 KB] g=4, 7 evaluated, 6 expanded
[t=4.17188s, 0 KB] New best heuristic value for lmcount(lm_reasonable_orders_hps(lm_rhw), pref = true): 24
[t=4.17188s, 0 KB] g=6, 12 evaluated, 11 expanded
[t=4.17188s, 0 KB] New best heuristic value for lmcount(lm_reasonable_orders_hps(lm_rhw), pref = true): 23
[t=4.17188s, 0 KB] g=9, 21 evaluated, 20 expanded
[t=4.17188s, 0 KB] New best heuristic value for ff: 23
[t=4.17188s, 0 KB] g=10, 23 evaluated, 22 expanded
[t=4.17188s, 0 KB] New best heuristic value for lmcount(lm_reasonable_orders_hps(lm_rhw), pref = true): 22
[t=4.17188s, 0 KB] New best heuristic value for ff: 22
[t=4.17188s, 0 KB] g=11, 24 evaluated, 23 expanded
[t=4.17188s, 0 KB] New best heuristic value for ff: 21
[t=4.17188s, 0 KB] g=12, 25 evaluated, 24 expanded
[t=4.17188s, 0 KB] New best heuristic value for lmcount(lm_reasonable_orders_hps(lm_rhw), pref = true): 21
[t=4.17188s, 0 KB] New best heuristic value for ff: 20
[t=4.17188s, 0 KB] g=13, 27 evaluated, 26 expanded
[t=4.17188s, 0 KB] New best heuristic value for ff: 18
[t=4.17188s, 0 KB] g=14, 29 evaluated, 28 expanded
[t=4.17188s, 0 KB] New best heuristic value for lmcount(lm_reasonable_orders_hps(lm_rhw), pref = true): 20
[t=4.17188s, 0 KB] g=15, 31 evaluated, 30 expanded
[t=4.17188s, 0 KB] New best heuristic value for lmcount(lm_reasonable_orders_hps(lm_rhw), pref = true): 19
[t=4.17188s, 0 KB] g=16, 33 evaluated, 32 expanded
[t=4.17188s, 0 KB] New best heuristic value for lmcount(lm_reasonable_orders_hps(lm_rhw), pref = true): 18
[t=4.17188s, 0 KB] New best heuristic value for ff: 16
[t=4.17188s, 0 KB] g=17, 35 evaluated, 34 expanded
[t=4.17188s, 0 KB] New best heuristic value for lmcount(lm_reasonable_orders_hps(lm_rhw), pref = true): 17
[t=4.17188s, 0 KB] New best heuristic value for ff: 15
[t=4.17188s, 0 KB] g=18, 36 evaluated, 35 expanded
[t=4.17188s, 0 KB] New best heuristic value for lmcount(lm_reasonable_orders_hps(lm_rhw), pref = true): 16
[t=4.17188s, 0 KB] g=19, 37 evaluated, 36 expanded
[t=4.17188s, 0 KB] New best heuristic value for lmcount(lm_reasonable_orders_hps(lm_rhw), pref = true): 15
[t=4.17188s, 0 KB] New best heuristic value for ff: 11
[t=4.17188s, 0 KB] g=20, 38 evaluated, 37 expanded
[t=4.17188s, 0 KB] New best heuristic value for lmcount(lm_reasonable_orders_hps(lm_rhw), pref = true): 14
[t=4.17188s, 0 KB] g=21, 39 evaluated, 38 expanded
[t=4.17188s, 0 KB] New best heuristic value for lmcount(lm_reasonable_orders_hps(lm_rhw), pref = true): 12
[t=4.17188s, 0 KB] New best heuristic value for ff: 10
[t=4.17188s, 0 KB] g=22, 40 evaluated, 39 expanded
[t=4.17188s, 0 KB] New best heuristic value for lmcount(lm_reasonable_orders_hps(lm_rhw), pref = true): 10
[t=4.17188s, 0 KB] New best heuristic value for ff: 8
[t=4.17188s, 0 KB] g=23, 41 evaluated, 40 expanded
[t=4.17188s, 0 KB] New best heuristic value for lmcount(lm_reasonable_orders_hps(lm_rhw), pref = true): 8
[t=4.17188s, 0 KB] g=24, 42 evaluated, 41 expanded
[t=4.17188s, 0 KB] New best heuristic value for lmcount(lm_reasonable_orders_hps(lm_rhw), pref = true): 6
[t=4.17188s, 0 KB] New best heuristic value for ff: 6
[t=4.17188s, 0 KB] g=25, 43 evaluated, 42 expanded
[t=4.17188s, 0 KB] New best heuristic value for lmcount(lm_reasonable_orders_hps(lm_rhw), pref = true): 4
[t=4.17188s, 0 KB] New best heuristic value for ff: 2
[t=4.17188s, 0 KB] g=26, 44 evaluated, 43 expanded
[t=4.17188s, 0 KB] New best heuristic value for lmcount(lm_reasonable_orders_hps(lm_rhw), pref = true): 2
[t=4.17188s, 0 KB] New best heuristic value for ff: 1
[t=4.17188s, 0 KB] g=27, 45 evaluated, 44 expanded
[t=8.14062s, 0 KB] Completely explored state space -- no solution!
[t=8.14062s, 0 KB] Actual search time: 3.96875s
[t=8.14062s, 0 KB] Expanded 328721 state(s).
[t=8.14062s, 0 KB] Reopened 152174 state(s).
[t=8.14062s, 0 KB] Evaluated 328721 state(s).
[t=8.14062s, 0 KB] Evaluations: 505268
[t=8.14062s, 0 KB] Generated 890882 state(s).
[t=8.14062s, 0 KB] Dead ends: 0 state(s).
[t=8.14062s, 0 KB] Number of registered states: 176547
[t=8.14062s, 0 KB] Int hash set load factor: 176547/262144 = 0.673473
[t=8.14062s, 0 KB] Int hash set resizes: 18
[t=8.14062s, 0 KB] Best solution cost so far: 28
[t=8.14062s, 0 KB] No solution found - keep searching
[t=8.14062s, 0 KB] Building successor generator...done!
[t=8.14062s, 0 KB] peak memory difference for successor generator creation: 0 KB
[t=8.14062s, 0 KB] time for successor generation creation: 0s
[t=8.14062s, 0 KB] Variables: 9
[t=8.14062s, 0 KB] FactPairs: 81
[t=8.14062s, 0 KB] Bytes per state: 8
[t=8.14062s, 0 KB] Starting search: lazy_wastar(list(hff, hlm), preferred = list(hff, hlm), w = 2)
[t=8.14062s, 0 KB] Conducting lazy best first search, (real) bound = 28
[t=8.14062s, 0 KB] 9 initial landmarks, 9 goal landmarks
[t=8.14062s, 0 KB] New best heuristic value for lmcount(lm_reasonable_orders_hps(lm_rhw), pref = true): 27
[t=8.14062s, 0 KB] New best heuristic value for ff: 26
[t=8.14062s, 0 KB] g=0, 1 evaluated, 0 expanded
[t=8.14062s, 0 KB] Initial heuristic value for lmcount(lm_reasonable_orders_hps(lm_rhw), pref = true): 27
[t=8.14062s, 0 KB] Initial heuristic value for ff: 26
[t=8.14062s, 0 KB] New best heuristic value for lmcount(lm_reasonable_orders_hps(lm_rhw), pref = true): 26
[t=8.14062s, 0 KB] g=2, 4 evaluated, 3 expanded
[t=8.14062s, 0 KB] New best heuristic value for lmcount(lm_reasonable_orders_hps(lm_rhw), pref = true): 25
[t=8.14062s, 0 KB] New best heuristic value for ff: 25
[t=8.14062s, 0 KB] g=4, 13 evaluated, 12 expanded
[t=8.14062s, 0 KB] New best heuristic value for lmcount(lm_reasonable_orders_hps(lm_rhw), pref = true): 24
[t=8.14062s, 0 KB] g=6, 22 evaluated, 21 expanded
[t=8.14062s, 0 KB] New best heuristic value for ff: 24
[t=8.14062s, 0 KB] g=8, 36 evaluated, 35 expanded
[t=8.14062s, 0 KB] New best heuristic value for lmcount(lm_reasonable_orders_hps(lm_rhw), pref = true): 23
[t=8.14062s, 0 KB] g=9, 43 evaluated, 42 expanded
[t=8.14062s, 0 KB] New best heuristic value for ff: 23
[t=8.14062s, 0 KB] g=10, 44 evaluated, 43 expanded
[t=8.14062s, 0 KB] New best heuristic value for lmcount(lm_reasonable_orders_hps(lm_rhw), pref = true): 22
[t=8.14062s, 0 KB] New best heuristic value for ff: 22
[t=8.14062s, 0 KB] g=11, 62 evaluated, 61 expanded
[t=8.14062s, 0 KB] New best heuristic value for ff: 21
[t=8.14062s, 0 KB] g=12, 63 evaluated, 62 expanded
[t=8.14062s, 0 KB] New best heuristic value for lmcount(lm_reasonable_orders_hps(lm_rhw), pref = true): 21
[t=8.14062s, 0 KB] New best heuristic value for ff: 20
[t=8.14062s, 0 KB] g=13, 65 evaluated, 64 expanded
[t=8.14062s, 0 KB] New best heuristic value for ff: 18
[t=8.14062s, 0 KB] g=14, 67 evaluated, 66 expanded
[t=8.14062s, 0 KB] New best heuristic value for lmcount(lm_reasonable_orders_hps(lm_rhw), pref = true): 20
[t=8.14062s, 0 KB] g=16, 74 evaluated, 73 expanded
[t=8.14062s, 0 KB] New best heuristic value for lmcount(lm_reasonable_orders_hps(lm_rhw), pref = true): 19
[t=8.14062s, 0 KB] g=16, 84 evaluated, 83 expanded
[t=8.14062s, 0 KB] New best heuristic value for lmcount(lm_reasonable_orders_hps(lm_rhw), pref = true): 18
[t=8.14062s, 0 KB] New best heuristic value for ff: 16
[t=8.14062s, 0 KB] g=17, 85 evaluated, 84 expanded
[t=8.14062s, 0 KB] New best heuristic value for lmcount(lm_reasonable_orders_hps(lm_rhw), pref = true): 17
[t=8.14062s, 0 KB] New best heuristic value for ff: 15
[t=8.14062s, 0 KB] g=18, 86 evaluated, 85 expanded
[t=8.14062s, 0 KB] New best heuristic value for lmcount(lm_reasonable_orders_hps(lm_rhw), pref = true): 16
[t=8.14062s, 0 KB] g=19, 87 evaluated, 86 expanded
[t=8.14062s, 0 KB] New best heuristic value for lmcount(lm_reasonable_orders_hps(lm_rhw), pref = true): 15
[t=8.14062s, 0 KB] New best heuristic value for ff: 11
[t=8.14062s, 0 KB] g=20, 88 evaluated, 87 expanded
[t=8.14062s, 0 KB] New best heuristic value for lmcount(lm_reasonable_orders_hps(lm_rhw), pref = true): 14
[t=8.14062s, 0 KB] g=21, 89 evaluated, 88 expanded
[t=8.14062s, 0 KB] New best heuristic value for lmcount(lm_reasonable_orders_hps(lm_rhw), pref = true): 12
[t=8.14062s, 0 KB] New best heuristic value for ff: 10
[t=8.14062s, 0 KB] g=22, 90 evaluated, 89 expanded
[t=8.14062s, 0 KB] New best heuristic value for lmcount(lm_reasonable_orders_hps(lm_rhw), pref = true): 10
[t=8.14062s, 0 KB] New best heuristic value for ff: 8
[t=8.14062s, 0 KB] g=23, 91 evaluated, 90 expanded
[t=8.14062s, 0 KB] New best heuristic value for lmcount(lm_reasonable_orders_hps(lm_rhw), pref = true): 8
[t=8.14062s, 0 KB] g=24, 92 evaluated, 91 expanded
[t=8.14062s, 0 KB] New best heuristic value for lmcount(lm_reasonable_orders_hps(lm_rhw), pref = true): 6
[t=8.14062s, 0 KB] New best heuristic value for ff: 6
[t=8.14062s, 0 KB] g=25, 93 evaluated, 92 expanded
[t=8.14062s, 0 KB] New best heuristic value for lmcount(lm_reasonable_orders_hps(lm_rhw), pref = true): 4
[t=8.14062s, 0 KB] New best heuristic value for ff: 2
[t=8.14062s, 0 KB] g=26, 94 evaluated, 93 expanded
[t=8.14062s, 0 KB] New best heuristic value for lmcount(lm_reasonable_orders_hps(lm_rhw), pref = true): 2
[t=8.14062s, 0 KB] New best heuristic value for ff: 1
[t=8.14062s, 0 KB] g=27, 95 evaluated, 94 expanded
[t=11.6094s, 0 KB] Completely explored state space -- no solution!
[t=11.6094s, 0 KB] Actual search time: 3.46875s
[t=11.6094s, 0 KB] Expanded 265358 state(s).
[t=11.6094s, 0 KB] Reopened 88811 state(s).
[t=11.6094s, 0 KB] Evaluated 265358 state(s).
[t=11.6094s, 0 KB] Evaluations: 441905
[t=11.6094s, 0 KB] Generated 717477 state(s).
[t=11.6094s, 0 KB] Dead ends: 0 state(s).
[t=11.6094s, 0 KB] Number of registered states: 176547
[t=11.6094s, 0 KB] Int hash set load factor: 176547/262144 = 0.673473
[t=11.6094s, 0 KB] Int hash set resizes: 18
[t=11.6094s, 0 KB] Best solution cost so far: 28
[t=11.6094s, 0 KB] No solution found - keep searching
[t=11.6094s, 0 KB] Building successor generator...done!
[t=11.6094s, 0 KB] peak memory difference for successor generator creation: 0 KB
[t=11.6094s, 0 KB] time for successor generation creation: 0s
[t=11.6094s, 0 KB] Variables: 9
[t=11.6094s, 0 KB] FactPairs: 81
[t=11.6094s, 0 KB] Bytes per state: 8
[t=11.6094s, 0 KB] Starting search: lazy_wastar(list(hff, hlm), preferred = list(hff, hlm), w = 1)
[t=11.6094s, 0 KB] Conducting lazy best first search, (real) bound = 28
[t=11.6094s, 0 KB] 9 initial landmarks, 9 goal landmarks
[t=11.6094s, 0 KB] New best heuristic value for ff: 26
[t=11.6094s, 0 KB] New best heuristic value for lmcount(lm_reasonable_orders_hps(lm_rhw), pref = true): 27
[t=11.6094s, 0 KB] g=0, 1 evaluated, 0 expanded
[t=11.6094s, 0 KB] Initial heuristic value for ff: 26
[t=11.625s, 0 KB] Initial heuristic value for lmcount(lm_reasonable_orders_hps(lm_rhw), pref = true): 27
[t=11.625s, 0 KB] New best heuristic value for lmcount(lm_reasonable_orders_hps(lm_rhw), pref = true): 26
[t=11.625s, 0 KB] g=2, 4 evaluated, 3 expanded
[t=11.625s, 0 KB] New best heuristic value for ff: 25
[t=11.625s, 0 KB] New best heuristic value for lmcount(lm_reasonable_orders_hps(lm_rhw), pref = true): 25
[t=11.625s, 0 KB] g=4, 13 evaluated, 12 expanded
[t=11.625s, 0 KB] New best heuristic value for lmcount(lm_reasonable_orders_hps(lm_rhw), pref = true): 24
[t=11.625s, 0 KB] g=6, 34 evaluated, 33 expanded
[t=11.625s, 0 KB] New best heuristic value for ff: 24
[t=11.625s, 0 KB] g=8, 94 evaluated, 93 expanded
[t=11.625s, 0 KB] New best heuristic value for lmcount(lm_reasonable_orders_hps(lm_rhw), pref = true): 23
[t=11.625s, 0 KB] g=9, 138 evaluated, 137 expanded
[t=11.625s, 0 KB] New best heuristic value for ff: 23
[t=11.625s, 0 KB] g=8, 172 evaluated, 171 expanded
[t=11.625s, 0 KB] New best heuristic value for lmcount(lm_reasonable_orders_hps(lm_rhw), pref = true): 22
[t=11.625s, 0 KB] g=9, 210 evaluated, 209 expanded
[t=11.625s, 0 KB] New best heuristic value for ff: 22
[t=11.625s, 0 KB] New best heuristic value for lmcount(lm_reasonable_orders_hps(lm_rhw), pref = true): 21
[t=11.625s, 0 KB] g=10, 211 evaluated, 210 expanded
[t=11.625s, 0 KB] New best heuristic value for lmcount(lm_reasonable_orders_hps(lm_rhw), pref = true): 20
[t=11.625s, 0 KB] g=11, 213 evaluated, 212 expanded
[t=11.625s, 0 KB] New best heuristic value for ff: 21
[t=11.625s, 0 KB] g=12, 215 evaluated, 214 expanded
[t=11.625s, 0 KB] New best heuristic value for ff: 20
[t=11.625s, 0 KB] g=12, 243 evaluated, 242 expanded
[t=11.625s, 0 KB] New best heuristic value for ff: 19
[t=11.625s, 0 KB] New best heuristic value for lmcount(lm_reasonable_orders_hps(lm_rhw), pref = true): 19
[t=11.625s, 0 KB] g=13, 276 evaluated, 275 expanded
[t=11.625s, 0 KB] New best heuristic value for lmcount(lm_reasonable_orders_hps(lm_rhw), pref = true): 18
[t=11.625s, 0 KB] g=14, 296 evaluated, 295 expanded
[t=11.625s, 0 KB] New best heuristic value for ff: 17
[t=11.625s, 0 KB] g=15, 383 evaluated, 382 expanded
[t=11.625s, 0 KB] New best heuristic value for lmcount(lm_reasonable_orders_hps(lm_rhw), pref = true): 16
[t=11.625s, 0 KB] g=15, 386 evaluated, 385 expanded
[t=11.625s, 0 KB] New best heuristic value for ff: 16
[t=11.625s, 0 KB] g=16, 387 evaluated, 386 expanded
[t=11.625s, 0 KB] New best heuristic value for ff: 15
[t=11.625s, 0 KB] g=17, 388 evaluated, 387 expanded
[t=11.625s, 0 KB] New best heuristic value for lmcount(lm_reasonable_orders_hps(lm_rhw), pref = true): 15
[t=11.625s, 0 KB] g=16, 389 evaluated, 388 expanded
[t=11.625s, 0 KB] New best heuristic value for lmcount(lm_reasonable_orders_hps(lm_rhw), pref = true): 14
[t=11.625s, 0 KB] g=17, 391 evaluated, 390 expanded
[t=11.625s, 0 KB] New best heuristic value for lmcount(lm_reasonable_orders_hps(lm_rhw), pref = true): 13
[t=11.625s, 0 KB] g=18, 393 evaluated, 392 expanded
[t=11.6406s, 0 KB] New best heuristic value for ff: 14
[t=11.6406s, 0 KB] g=19, 1003 evaluated, 1002 expanded
[t=11.6406s, 0 KB] New best heuristic value for ff: 13
[t=11.6406s, 0 KB] g=20, 1216 evaluated, 1215 expanded
[t=11.6406s, 0 KB] New best heuristic value for lmcount(lm_reasonable_orders_hps(lm_rhw), pref = true): 11
[t=11.6406s, 0 KB] g=19, 1308 evaluated, 1307 expanded
[t=11.6406s, 0 KB] New best heuristic value for lmcount(lm_reasonable_orders_hps(lm_rhw), pref = true): 9
[t=11.6406s, 0 KB] g=20, 1310 evaluated, 1309 expanded
[t=11.6406s, 0 KB] New best heuristic value for ff: 12
[t=11.6406s, 0 KB] g=21, 1312 evaluated, 1311 expanded
[t=11.6406s, 0 KB] New best heuristic value for ff: 11
[t=11.6406s, 0 KB] g=22, 1314 evaluated, 1313 expanded
[t=11.6406s, 0 KB] New best heuristic value for ff: 9
[t=11.6406s, 0 KB] g=24, 1858 evaluated, 1857 expanded
[t=11.6562s, 0 KB] New best heuristic value for ff: 8
[t=11.6562s, 0 KB] g=23, 2254 evaluated, 2253 expanded, 1 reopened
[t=11.6562s, 0 KB] New best heuristic value for ff: 4
[t=11.6562s, 0 KB] New best heuristic value for lmcount(lm_reasonable_orders_hps(lm_rhw), pref = true): 8
[t=11.6562s, 0 KB] g=24, 2255 evaluated, 2254 expanded, 1 reopened
[t=11.6562s, 0 KB] New best heuristic value for lmcount(lm_reasonable_orders_hps(lm_rhw), pref = true): 6
[t=11.6562s, 0 KB] g=25, 2256 evaluated, 2255 expanded, 1 reopened
[t=11.6562s, 0 KB] New best heuristic value for ff: 2
[t=11.6562s, 0 KB] New best heuristic value for lmcount(lm_reasonable_orders_hps(lm_rhw), pref = true): 4
[t=11.6562s, 0 KB] g=26, 2257 evaluated, 2256 expanded, 1 reopened
[t=11.6562s, 0 KB] New best heuristic value for ff: 1
[t=11.6562s, 0 KB] New best heuristic value for lmcount(lm_reasonable_orders_hps(lm_rhw), pref = true): 2
[t=11.6562s, 0 KB] g=27, 2258 evaluated, 2257 expanded, 1 reopened
[t=14.5s, 0 KB] Completely explored state space -- no solution!
[t=14.5s, 0 KB] Actual search time: 2.89062s
[t=14.5s, 0 KB] Expanded 194045 state(s).
[t=14.5s, 0 KB] Reopened 17498 state(s).
[t=14.5s, 0 KB] Evaluated 194045 state(s).
[t=14.5s, 0 KB] Evaluations: 370592
[t=14.5s, 0 KB] Generated 520972 state(s).
[t=14.5s, 0 KB] Dead ends: 0 state(s).
[t=14.5s, 0 KB] Number of registered states: 176547
[t=14.5s, 0 KB] Int hash set load factor: 176547/262144 = 0.673473
[t=14.5s, 0 KB] Int hash set resizes: 18
[t=14.5s, 0 KB] Best solution cost so far: 28
[t=14.5s, 0 KB] No solution found - keep searching
[t=14.5s, 0 KB] Actual search time: 14.5s
[t=14.5s, 0 KB] Cumulative statistics:
[t=14.5s, 0 KB] Expanded 1153876 state(s).
[t=14.5s, 0 KB] Reopened 447651 state(s).
[t=14.5s, 0 KB] Evaluated 1153877 state(s).
[t=14.5s, 0 KB] Evaluations: 1860103
[t=14.5s, 0 KB] Generated 3121262 state(s).
[t=14.5s, 0 KB] Dead ends: 0 state(s).
[t=14.5s, 0 KB] Search time: 14.5s
[t=14.5s, 0 KB] Total time: 14.5s
Solution found.
Peak memory: 0 KB
search exit code: 0

